PRT1
415
919
4 0 48 (2480 2048 -32 ) (2480 2048 -608 ) (2720 2048 -608 ) (2720 2048 -32 ) 
4 0 13 (2480 2048 -16 ) (2480 2048 -32 ) (2720 2048 -32 ) (2720 2048 -16 ) 
4 0 12 (2480 2048 416 ) (2480 2048 -16 ) (2720 2048 -16 ) (2720 2048 416 ) 
4 0 7 (2720 2048 1056 ) (2480 2048 1056 ) (2480 2048 416 ) (2720 2048 416 ) 
4 0 2 (2480 2048 -16 ) (2480 2048 1056 ) (2480 2064 1056 ) (2480 2064 -16 ) 
4 0 1 (2480 2064 1056 ) (2480 2304 1056 ) (2480 2304 -608 ) (2480 2064 -608 ) 
4 1 5 (2048 2064 -608 ) (2048 2064 1056 ) (2048 2304 1056 ) (2048 2304 -608 ) 
4 1 4 (2192 2064 1056 ) (2048 2064 1056 ) (2048 2064 -608 ) (2192 2064 -608 ) 
4 1 3 (2464 2064 1056 ) (2192 2064 1056 ) (2192 2064 -16 ) (2464 2064 -16 ) 
4 1 2 (2480 2064 -16 ) (2480 2064 1056 ) (2464 2064 1056 ) (2464 2064 -16 ) 
4 2 12 (2480 2048 -16 ) (2480 2048 416 ) (2464 2048 416 ) (2464 2048 -16 ) 
4 2 7 (2480 2048 416 ) (2480 2048 1056 ) (2464 2048 1056 ) (2464 2048 416 ) 
4 2 3 (2464 2064 1056 ) (2464 2064 -16 ) (2464 2048 -16 ) (2464 2048 1056 ) 
4 3 12 (2464 2048 -16 ) (2464 2048 416 ) (2192 2048 416 ) (2192 2048 -16 ) 
4 3 7 (2464 2048 416 ) (2464 2048 1056 ) (2192 2048 1056 ) (2192 2048 416 ) 
4 3 4 (2192 2064 1056 ) (2192 2064 -16 ) (2192 2048 -16 ) (2192 2048 1056 ) 
4 4 50 (2192 2048 -608 ) (2192 2048 -32 ) (2048 2048 -32 ) (2048 2048 -608 ) 
4 4 15 (2192 2048 -32 ) (2192 2048 -16 ) (2048 2048 -16 ) (2048 2048 -32 ) 
4 4 12 (2192 2048 -16 ) (2192 2048 416 ) (2048 2048 416 ) (2048 2048 -16 ) 
4 4 7 (2192 2048 416 ) (2192 2048 1056 ) (2048 2048 1056 ) (2048 2048 416 ) 
4 4 5 (2048 2048 -608 ) (2048 2048 1056 ) (2048 2064 1056 ) (2048 2064 -608 ) 
4 5 58 (2048 2048 -608 ) (2048 2048 128 ) (1952 2048 128 ) (1952 2048 -608 ) 
4 5 56 (2048 2048 128 ) (2048 2048 160 ) (1952 2048 160 ) (1952 2048 128 ) 
4 5 55 (2048 2048 160 ) (2048 2048 256 ) (1952 2048 256 ) (1952 2048 160 ) 
4 5 54 (2048 2048 256 ) (2048 2048 1056 ) (1952 2048 1056 ) (1952 2048 256 ) 
4 6 7 (2208 2048 1056 ) (2464 2048 1056 ) (2464 1792 1056 ) (2208 1792 1056 ) 
4 7 54 (2048 2048 1056 ) (2048 2048 416 ) (2048 1600 416 ) (2048 1600 1056 ) 
4 7 17 (2192 1792 416 ) (2480 1792 416 ) (2480 1776 416 ) (2192 1776 416 ) 
4 7 18 (2480 1776 416 ) (2480 1600 416 ) (2192 1600 416 ) (2192 1776 416 ) 
4 7 16 (2480 1792 416 ) (2720 1792 416 ) (2720 1600 416 ) (2480 1600 416 ) 
4 7 19 (2048 1600 416 ) (2048 1792 416 ) (2192 1792 416 ) (2192 1600 416 ) 
4 7 12 (2048 1792 416 ) (2048 2048 416 ) (2720 2048 416 ) (2720 1792 416 ) 
4 8 21 (2400 1408 416 ) (2432 1408 416 ) (2432 1344 416 ) (2400 1344 416 ) 
4 8 10 (2400 1408 478 ) (2400 1408 416 ) (2400 1344 416 ) (2400 1344 478 ) 
4 8 9 (2400 1408 480 ) (2400 1408 478 ) (2400 1344 478 ) (2400 1344 480 ) 
4 9 11 (2272 1408 480 ) (2272 1408 478 ) (2272 1344 478 ) (2272 1344 480 ) 
4 9 10 (2272 1344 478 ) (2272 1408 478 ) (2400 1408 478 ) (2400 1344 478 ) 
4 10 25 (2272 1408 416 ) (2400 1408 416 ) (2400 1344 416 ) (2272 1344 416 ) 
4 10 11 (2272 1408 478 ) (2272 1408 416 ) (2272 1344 416 ) (2272 1344 478 ) 
4 11 28 (2240 1408 416 ) (2272 1408 416 ) (2272 1344 416 ) (2240 1344 416 ) 
4 12 58 (2048 2048 128 ) (2048 2048 -16 ) (2048 1792 -16 ) (2048 1792 128 ) 
4 12 56 (2048 2048 160 ) (2048 2048 128 ) (2048 1792 128 ) (2048 1792 160 ) 
4 12 55 (2048 2048 256 ) (2048 2048 160 ) (2048 1792 160 ) (2048 1792 256 ) 
4 12 54 (2048 2048 416 ) (2048 2048 256 ) (2048 1792 256 ) (2048 1792 416 ) 
4 12 17 (2480 1792 416 ) (2192 1792 416 ) (2192 1792 -16 ) (2480 1792 -16 ) 
4 12 16 (2720 1792 -16 ) (2720 1792 416 ) (2480 1792 416 ) (2480 1792 -16 ) 
4 12 19 (2192 1792 416 ) (2048 1792 416 ) (2048 1792 -16 ) (2192 1792 -16 ) 
4 12 14 (2464 1792 -16 ) (2208 1792 -16 ) (2208 2048 -16 ) (2464 2048 -16 ) 
4 12 15 (2192 1792 -16 ) (2048 1792 -16 ) (2048 2048 -16 ) (2192 2048 -16 ) 
4 12 13 (2720 2048 -16 ) (2720 1792 -16 ) (2480 1792 -16 ) (2480 2048 -16 ) 
4 13 48 (2480 2048 -32 ) (2720 2048 -32 ) (2720 1792 -32 ) (2480 1792 -32 ) 
4 13 16 (2480 1792 -32 ) (2720 1792 -32 ) (2720 1792 -16 ) (2480 1792 -16 ) 
4 14 49 (2208 2048 -32 ) (2464 2048 -32 ) (2464 1792 -32 ) (2208 1792 -32 ) 
4 15 58 (2048 2048 -16 ) (2048 2048 -32 ) (2048 1792 -32 ) (2048 1792 -16 ) 
4 15 50 (2048 1792 -32 ) (2048 2048 -32 ) (2192 2048 -32 ) (2192 1792 -32 ) 
4 15 19 (2048 1792 -32 ) (2192 1792 -32 ) (2192 1792 -16 ) (2048 1792 -16 ) 
4 16 48 (2480 1792 -32 ) (2720 1792 -32 ) (2720 1600 -32 ) (2480 1600 -32 ) 
4 16 17 (2480 1792 416 ) (2480 1792 -16 ) (2480 1776 -16 ) (2480 1776 416 ) 
4 16 18 (2480 1776 -32 ) (2480 1600 -32 ) (2480 1600 416 ) (2480 1776 416 ) 
4 17 18 (2192 1776 416 ) (2192 1776 -16 ) (2480 1776 -16 ) (2480 1776 416 ) 
4 17 19 (2192 1792 416 ) (2192 1792 -16 ) (2192 1776 -16 ) (2192 1776 416 ) 
4 18 52 (2480 1776 -32 ) (2480 1600 -32 ) (2192 1600 -32 ) (2192 1776 -32 ) 
4 18 20 (2400 1600 416 ) (2272 1600 416 ) (2272 1600 160 ) (2400 1600 160 ) 
4 18 19 (2192 1776 -32 ) (2192 1600 -32 ) (2192 1600 416 ) (2192 1776 416 ) 
4 19 58 (2048 1792 -32 ) (2048 1600 -32 ) (2048 1600 128 ) (2048 1792 128 ) 
4 19 56 (2048 1600 128 ) (2048 1600 160 ) (2048 1792 160 ) (2048 1792 128 ) 
4 19 55 (2048 1600 160 ) (2048 1600 256 ) (2048 1792 256 ) (2048 1792 160 ) 
4 19 54 (2048 1600 256 ) (2048 1600 416 ) (2048 1792 416 ) (2048 1792 256 ) 
4 19 52 (2048 1600 -32 ) (2048 1776 -32 ) (2192 1776 -32 ) (2192 1600 -32 ) 
4 19 51 (2048 1776 -32 ) (2048 1792 -32 ) (2192 1792 -32 ) (2192 1776 -32 ) 
4 20 31 (2272 1536 288 ) (2272 1536 160 ) (2400 1536 160 ) (2400 1536 288 ) 
4 20 23 (2400 1536 416 ) (2280 1536 416 ) (2278 1536 352 ) (2400 1536 352 ) 
4 20 24 (2272 1536 352 ) (2272 1536 288 ) (2400 1536 288 ) (2400 1536 352 ) 
4 21 25 (2400 1408 288 ) (2400 1344 288 ) (2400 1344 416 ) (2400 1408 416 ) 
4 22 25 (2400 1336 288 ) (2400 1320 288 ) (2400 1320 416 ) (2400 1336 416 ) 
4 23 25 (2278 1472 352 ) (2400 1472 352 ) (2400 1472 416 ) (2280 1472 416 ) 
4 23 24 (2400 1472 352 ) (2278 1472 352 ) (2278 1536 352 ) (2400 1536 352 ) 
4 24 31 (2272 1472 288 ) (2272 1536 288 ) (2400 1536 288 ) (2400 1472 288 ) 
4 24 25 (2272 1472 352 ) (2272 1472 288 ) (2400 1472 288 ) (2400 1472 352 ) 
4 25 31 (2272 1408 288 ) (2272 1472 288 ) (2400 1472 288 ) (2400 1408 288 ) 
4 25 29 (2272 1336 288 ) (2272 1320 288 ) (2272 1320 416 ) (2272 1336 416 ) 
4 25 28 (2272 1408 288 ) (2272 1344 288 ) (2272 1344 416 ) (2272 1408 416 ) 
4 25 26 (2272 1266 416 ) (2272 1266 288 ) (2400 1266 288 ) (2400 1266 416 ) 
4 26 27 (2272 1264 416 ) (2272 1264 288 ) (2400 1264 288 ) (2400 1264 416 ) 
4 27 38 (2272 1248 288 ) (2400 1248 288 ) (2400 1248 320 ) (2272 1248 320 ) 
4 27 36 (2400 1248 320 ) (2400 1248 416 ) (2272 1248 416 ) (2272 1248 320 ) 
4 30 39 (2144 1248 288 ) (2146 1248 288 ) (2146 1248 320 ) (2144 1248 320 ) 
4 30 38 (2146 1248 288 ) (2208 1248 288 ) (2208 1248 320 ) (2146 1248 320 ) 
4 30 36 (2208 1248 320 ) (2208 1248 416 ) (2144 1248 416 ) (2144 1248 320 ) 
4 32 34 (2400 1216 526 ) (2400 1216 544 ) (2400 1248 544 ) (2400 1248 526 ) 
4 33 35 (2400 1216 512 ) (2400 1248 512 ) (2528 1248 512 ) (2528 1216 512 ) 
4 33 34 (2400 1248 512 ) (2400 1216 512 ) (2400 1216 520 ) (2400 1248 520 ) 
4 34 35 (2144 1216 512 ) (2144 1248 512 ) (2400 1248 512 ) (2400 1216 512 ) 
4 35 43 (2528 1120 512 ) (2144 1120 512 ) (2144 1120 510 ) (2528 1120 510 ) 
4 35 36 (2144 1120 510 ) (2144 1248 510 ) (2528 1248 510 ) (2528 1120 510 ) 
4 36 43 (2144 1120 510 ) (2144 1120 320 ) (2528 1120 320 ) (2528 1120 510 ) 
4 36 39 (2146 1120 320 ) (2144 1120 320 ) (2144 1248 320 ) (2146 1248 320 ) 
4 36 38 (2526 1120 320 ) (2146 1120 320 ) (2146 1248 320 ) (2526 1248 320 ) 
4 36 37 (2528 1120 320 ) (2526 1120 320 ) (2526 1248 320 ) (2528 1248 320 ) 
4 37 43 (2528 1120 320 ) (2526 1120 320 ) (2526 1120 288 ) (2528 1120 288 ) 
4 37 38 (2526 1248 288 ) (2526 1120 288 ) (2526 1120 320 ) (2526 1248 320 ) 
4 38 43 (2526 1120 320 ) (2146 1120 320 ) (2146 1120 288 ) (2526 1120 288 ) 
4 38 39 (2146 1248 288 ) (2146 1120 288 ) (2146 1120 320 ) (2146 1248 320 ) 
4 39 43 (2146 1120 320 ) (2144 1120 320 ) (2144 1120 288 ) (2146 1120 288 ) 
4 40 43 (2272 1120 256 ) (2144 1120 256 ) (2144 1120 128 ) (2272 1120 128 ) 
4 41 46 (2400 1120 128 ) (2272 1120 128 ) (2272 1120 96 ) (2400 1120 96 ) 
4 41 47 (2272 1120 96 ) (2272 1120 0 ) (2400 1120 0 ) (2400 1120 96 ) 
4 42 66 (2528 1024 256 ) (2528 1024 128 ) (2560 1024 128 ) (2560 1024 256 ) 
4 42 45 (2536 1024 128 ) (2528 1024 128 ) (2528 1120 128 ) (2536 1120 128 ) 
4 42 44 (2560 1024 128 ) (2542 1024 128 ) (2542 1120 128 ) (2560 1120 128 ) 
4 42 43 (2528 1120 256 ) (2528 1120 128 ) (2528 1024 128 ) (2528 1024 256 ) 
4 43 84 (2526 1024 512 ) (2144 1024 512 ) (2144 1024 128 ) (2526 1024 128 ) 
4 43 83 (2528 1024 512 ) (2526 1024 512 ) (2526 1024 128 ) (2528 1024 128 ) 
4 43 46 (2526 1024 128 ) (2144 1024 128 ) (2144 1120 128 ) (2526 1120 128 ) 
4 43 45 (2528 1024 128 ) (2526 1024 128 ) (2526 1120 128 ) (2528 1120 128 ) 
4 44 67 (2560 1024 128 ) (2542 1024 128 ) (2542 1024 96 ) (2560 1024 96 ) 
4 44 47 (2542 1120 96 ) (2560 1120 96 ) (2560 1024 96 ) (2542 1024 96 ) 
4 45 83 (2528 1024 128 ) (2526 1024 128 ) (2526 1024 96 ) (2528 1024 96 ) 
4 45 68 (2536 1024 128 ) (2528 1024 128 ) (2528 1024 96 ) (2536 1024 96 ) 
4 45 47 (2526 1120 96 ) (2536 1120 96 ) (2536 1024 96 ) (2526 1024 96 ) 
4 45 46 (2526 1120 96 ) (2526 1024 96 ) (2526 1024 128 ) (2526 1120 128 ) 
4 46 84 (2526 1024 128 ) (2144 1024 128 ) (2144 1024 96 ) (2526 1024 96 ) 
4 46 47 (2144 1024 96 ) (2144 1120 96 ) (2526 1120 96 ) (2526 1024 96 ) 
4 47 84 (2144 1024 96 ) (2144 1024 -32 ) (2526 1024 -32 ) (2526 1024 96 ) 
4 47 83 (2526 1024 -32 ) (2528 1024 -32 ) (2528 1024 96 ) (2526 1024 96 ) 
4 47 69 (2528 1024 -32 ) (2560 1024 -32 ) (2560 1024 96 ) (2528 1024 96 ) 
4 47 53 (2528 1024 -32 ) (2144 1024 -32 ) (2144 1120 -32 ) (2528 1120 -32 ) 
4 48 52 (2480 1600 -608 ) (2480 1600 -32 ) (2480 1776 -32 ) (2480 1776 -608 ) 
4 50 58 (2048 2048 -32 ) (2048 2048 -608 ) (2048 1792 -608 ) (2048 1792 -32 ) 
4 50 51 (2192 1792 -32 ) (2048 1792 -32 ) (2048 1792 -608 ) (2192 1792 -608 ) 
4 51 58 (2048 1776 -608 ) (2048 1776 -32 ) (2048 1792 -32 ) (2048 1792 -608 ) 
4 51 52 (2192 1776 -608 ) (2192 1776 -32 ) (2048 1776 -32 ) (2048 1776 -608 ) 
4 52 58 (2048 1600 -608 ) (2048 1600 -32 ) (2048 1776 -32 ) (2048 1776 -608 ) 
4 53 115 (2528 1024 -32 ) (2144 1024 -32 ) (2144 1024 -128 ) (2528 1024 -128 ) 
4 54 55 (1952 1600 256 ) (1952 2048 256 ) (2048 2048 256 ) (2048 1600 256 ) 
4 55 56 (1952 1600 160 ) (1952 2048 160 ) (2048 2048 160 ) (2048 1600 160 ) 
4 56 58 (1952 1600 128 ) (1952 2048 128 ) (2048 2048 128 ) (2048 1600 128 ) 
4 57 59 (1760 1152 128 ) (1888 1152 128 ) (1888 1152 256 ) (1760 1152 256 ) 
4 59 60 (1760 1150 384 ) (1760 1150 0 ) (1888 1150 0 ) (1888 1150 384 ) 
4 60 63 (1888 1120 0 ) (1888 1120 384 ) (1760 1120 384 ) (1760 1120 0 ) 
4 60 61 (1760 1120 256 ) (1760 1120 320 ) (1760 1136 320 ) (1760 1136 256 ) 
4 61 64 (1760 1120 256 ) (1760 1120 320 ) (1696 1120 320 ) (1696 1120 256 ) 
4 62 64 (1696 1120 0 ) (1696 1120 192 ) (1632 1120 192 ) (1632 1120 0 ) 
4 63 142 (1888 1024 128 ) (1760 1024 128 ) (1760 1024 0 ) (1888 1024 0 ) 
4 63 136 (2016 1024 0 ) (2016 1024 128 ) (1888 1024 128 ) (1888 1024 0 ) 
4 63 134 (1760 1024 256 ) (1760 1024 128 ) (1888 1024 128 ) (1888 1024 256 ) 
4 63 133 (1824 1024 384 ) (1760 1024 384 ) (1760 1024 256 ) (1824 1024 256 ) 
4 63 132 (1888 1024 384 ) (1824 1024 384 ) (1824 1024 256 ) (1888 1024 256 ) 
4 63 128 (2016 1024 128 ) (2016 1024 256 ) (1888 1024 256 ) (1888 1024 128 ) 
4 63 127 (2016 1024 256 ) (2016 1024 384 ) (1888 1024 384 ) (1888 1024 256 ) 
4 63 64 (1760 1120 384 ) (1760 1120 0 ) (1760 1024 0 ) (1760 1024 384 ) 
4 64 144 (1760 1024 0 ) (1760 1024 128 ) (1632 1024 128 ) (1632 1024 0 ) 
4 64 134 (1760 1024 128 ) (1760 1024 256 ) (1632 1024 256 ) (1632 1024 128 ) 
4 64 133 (1760 1024 256 ) (1760 1024 384 ) (1632 1024 384 ) (1632 1024 256 ) 
4 64 118 (1760 1024 384 ) (1760 1024 400 ) (1632 1024 400 ) (1632 1024 384 ) 
4 64 65 (1632 1120 320 ) (1632 1120 64 ) (1632 1056 64 ) (1632 1056 320 ) 
4 66 83 (2528 1024 256 ) (2528 1024 128 ) (2528 992 128 ) (2528 992 256 ) 
4 66 76 (2528 992 256 ) (2528 992 128 ) (2560 992 128 ) (2560 992 256 ) 
4 66 67 (2560 1024 128 ) (2560 992 128 ) (2542 992 128 ) (2542 1024 128 ) 
4 66 68 (2536 992 128 ) (2528 992 128 ) (2528 1024 128 ) (2536 1024 128 ) 
4 67 79 (2542 992 96 ) (2560 992 96 ) (2560 992 128 ) (2542 992 128 ) 
4 67 69 (2560 1024 96 ) (2560 992 96 ) (2542 992 96 ) (2542 1024 96 ) 
4 68 83 (2528 1024 128 ) (2528 1024 96 ) (2528 992 96 ) (2528 992 128 ) 
4 68 80 (2528 992 128 ) (2528 992 96 ) (2536 992 96 ) (2536 992 128 ) 
4 68 69 (2536 992 96 ) (2528 992 96 ) (2528 1024 96 ) (2536 1024 96 ) 
4 69 83 (2528 1024 96 ) (2528 1024 -32 ) (2528 992 -32 ) (2528 992 96 ) 
4 69 81 (2528 992 96 ) (2528 992 -32 ) (2560 992 -32 ) (2560 992 96 ) 
4 70 104 (2752 224 768 ) (2752 224 640 ) (2912 224 640 ) (2912 224 768 ) 
4 70 103 (2912 224 1184 ) (2752 224 1184 ) (2752 224 768 ) (2912 224 768 ) 
4 70 74 (2912 224 640 ) (2752 224 640 ) (2752 992 640 ) (2912 992 640 ) 
4 70 72 (2752 320 640 ) (2752 224 640 ) (2752 224 1184 ) (2752 320 1184 ) 
4 70 71 (2752 960 640 ) (2752 320 640 ) (2752 320 1184 ) (2752 960 1184 ) 
4 71 93 (2528 352 768 ) (2528 352 640 ) (2528 320 640 ) (2528 320 768 ) 
4 71 92 (2528 320 1184 ) (2528 352 1184 ) (2528 352 768 ) (2528 320 768 ) 
4 71 86 (2528 352 1184 ) (2528 704 1184 ) (2528 704 640 ) (2528 352 640 ) 
4 71 85 (2528 704 1184 ) (2528 960 1184 ) (2528 960 640 ) (2528 704 640 ) 
4 71 75 (2528 320 640 ) (2528 704 640 ) (2560 704 640 ) (2560 320 640 ) 
4 71 74 (2560 960 640 ) (2752 960 640 ) (2752 320 640 ) (2560 320 640 ) 
4 71 73 (2688 320 768 ) (2688 320 1184 ) (2528 320 1184 ) (2528 320 768 ) 
4 71 72 (2688 320 640 ) (2752 320 640 ) (2752 320 1184 ) (2688 320 1184 ) 
4 72 104 (2688 224 768 ) (2688 224 640 ) (2752 224 640 ) (2752 224 768 ) 
4 72 103 (2752 224 1184 ) (2688 224 1184 ) (2688 224 768 ) (2752 224 768 ) 
4 72 74 (2752 224 640 ) (2688 224 640 ) (2688 320 640 ) (2752 320 640 ) 
4 72 73 (2688 320 1184 ) (2688 320 768 ) (2688 224 768 ) (2688 224 1184 ) 
4 73 103 (2688 224 1184 ) (2528 224 1184 ) (2528 224 768 ) (2688 224 768 ) 
4 73 95 (2528 224 768 ) (2528 224 1184 ) (2528 256 1184 ) (2528 256 768 ) 
4 73 92 (2528 256 1184 ) (2528 320 1184 ) (2528 320 768 ) (2528 256 768 ) 
4 74 114 (2912 224 -32 ) (2560 224 -32 ) (2560 992 -32 ) (2912 992 -32 ) 
4 74 105 (2560 224 -32 ) (2688 224 -32 ) (2688 224 640 ) (2560 224 640 ) 
4 74 104 (2688 224 -32 ) (2912 224 -32 ) (2912 224 640 ) (2688 224 640 ) 
4 74 79 (2560 864 128 ) (2560 992 128 ) (2560 992 96 ) (2560 864 96 ) 
4 74 81 (2560 992 96 ) (2560 992 -32 ) (2560 864 -32 ) (2560 864 96 ) 
4 74 82 (2560 224 -32 ) (2560 224 128 ) (2560 864 128 ) (2560 864 -32 ) 
4 74 77 (2560 736 448 ) (2560 736 128 ) (2560 608 128 ) (2560 608 448 ) 
4 74 76 (2560 736 512 ) (2560 992 512 ) (2560 992 128 ) (2560 736 128 ) 
4 74 78 (2560 224 128 ) (2560 224 512 ) (2560 608 512 ) (2560 608 128 ) 
4 74 75 (2560 224 512 ) (2560 224 640 ) (2560 704 640 ) (2560 704 512 ) 
4 75 105 (2560 224 512 ) (2560 224 640 ) (2528 224 640 ) (2528 224 512 ) 
4 75 96 (2528 224 512 ) (2528 224 520 ) (2528 256 520 ) (2528 256 512 ) 
4 75 93 (2528 320 640 ) (2528 352 640 ) (2528 352 512 ) (2528 320 512 ) 
4 75 86 (2528 352 640 ) (2528 704 640 ) (2528 704 512 ) (2528 352 512 ) 
4 75 78 (2528 224 512 ) (2528 608 512 ) (2560 608 512 ) (2560 224 512 ) 
4 76 89 (2528 736 512 ) (2528 960 512 ) (2528 960 128 ) (2528 736 128 ) 
4 76 83 (2528 960 512 ) (2528 992 512 ) (2528 992 128 ) (2528 960 128 ) 
4 76 79 (2542 992 128 ) (2560 992 128 ) (2560 864 128 ) (2542 864 128 ) 
4 76 80 (2528 864 128 ) (2528 992 128 ) (2536 992 128 ) (2536 864 128 ) 
4 76 82 (2528 736 128 ) (2528 864 128 ) (2560 864 128 ) (2560 736 128 ) 
4 76 77 (2528 736 128 ) (2560 736 128 ) (2560 736 448 ) (2528 736 448 ) 
4 77 89 (2528 736 448 ) (2528 736 128 ) (2528 608 128 ) (2528 608 448 ) 
4 77 82 (2528 608 128 ) (2528 736 128 ) (2560 736 128 ) (2560 608 128 ) 
4 77 78 (2528 608 128 ) (2560 608 128 ) (2560 608 448 ) (2528 608 448 ) 
4 78 105 (2560 224 128 ) (2560 224 512 ) (2528 224 512 ) (2528 224 128 ) 
4 78 97 (2528 224 128 ) (2528 224 510 ) (2528 352 510 ) (2528 352 128 ) 
4 78 96 (2528 224 510 ) (2528 224 512 ) (2528 256 512 ) (2528 256 510 ) 
4 78 94 (2528 256 512 ) (2528 320 512 ) (2528 320 510 ) (2528 256 510 ) 
4 78 93 (2528 320 512 ) (2528 352 512 ) (2528 352 510 ) (2528 320 510 ) 
4 78 91 (2528 352 512 ) (2528 608 512 ) (2528 608 128 ) (2528 352 128 ) 
4 78 82 (2528 224 128 ) (2528 608 128 ) (2560 608 128 ) (2560 224 128 ) 
4 79 82 (2560 864 96 ) (2560 864 128 ) (2542 864 128 ) (2542 864 96 ) 
4 79 81 (2560 864 96 ) (2542 864 96 ) (2542 992 96 ) (2560 992 96 ) 
4 80 89 (2528 864 96 ) (2528 864 128 ) (2528 960 128 ) (2528 960 96 ) 
4 80 83 (2528 960 128 ) (2528 992 128 ) (2528 992 96 ) (2528 960 96 ) 
4 80 81 (2536 864 96 ) (2528 864 96 ) (2528 992 96 ) (2536 992 96 ) 
4 80 82 (2536 864 128 ) (2528 864 128 ) (2528 864 96 ) (2536 864 96 ) 
4 81 114 (2528 864 -32 ) (2528 992 -32 ) (2560 992 -32 ) (2560 864 -32 ) 
4 81 89 (2528 960 -32 ) (2528 864 -32 ) (2528 864 96 ) (2528 960 96 ) 
4 81 83 (2528 992 -32 ) (2528 960 -32 ) (2528 960 96 ) (2528 992 96 ) 
4 81 82 (2560 864 -32 ) (2560 864 96 ) (2528 864 96 ) (2528 864 -32 ) 
4 82 114 (2560 224 -32 ) (2528 224 -32 ) (2528 864 -32 ) (2560 864 -32 ) 
4 82 105 (2528 224 -32 ) (2560 224 -32 ) (2560 224 128 ) (2528 224 128 ) 
4 82 91 (2528 352 0 ) (2528 352 128 ) (2528 608 128 ) (2528 608 0 ) 
4 82 89 (2528 864 -32 ) (2528 608 -32 ) (2528 608 128 ) (2528 864 128 ) 
4 83 115 (2526 1024 -32 ) (2528 1024 -32 ) (2528 960 -32 ) (2526 960 -32 ) 
4 83 89 (2526 960 -32 ) (2528 960 -32 ) (2528 960 512 ) (2526 960 512 ) 
4 83 84 (2526 1024 -32 ) (2526 960 -32 ) (2526 960 512 ) (2526 1024 512 ) 
4 84 115 (2144 1024 -32 ) (2526 1024 -32 ) (2526 960 -32 ) (2144 960 -32 ) 
4 84 101 (2144 960 0 ) (2144 960 512 ) (2144 992 512 ) (2144 992 0 ) 
4 84 90 (2144 960 512 ) (2144 960 -32 ) (2526 960 -32 ) (2526 960 512 ) 
4 85 90 (2272 960 512 ) (2526 960 512 ) (2526 704 512 ) (2272 704 512 ) 
4 85 89 (2526 960 512 ) (2528 960 512 ) (2528 704 512 ) (2526 704 512 ) 
4 85 86 (2272 704 512 ) (2528 704 512 ) (2528 704 1184 ) (2272 704 1184 ) 
4 86 93 (2208 352 512 ) (2528 352 512 ) (2528 352 768 ) (2208 352 768 ) 
4 86 92 (2528 352 768 ) (2528 352 1184 ) (2208 352 1184 ) (2208 352 768 ) 
4 86 91 (2528 352 512 ) (2208 352 512 ) (2208 608 512 ) (2528 608 512 ) 
4 86 90 (2208 608 512 ) (2208 704 512 ) (2526 704 512 ) (2526 608 512 ) 
4 86 89 (2526 704 512 ) (2528 704 512 ) (2528 608 512 ) (2526 608 512 ) 
4 86 88 (2208 576 512 ) (2208 352 512 ) (2208 352 528 ) (2208 576 528 ) 
4 86 87 (2208 704 1184 ) (2208 704 528 ) (2208 352 528 ) (2208 352 1184 ) 
4 87 93 (2144 352 768 ) (2144 352 528 ) (2208 352 528 ) (2208 352 768 ) 
4 87 92 (2144 352 1184 ) (2144 352 768 ) (2208 352 768 ) (2208 352 1184 ) 
4 87 88 (2208 576 528 ) (2208 352 528 ) (2144 352 528 ) (2144 576 528 ) 
4 88 93 (2144 352 528 ) (2144 352 512 ) (2208 352 512 ) (2208 352 528 ) 
4 88 91 (2208 352 512 ) (2144 352 512 ) (2144 576 512 ) (2208 576 512 ) 
4 89 115 (2528 960 -32 ) (2528 608 -32 ) (2526 608 -32 ) (2526 960 -32 ) 
4 89 91 (2528 608 0 ) (2528 608 512 ) (2526 608 512 ) (2526 608 0 ) 
4 89 90 (2526 608 -32 ) (2526 608 512 ) (2526 960 512 ) (2526 960 -32 ) 
4 90 115 (2526 608 -32 ) (2144 608 -32 ) (2144 960 -32 ) (2526 960 -32 ) 
4 90 101 (2144 608 0 ) (2144 608 512 ) (2144 960 512 ) (2144 960 0 ) 
4 90 91 (2526 608 512 ) (2144 608 512 ) (2144 608 0 ) (2526 608 0 ) 
4 91 101 (2144 352 0 ) (2144 352 512 ) (2144 608 512 ) (2144 608 0 ) 
4 91 99 (2144 352 510 ) (2144 352 128 ) (2208 352 128 ) (2208 352 510 ) 
4 91 98 (2208 352 0 ) (2400 352 0 ) (2400 352 510 ) (2208 352 510 ) 
4 91 97 (2528 352 128 ) (2528 352 510 ) (2400 352 510 ) (2400 352 128 ) 
4 91 93 (2144 352 512 ) (2144 352 510 ) (2528 352 510 ) (2528 352 512 ) 
4 92 95 (2144 256 1184 ) (2144 256 768 ) (2528 256 768 ) (2528 256 1184 ) 
4 92 93 (2144 320 768 ) (2144 352 768 ) (2528 352 768 ) (2528 320 768 ) 
4 93 102 (2144 352 512 ) (2144 352 510 ) (2144 320 510 ) (2144 320 512 ) 
4 93 99 (2144 320 510 ) (2144 352 510 ) (2208 352 510 ) (2208 320 510 ) 
4 93 98 (2208 352 510 ) (2400 352 510 ) (2400 320 510 ) (2208 320 510 ) 
4 93 97 (2400 352 510 ) (2528 352 510 ) (2528 320 510 ) (2400 320 510 ) 
4 93 94 (2144 320 510 ) (2528 320 510 ) (2528 320 512 ) (2144 320 512 ) 
4 94 102 (2144 320 510 ) (2144 256 510 ) (2144 256 512 ) (2144 320 512 ) 
4 94 99 (2144 256 510 ) (2144 320 510 ) (2208 320 510 ) (2208 256 510 ) 
4 94 98 (2208 320 510 ) (2400 320 510 ) (2400 256 510 ) (2208 256 510 ) 
4 94 97 (2400 320 510 ) (2528 320 510 ) (2528 256 510 ) (2400 256 510 ) 
4 94 96 (2144 256 512 ) (2144 256 510 ) (2528 256 510 ) (2528 256 512 ) 
4 95 108 (2400 224 1184 ) (2144 224 1184 ) (2144 224 768 ) (2400 224 768 ) 
4 95 106 (2528 224 768 ) (2528 224 1184 ) (2400 224 1184 ) (2400 224 768 ) 
4 96 102 (2144 224 510 ) (2144 224 512 ) (2144 256 512 ) (2144 256 510 ) 
4 96 100 (2144 224 512 ) (2144 224 520 ) (2144 256 520 ) (2144 256 512 ) 
4 96 99 (2144 224 510 ) (2144 256 510 ) (2208 256 510 ) (2208 224 510 ) 
4 96 98 (2208 256 510 ) (2400 256 510 ) (2400 224 510 ) (2208 224 510 ) 
4 96 97 (2400 256 510 ) (2528 256 510 ) (2528 224 510 ) (2400 224 510 ) 
4 97 98 (2400 224 128 ) (2400 224 510 ) (2400 352 510 ) (2400 352 128 ) 
4 98 111 (2400 224 256 ) (2400 224 384 ) (2208 224 384 ) (2208 224 256 ) 
4 98 99 (2208 224 128 ) (2208 224 510 ) (2208 352 510 ) (2208 352 128 ) 
4 99 111 (2208 224 256 ) (2208 224 384 ) (2144 224 384 ) (2144 224 256 ) 
4 99 102 (2144 224 128 ) (2144 224 510 ) (2144 352 510 ) (2144 352 128 ) 
4 100 116 (2048 256 512 ) (2048 224 512 ) (2048 224 520 ) (2048 256 520 ) 
4 100 102 (2144 256 512 ) (2144 224 512 ) (2048 224 512 ) (2048 256 512 ) 
4 101 135 (2048 992 128 ) (2048 992 0 ) (2048 352 0 ) (2048 352 128 ) 
4 101 126 (2048 992 384 ) (2048 992 128 ) (2048 352 128 ) (2048 352 384 ) 
4 101 117 (2048 992 512 ) (2048 992 384 ) (2048 352 384 ) (2048 352 512 ) 
4 101 102 (2144 352 128 ) (2144 352 512 ) (2048 352 512 ) (2048 352 128 ) 
4 102 126 (2048 224 128 ) (2048 224 384 ) (2048 352 384 ) (2048 352 128 ) 
4 102 117 (2048 224 384 ) (2048 224 512 ) (2048 352 512 ) (2048 352 384 ) 
4 102 113 (2048 224 256 ) (2048 224 128 ) (2144 224 128 ) (2144 224 256 ) 
4 102 112 (2048 224 384 ) (2048 224 256 ) (2080 224 256 ) (2080 224 384 ) 
4 103 106 (2528 224 1184 ) (2528 224 768 ) (2528 192 768 ) (2528 192 1184 ) 
4 103 104 (2688 224 768 ) (2912 224 768 ) (2912 192 768 ) (2688 192 768 ) 
4 104 114 (2912 192 -32 ) (2688 192 -32 ) (2688 224 -32 ) (2912 224 -32 ) 
4 104 107 (2688 192 -32 ) (2912 192 -32 ) (2912 192 640 ) (2688 192 640 ) 
4 104 105 (2688 192 -32 ) (2688 192 640 ) (2688 224 640 ) (2688 224 -32 ) 
4 105 114 (2688 192 -32 ) (2528 192 -32 ) (2528 224 -32 ) (2688 224 -32 ) 
4 105 107 (2528 192 -32 ) (2688 192 -32 ) (2688 192 640 ) (2528 192 640 ) 
4 106 108 (2400 224 1184 ) (2400 224 768 ) (2400 192 768 ) (2400 192 1184 ) 
4 107 114 (2912 96 -32 ) (2528 96 -32 ) (2528 192 -32 ) (2912 192 -32 ) 
4 109 111 (2144 192 384 ) (2144 208 384 ) (2400 208 384 ) (2400 192 384 ) 
4 109 110 (2144 192 448 ) (2144 192 384 ) (2400 192 384 ) (2400 192 448 ) 
4 110 111 (2144 80 384 ) (2144 192 384 ) (2400 192 384 ) (2400 80 384 ) 
4 112 126 (2048 208 384 ) (2048 224 384 ) (2048 224 256 ) (2048 208 256 ) 
4 112 113 (2048 224 256 ) (2080 224 256 ) (2080 208 256 ) (2048 208 256 ) 
4 113 126 (2048 208 256 ) (2048 224 256 ) (2048 224 128 ) (2048 208 128 ) 
4 114 115 (2528 992 -128 ) (2528 608 -128 ) (2528 608 -32 ) (2528 992 -32 ) 
4 116 117 (2016 224 512 ) (2016 256 512 ) (2048 256 512 ) (2048 224 512 ) 
4 117 126 (2048 992 384 ) (2048 224 384 ) (2016 224 384 ) (2016 992 384 ) 
4 117 124 (2016 384 384 ) (2016 352 384 ) (2016 352 510 ) (2016 384 510 ) 
4 117 123 (2016 352 510 ) (2016 352 512 ) (2016 384 512 ) (2016 384 510 ) 
4 117 122 (2016 576 384 ) (2016 384 384 ) (2016 384 512 ) (2016 576 512 ) 
4 117 121 (2016 608 384 ) (2016 576 384 ) (2016 576 510 ) (2016 608 510 ) 
4 117 120 (2016 576 510 ) (2016 576 512 ) (2016 608 512 ) (2016 608 510 ) 
4 118 133 (1632 992 384 ) (1632 1024 384 ) (1760 1024 384 ) (1760 992 384 ) 
4 119 133 (1664 928 384 ) (1824 928 384 ) (1824 736 384 ) (1664 736 384 ) 
4 119 132 (1824 928 384 ) (1888 928 384 ) (1888 736 384 ) (1824 736 384 ) 
4 119 127 (1888 928 384 ) (1984 928 384 ) (1984 736 384 ) (1888 736 384 ) 
4 120 122 (2016 576 510 ) (2016 576 512 ) (1888 576 512 ) (1888 576 510 ) 
4 120 121 (2016 576 510 ) (1888 576 510 ) (1888 608 510 ) (2016 608 510 ) 
4 121 127 (1888 608 384 ) (2016 608 384 ) (2016 576 384 ) (1888 576 384 ) 
4 121 122 (1888 576 384 ) (2016 576 384 ) (2016 576 510 ) (1888 576 510 ) 
4 122 127 (1888 576 384 ) (2016 576 384 ) (2016 384 384 ) (1888 384 384 ) 
4 122 124 (1888 384 510 ) (1888 384 384 ) (2016 384 384 ) (2016 384 510 ) 
4 122 123 (1888 384 512 ) (1888 384 510 ) (2016 384 510 ) (2016 384 512 ) 
4 123 124 (2016 352 510 ) (1888 352 510 ) (1888 384 510 ) (2016 384 510 ) 
4 124 127 (2016 384 384 ) (2016 352 384 ) (1888 352 384 ) (1888 384 384 ) 
4 125 133 (1808 560 384 ) (1808 464 384 ) (1712 464 384 ) (1712 560 384 ) 
4 126 135 (2048 992 128 ) (2048 352 128 ) (2016 352 128 ) (2016 992 128 ) 
4 126 129 (2016 608 128 ) (2016 352 128 ) (2016 352 256 ) (2016 608 256 ) 
4 126 128 (2016 992 128 ) (2016 736 128 ) (2016 736 256 ) (2016 992 256 ) 
4 126 127 (2016 352 384 ) (2016 992 384 ) (2016 992 256 ) (2016 352 256 ) 
4 127 132 (1888 352 384 ) (1888 1024 384 ) (1888 1024 256 ) (1888 352 256 ) 
4 127 130 (2011 608 256 ) (2013 608 256 ) (2013 352 256 ) (2011 352 256 ) 
4 127 129 (2013 608 256 ) (2016 608 256 ) (2016 352 256 ) (2013 352 256 ) 
4 127 131 (1888 352 256 ) (1888 608 256 ) (2011 608 256 ) (2011 352 256 ) 
4 127 128 (1888 736 256 ) (1888 1024 256 ) (2016 1024 256 ) (2016 736 256 ) 
4 128 136 (1888 1024 128 ) (2016 1024 128 ) (2016 736 128 ) (1888 736 128 ) 
4 128 134 (1888 1024 128 ) (1888 736 128 ) (1888 736 256 ) (1888 1024 256 ) 
4 129 138 (2016 608 128 ) (2016 352 128 ) (2013 352 128 ) (2013 608 128 ) 
4 129 130 (2013 608 256 ) (2013 608 128 ) (2013 352 128 ) (2013 352 256 ) 
4 130 139 (2013 352 128 ) (2011 352 128 ) (2011 608 128 ) (2013 608 128 ) 
4 130 131 (2011 608 256 ) (2011 608 128 ) (2011 352 128 ) (2011 352 256 ) 
4 131 140 (2011 352 128 ) (1888 352 128 ) (1888 608 128 ) (2011 608 128 ) 
4 131 134 (1888 608 128 ) (1888 352 128 ) (1888 352 256 ) (1888 608 256 ) 
4 132 134 (1824 1024 256 ) (1888 1024 256 ) (1888 352 256 ) (1824 352 256 ) 
4 132 133 (1824 1024 256 ) (1824 352 256 ) (1824 352 384 ) (1824 1024 384 ) 
4 133 159 (1632 544 256 ) (1632 336 256 ) (1632 336 384 ) (1632 544 384 ) 
4 133 134 (1632 352 256 ) (1632 1024 256 ) (1824 1024 256 ) (1824 352 256 ) 
4 134 162 (1632 544 128 ) (1632 352 128 ) (1632 352 256 ) (1632 544 256 ) 
4 134 161 (1632 736 192 ) (1632 736 256 ) (1632 800 256 ) (1632 800 192 ) 
4 134 144 (1632 352 128 ) (1632 1024 128 ) (1760 1024 128 ) (1760 352 128 ) 
4 134 142 (1760 1024 128 ) (1888 1024 128 ) (1888 352 128 ) (1760 352 128 ) 
4 135 138 (2016 608 0 ) (2016 352 0 ) (2016 352 128 ) (2016 608 128 ) 
4 135 136 (2016 992 0 ) (2016 736 0 ) (2016 736 128 ) (2016 992 128 ) 
4 136 148 (1888 736 0 ) (1888 992 0 ) (2016 992 0 ) (2016 736 0 ) 
4 136 142 (1888 1024 0 ) (1888 736 0 ) (1888 736 128 ) (1888 1024 128 ) 
4 136 137 (1920 736 0 ) (1984 736 0 ) (1984 736 128 ) (1920 736 128 ) 
4 138 149 (2013 608 0 ) (2016 608 0 ) (2016 352 0 ) (2013 352 0 ) 
4 138 139 (2013 608 128 ) (2013 608 0 ) (2013 352 0 ) (2013 352 128 ) 
4 139 149 (2011 608 0 ) (2013 608 0 ) (2013 352 0 ) (2011 352 0 ) 
4 139 140 (2011 608 128 ) (2011 608 0 ) (2011 352 0 ) (2011 352 128 ) 
4 140 149 (1888 352 0 ) (1888 608 0 ) (2011 608 0 ) (2011 352 0 ) 
4 140 142 (1888 608 0 ) (1888 352 0 ) (1888 352 128 ) (1888 608 128 ) 
4 141 193 (1952 0 128 ) (1888 0 128 ) (1888 0 0 ) (1952 0 0 ) 
4 141 150 (1952 0 0 ) (1888 0 0 ) (1888 224 0 ) (1952 224 0 ) 
4 141 143 (1888 224 0 ) (1888 0 0 ) (1888 0 128 ) (1888 224 128 ) 
4 142 152 (1760 352 0 ) (1760 608 0 ) (1888 608 0 ) (1888 352 0 ) 
4 142 151 (1760 736 0 ) (1760 992 0 ) (1888 992 0 ) (1888 736 0 ) 
4 142 144 (1760 1024 0 ) (1760 352 0 ) (1760 352 128 ) (1760 1024 128 ) 
4 142 143 (1760 96 128 ) (1760 96 0 ) (1888 224 0 ) (1888 224 128 ) 
4 143 193 (1888 0 128 ) (1760 0 128 ) (1760 0 0 ) (1888 0 0 ) 
4 143 153 (1888 0 0 ) (1760 0 0 ) (1760 96 0 ) (1888 96 0 ) 
4 143 147 (1760 96 0 ) (1760 0 0 ) (1760 0 128 ) (1760 96 128 ) 
4 144 164 (1632 544 0 ) (1632 352 0 ) (1632 352 128 ) (1632 544 128 ) 
4 144 151 (1632 736 0 ) (1632 992 0 ) (1760 992 0 ) (1760 736 0 ) 
4 145 147 (1664 0 0 ) (1760 96 0 ) (1760 96 128 ) (1664 0 128 ) 
4 145 146 (1664 96 128 ) (1664 96 0 ) (1664 0 0 ) (1664 0 128 ) 
4 146 191 (1664 0 128 ) (1632 0 128 ) (1632 0 0 ) (1664 0 0 ) 
4 146 166 (1632 96 0 ) (1632 0 0 ) (1632 0 128 ) (1632 96 128 ) 
4 147 193 (1760 0 128 ) (1664 0 128 ) (1664 0 0 ) (1760 0 0 ) 
4 148 154 (1888 736 -32 ) (1888 992 -32 ) (2016 992 -32 ) (2016 736 -32 ) 
4 148 151 (1888 992 -32 ) (1888 736 -32 ) (1888 736 0 ) (1888 992 0 ) 
4 149 152 (1888 608 -32 ) (1888 352 -32 ) (1888 352 0 ) (1888 608 0 ) 
4 150 197 (1952 0 0 ) (1888 0 0 ) (1888 0 -32 ) (1952 0 -32 ) 
4 150 155 (1952 0 -32 ) (1888 0 -32 ) (1888 224 -32 ) (1952 224 -32 ) 
4 150 153 (1888 96 -32 ) (1888 0 -32 ) (1888 0 0 ) (1888 96 0 ) 
4 151 158 (1632 736 -32 ) (1632 992 -32 ) (1760 992 -32 ) (1760 736 -32 ) 
4 151 156 (1760 992 -32 ) (1888 992 -32 ) (1888 736 -32 ) (1760 736 -32 ) 
4 153 197 (1888 0 0 ) (1760 0 0 ) (1760 0 -32 ) (1888 0 -32 ) 
4 153 157 (1888 0 -32 ) (1760 0 -32 ) (1760 96 -32 ) (1888 96 -32 ) 
4 154 156 (1888 992 -128 ) (1888 736 -128 ) (1888 736 -32 ) (1888 992 -32 ) 
4 155 197 (1952 0 -32 ) (1888 0 -32 ) (1888 0 -64 ) (1952 0 -64 ) 
4 155 157 (1888 0 -64 ) (1888 0 -32 ) (1888 96 -32 ) (1888 96 -64 ) 
4 156 158 (1760 992 -128 ) (1760 736 -128 ) (1760 736 -32 ) (1760 992 -32 ) 
4 157 197 (1888 0 -32 ) (1760 0 -32 ) (1760 0 -64 ) (1888 0 -64 ) 
4 159 162 (1600 336 256 ) (1600 544 256 ) (1632 544 256 ) (1632 336 256 ) 
4 160 173 (1600 96 384 ) (1600 224 384 ) (1600 224 256 ) (1600 96 256 ) 
4 160 170 (1600 224 384 ) (1600 272 384 ) (1600 272 256 ) (1600 224 256 ) 
4 160 163 (1600 96 256 ) (1600 272 256 ) (1616 272 256 ) (1616 96 256 ) 
4 162 164 (1600 336 128 ) (1600 544 128 ) (1632 544 128 ) (1632 336 128 ) 
4 163 173 (1600 96 256 ) (1600 224 256 ) (1600 224 128 ) (1600 96 128 ) 
4 163 170 (1600 224 256 ) (1600 272 256 ) (1600 272 128 ) (1600 224 128 ) 
4 163 165 (1600 160 128 ) (1600 272 128 ) (1616 272 128 ) (1616 160 128 ) 
4 164 167 (1600 336 0 ) (1600 544 0 ) (1632 544 0 ) (1632 336 0 ) 
4 165 173 (1600 224 0 ) (1600 160 0 ) (1600 160 128 ) (1600 224 128 ) 
4 165 168 (1600 160 0 ) (1600 272 0 ) (1616 272 0 ) (1616 160 0 ) 
4 166 192 (1632 0 0 ) (1632 0 128 ) (1600 0 128 ) (1600 0 0 ) 
4 166 173 (1600 96 0 ) (1600 0 0 ) (1600 0 128 ) (1600 96 128 ) 
4 169 173 (1600 224 384 ) (1600 224 448 ) (1472 224 448 ) (1472 224 384 ) 
4 169 170 (1600 224 384 ) (1472 224 384 ) (1472 272 384 ) (1600 272 384 ) 
4 170 173 (1600 224 128 ) (1600 224 384 ) (1472 224 384 ) (1472 224 128 ) 
4 171 215 (1024 768 0 ) (1024 240 0 ) (1024 240 512 ) (1024 768 512 ) 
4 171 172 (1024 240 0 ) (1280 240 0 ) (1280 240 384 ) (1024 240 384 ) 
4 172 216 (1024 240 0 ) (1024 224 0 ) (1024 224 384 ) (1024 240 384 ) 
4 172 179 (1088 224 384 ) (1024 224 384 ) (1024 224 0 ) (1088 224 0 ) 
4 172 177 (1168 224 384 ) (1088 224 384 ) (1088 224 0 ) (1168 224 0 ) 
4 172 176 (1280 224 0 ) (1280 224 384 ) (1168 224 384 ) (1168 224 0 ) 
4 173 192 (1472 0 0 ) (1600 0 0 ) (1600 0 128 ) (1472 0 128 ) 
4 173 185 (1600 0 128 ) (1600 0 384 ) (1472 0 384 ) (1472 0 128 ) 
4 173 184 (1600 0 384 ) (1600 0 448 ) (1472 0 448 ) (1472 0 384 ) 
4 173 174 (1472 224 0 ) (1472 0 0 ) (1472 0 384 ) (1472 224 384 ) 
4 174 192 (1312 0 128 ) (1312 0 0 ) (1472 0 0 ) (1472 0 128 ) 
4 174 187 (1312 0 384 ) (1312 0 128 ) (1472 0 128 ) (1472 0 384 ) 
4 174 176 (1312 224 384 ) (1312 224 0 ) (1312 0 0 ) (1312 0 384 ) 
4 175 186 (1168 0 752 ) (1168 0 384 ) (1264 0 384 ) (1264 0 752 ) 
4 175 176 (1168 0 384 ) (1168 80 384 ) (1264 80 384 ) (1264 0 384 ) 
4 176 192 (1168 0 128 ) (1168 0 0 ) (1312 0 0 ) (1312 0 128 ) 
4 176 187 (1168 0 384 ) (1168 0 128 ) (1312 0 128 ) (1312 0 384 ) 
4 176 177 (1168 224 384 ) (1168 224 0 ) (1168 0 0 ) (1168 0 384 ) 
4 176 178 (1168 224 0 ) (1312 224 0 ) (1312 0 0 ) (1168 0 0 ) 
4 177 192 (1088 0 128 ) (1088 0 0 ) (1168 0 0 ) (1168 0 128 ) 
4 177 189 (1088 0 384 ) (1088 0 128 ) (1168 0 128 ) (1168 0 384 ) 
4 177 181 (1088 64 0 ) (1088 0 0 ) (1088 0 384 ) (1088 64 384 ) 
4 177 179 (1088 224 384 ) (1088 224 0 ) (1088 64 0 ) (1088 64 384 ) 
4 177 178 (1088 0 0 ) (1088 224 0 ) (1168 224 0 ) (1168 0 0 ) 
4 178 198 (1088 0 0 ) (1088 0 -128 ) (1312 0 -128 ) (1312 0 0 ) 
4 178 183 (1280 0 -128 ) (1088 0 -128 ) (1088 224 -128 ) (1280 224 -128 ) 
4 178 182 (1088 64 -128 ) (1088 0 -128 ) (1088 0 0 ) (1088 64 0 ) 
4 178 180 (1088 224 0 ) (1088 224 -128 ) (1088 64 -128 ) (1088 64 0 ) 
4 179 217 (1024 64 0 ) (1024 64 400 ) (1024 224 400 ) (1024 224 0 ) 
4 179 181 (1024 64 384 ) (1024 64 0 ) (1088 64 0 ) (1088 64 384 ) 
4 179 180 (1088 64 0 ) (1024 64 0 ) (1024 224 0 ) (1088 224 0 ) 
4 180 230 (1024 224 -128 ) (1024 64 -128 ) (1024 64 0 ) (1024 224 0 ) 
4 180 183 (1024 64 -128 ) (1024 224 -128 ) (1088 224 -128 ) (1088 64 -128 ) 
4 180 182 (1024 64 0 ) (1024 64 -128 ) (1088 64 -128 ) (1088 64 0 ) 
4 181 218 (1024 0 0 ) (1024 0 384 ) (1024 64 384 ) (1024 64 0 ) 
4 181 192 (1024 0 128 ) (1024 0 0 ) (1088 0 0 ) (1088 0 128 ) 
4 181 190 (1024 0 384 ) (1024 0 128 ) (1088 0 128 ) (1088 0 384 ) 
4 181 182 (1024 64 0 ) (1088 64 0 ) (1088 0 0 ) (1024 0 0 ) 
4 182 230 (1024 64 -128 ) (1024 0 -128 ) (1024 0 0 ) (1024 64 0 ) 
4 182 198 (1024 0 0 ) (1024 0 -128 ) (1088 0 -128 ) (1088 0 0 ) 
4 182 183 (1088 0 -128 ) (1024 0 -128 ) (1024 64 -128 ) (1088 64 -128 ) 
4 183 249 (1024 224 -256 ) (1024 0 -256 ) (1024 0 -128 ) (1024 224 -128 ) 
4 183 199 (1280 0 -128 ) (1024 0 -128 ) (1024 0 -256 ) (1280 0 -256 ) 
4 184 185 (1600 -160 384 ) (1472 -160 384 ) (1472 0 384 ) (1600 0 384 ) 
4 185 200 (1600 -160 384 ) (1472 -160 384 ) (1472 -160 128 ) (1600 -160 128 ) 
4 185 196 (1600 -160 128 ) (1472 -160 128 ) (1472 -32 128 ) (1600 -32 128 ) 
4 185 192 (1472 -32 128 ) (1472 0 128 ) (1600 0 128 ) (1600 -32 128 ) 
4 185 188 (1472 -16 128 ) (1472 -160 128 ) (1472 -160 384 ) (1472 -16 384 ) 
4 185 187 (1472 0 384 ) (1472 0 128 ) (1472 -16 128 ) (1472 -16 384 ) 
4 186 187 (1264 -16 384 ) (1168 -16 384 ) (1168 0 384 ) (1264 0 384 ) 
4 187 192 (1168 -16 128 ) (1168 0 128 ) (1472 0 128 ) (1472 -16 128 ) 
4 187 189 (1168 0 384 ) (1168 0 128 ) (1168 -16 128 ) (1168 -16 384 ) 
4 187 188 (1168 -16 384 ) (1168 -16 128 ) (1472 -16 128 ) (1472 -16 384 ) 
4 188 200 (1344 -160 128 ) (1472 -160 128 ) (1472 -160 384 ) (1344 -160 384 ) 
4 188 196 (1472 -160 128 ) (1168 -160 128 ) (1168 -32 128 ) (1472 -32 128 ) 
4 188 192 (1168 -32 128 ) (1168 -16 128 ) (1472 -16 128 ) (1472 -32 128 ) 
4 188 189 (1168 -16 128 ) (1168 -160 128 ) (1168 -160 384 ) (1168 -16 384 ) 
4 189 196 (1168 -160 128 ) (1088 -160 128 ) (1088 -32 128 ) (1168 -32 128 ) 
4 189 192 (1088 -32 128 ) (1088 0 128 ) (1168 0 128 ) (1168 -32 128 ) 
4 189 190 (1088 0 128 ) (1088 -160 128 ) (1088 -160 384 ) (1088 0 384 ) 
4 190 252 (1024 -160 128 ) (1024 -160 384 ) (1024 0 384 ) (1024 0 128 ) 
4 190 202 (1024 -160 384 ) (1024 -160 128 ) (1088 -160 128 ) (1088 -160 384 ) 
4 190 196 (1088 -160 128 ) (1024 -160 128 ) (1024 -32 128 ) (1088 -32 128 ) 
4 190 192 (1024 -32 128 ) (1024 0 128 ) (1088 0 128 ) (1088 -32 128 ) 
4 191 194 (1632 -32 128 ) (1632 -32 0 ) (1664 0 0 ) (1664 0 128 ) 
4 191 192 (1632 0 0 ) (1632 -31.998047 0 ) (1632 -31.998043 128 ) (1632 0 128 ) 
4 192 252 (1024 -32 128 ) (1024 0 128 ) (1024 0 0 ) (1024 -32 0 ) 
4 192 198 (1024 -32 0 ) (1024 0 0 ) (1312 0 0 ) (1312 -32 0 ) 
4 192 196 (1024 -32 0 ) (1600 -32 0 ) (1600 -32 128 ) (1024 -32 128 ) 
4 193 197 (1760 0 0 ) (1952 0 0 ) (1952 -32 0 ) (1760 -32 0 ) 
4 193 195 (1760 -32 0 ) (1952 -32 0 ) (1952 -32 128 ) (1760 -32 128 ) 
4 193 194 (1664 0 128 ) (1664 0 0 ) (1664 -32 0 ) (1664 -32 128 ) 
4 195 197 (1760 -48 0 ) (1760 -32 0 ) (1952 -32 0 ) (1952 -48 0 ) 
4 196 252 (1024 -160 0 ) (1024 -160 128 ) (1024 -32 128 ) (1024 -32 0 ) 
4 196 208 (1216 -160 128 ) (1024 -160 128 ) (1024 -160 0 ) (1216 -160 0 ) 
4 196 205 (1568 -160 0 ) (1600 -160 0 ) (1600 -160 113 ) (1568 -160 113 ) 
4 196 204 (1600 -160 128 ) (1568 -160 128 ) (1568 -160 113 ) (1600 -160 113 ) 
4 196 198 (1312 -160 0 ) (1024 -160 0 ) (1024 -32 0 ) (1312 -32 0 ) 
4 198 261 (1024 -160 -128 ) (1024 -160 0 ) (1024 0 0 ) (1024 0 -128 ) 
4 198 199 (1280 -160 -128 ) (1024 -160 -128 ) (1024 0 -128 ) (1280 0 -128 ) 
4 199 269 (1024 -160 -256 ) (1024 -160 -128 ) (1024 0 -128 ) (1024 0 -256 ) 
4 200 204 (1568 -160 128 ) (1600 -160 128 ) (1600 -168 128 ) (1568 -168 128 ) 
4 200 201 (1344 -176 384 ) (1344 -176 128 ) (1600 -176 128 ) (1600 -176 384 ) 
4 202 271 (1024 -176 384 ) (1024 -160 384 ) (1024 -160 128 ) (1024 -176 128 ) 
4 202 208 (1024 -176 128 ) (1024 -160 128 ) (1088 -160 128 ) (1088 -176 128 ) 
4 203 209 (1600 -576 0 ) (1600 -512 0 ) (1696 -512 0 ) (1696 -576 0 ) 
4 203 206 (1600 -512 0 ) (1600 -576 0 ) (1600 -576 113 ) (1600 -512 113 ) 
4 204 205 (1568 -160 113 ) (1600 -160 113 ) (1600 -168 113 ) (1568 -168 113 ) 
4 206 209 (1568 -576 0 ) (1568 -512 0 ) (1600 -512 0 ) (1600 -576 0 ) 
4 206 207 (1568 -512 0 ) (1568 -576 0 ) (1568 -576 113 ) (1568 -512 113 ) 
4 207 209 (1440 -576 0 ) (1440 -512 0 ) (1568 -512 0 ) (1568 -576 0 ) 
4 208 271 (1024 -176 128 ) (1024 -160 128 ) (1024 -160 0 ) (1024 -176 0 ) 
4 214 250 (544 0 576 ) (544 0 512 ) (864 0 512 ) (864 0 576 ) 
4 214 228 (544 224 512 ) (544 288 512 ) (640 288 512 ) (640 224 512 ) 
4 214 229 (640 0 512 ) (544 0 512 ) (544 224 512 ) (640 224 512 ) 
4 214 226 (544 288 512 ) (544 384 512 ) (640 384 512 ) (640 288 512 ) 
4 214 222 (640 224 512 ) (640 384 512 ) (768 384 512 ) (768 224 512 ) 
4 214 223 (768 0 512 ) (640 0 512 ) (640 224 512 ) (768 224 512 ) 
4 214 219 (864 0 512 ) (768 0 512 ) (768 240 512 ) (864 240 512 ) 
4 214 215 (768 240 512 ) (768 384 512 ) (864 384 512 ) (864 240 512 ) 
4 215 222 (768 240 256 ) (768 240 512 ) (768 480 512 ) (768 480 256 ) 
4 215 221 (768 480 240 ) (768 480 512 ) (768 496 512 ) (768 496 240 ) 
4 215 219 (768 240 512 ) (768 240 384 ) (896 240 384 ) (896 240 512 ) 
4 215 220 (768 240 384 ) (768 240 0 ) (960 240 0 ) (960 240 384 ) 
4 215 216 (960 240 0 ) (1024 240 0 ) (1024 240 384 ) (960 240 384 ) 
4 216 220 (960 240 384 ) (960 240 0 ) (960 224 0 ) (960 224 384 ) 
4 216 217 (960 224 384 ) (960 224 0 ) (1024 224 0 ) (1024 224 384 ) 
4 217 230 (1024 224 0 ) (1024 64 0 ) (960 64 0 ) (960 224 0 ) 
4 217 220 (960 224 0 ) (960 64 0 ) (960 64 384 ) (960 224 384 ) 
4 217 218 (960 64 384 ) (960 64 0 ) (1024 64 0 ) (1024 64 384 ) 
4 218 252 (1024 0 0 ) (1024 0 384 ) (960 0 384 ) (960 0 0 ) 
4 218 230 (1024 64 0 ) (1024 0 0 ) (960 0 0 ) (960 64 0 ) 
4 218 220 (960 64 0 ) (960 0 0 ) (960 0 384 ) (960 64 384 ) 
4 219 251 (896 0 512 ) (768 0 512 ) (768 0 384 ) (896 0 384 ) 
4 219 222 (768 224 512 ) (768 240 512 ) (768 240 384 ) (768 224 384 ) 
4 219 223 (768 0 384 ) (768 0 512 ) (768 224 512 ) (768 224 384 ) 
4 219 220 (768 0 384 ) (768 240 384 ) (896 240 384 ) (896 0 384 ) 
4 220 252 (768 0 384 ) (768 0 0 ) (960 0 0 ) (960 0 384 ) 
4 220 230 (960 0 0 ) (896 0 0 ) (896 224 0 ) (960 224 0 ) 
4 220 222 (768 224 256 ) (768 224 384 ) (768 240 384 ) (768 240 256 ) 
4 220 223 (768 224 0 ) (768 0 0 ) (768 0 384 ) (768 224 384 ) 
4 221 224 (640 480 240 ) (640 480 512 ) (640 496 512 ) (640 496 240 ) 
4 221 222 (640 480 512 ) (640 480 256 ) (768 480 256 ) (768 480 512 ) 
4 222 228 (640 224 256 ) (640 224 512 ) (640 288 512 ) (640 288 256 ) 
4 222 226 (640 288 512 ) (640 416 512 ) (640 416 256 ) (640 288 256 ) 
4 222 225 (640 416 512 ) (640 480 512 ) (640 480 256 ) (640 416 256 ) 
4 222 223 (640 224 512 ) (640 224 256 ) (768 224 256 ) (768 224 512 ) 
4 223 251 (768 0 512 ) (640 0 512 ) (640 0 384 ) (768 0 384 ) 
4 223 252 (640 0 384 ) (640 0 0 ) (768 0 0 ) (768 0 384 ) 
4 223 229 (640 224 0 ) (640 0 0 ) (640 0 512 ) (640 224 512 ) 
4 224 225 (640 480 256 ) (640 480 512 ) (512 480 512 ) (512 480 256 ) 
4 225 226 (640 416 256 ) (640 416 512 ) (512 416 512 ) (512 416 256 ) 
4 226 232 (512 320 320 ) (512 384 320 ) (512 384 256 ) (512 320 256 ) 
4 226 231 (512 288 320 ) (512 288 384 ) (512 352 384 ) (512 352 320 ) 
4 226 228 (640 288 256 ) (640 288 512 ) (512 288 512 ) (512 288 256 ) 
4 226 227 (640 288 256 ) (512 288 256 ) (512 416 256 ) (640 416 256 ) 
4 228 229 (640 224 256 ) (640 224 512 ) (512 224 512 ) (512 224 256 ) 
4 229 251 (640 0 512 ) (512 0 512 ) (512 0 384 ) (640 0 384 ) 
4 229 252 (512 0 384 ) (512 0 0 ) (640 0 0 ) (640 0 384 ) 
4 229 242 (512 0 192 ) (512 0 224 ) (512 90 224 ) (512 90 192 ) 
4 229 246 (512 90 0 ) (512 0 0 ) (512 0 192 ) (512 90 192 ) 
4 229 241 (512 224 0 ) (512 90 0 ) (512 90 224 ) (512 224 224 ) 
4 229 238 (512 0 224 ) (512 0 256 ) (512 80 256 ) (512 80 224 ) 
4 229 237 (512 224 256 ) (512 224 224 ) (512 80 224 ) (512 80 256 ) 
4 229 235 (512 0 320 ) (512 0 448 ) (512 160 448 ) (512 160 320 ) 
4 230 261 (1024 0 -128 ) (1024 0 0 ) (896 0 0 ) (896 0 -128 ) 
4 230 249 (1024 0 -128 ) (896 0 -128 ) (896 224 -128 ) (1024 224 -128 ) 
4 231 232 (511 352 320 ) (512 352 320 ) (512 320 320 ) (511 320 320 ) 
4 233 241 (320 224 128 ) (256 224 128 ) (256 224 0 ) (320 224 0 ) 
4 234 263 (336 0 624 ) (336 0 448 ) (432 0 448 ) (432 0 624 ) 
4 234 236 (432 0 448 ) (336 0 448 ) (336 80 448 ) (432 80 448 ) 
4 235 253 (512 0 320 ) (512 0 448 ) (496 0 448 ) (496 0 320 ) 
4 236 263 (432 0 448 ) (336 0 448 ) (336 0 320 ) (432 0 320 ) 
4 236 239 (336 80 320 ) (432 80 320 ) (432 0 320 ) (336 0 320 ) 
4 237 244 (494.963989 90 224 ) (495.963989 90 224 ) (495.963989 80 224 ) (494.963989 80 224 ) 
4 237 243 (495.963989 90 224 ) (497.024017 90 224 ) (497.024017 80 224 ) (495.963989 80 224 ) 
4 237 242 (497.024017 90 224 ) (512 90 224 ) (512 80 224 ) (497.024017 80 224 ) 
4 237 245 (256 80 224 ) (256 90 224 ) (494.963989 90 224 ) (494.963989 80 224 ) 
4 237 241 (256 90 224 ) (256 224 224 ) (512 224 224 ) (512 90 224 ) 
4 237 240 (256 80 224 ) (336 80 224 ) (336 80 256 ) (256 80 256 ) 
4 237 239 (336 80 224 ) (432 80 224 ) (432 80 256 ) (336 80 256 ) 
4 237 238 (432 80 224 ) (512 80 224 ) (512 80 256 ) (432 80 256 ) 
4 238 264 (480 0 256 ) (432 0 256 ) (432 0 224 ) (480 0 224 ) 
4 238 254 (512 0 224 ) (512 0 256 ) (480 0 256 ) (480 0 224 ) 
4 238 244 (494.963989 80 224 ) (495.963989 80 224 ) (495.963989 0 224 ) (494.963989 0 224 ) 
4 238 243 (495.963989 80 224 ) (497.024017 80 224 ) (497.024017 0 224 ) (495.963989 0 224 ) 
4 238 242 (497.024017 80 224 ) (512 80 224 ) (512 0 224 ) (497.024017 0 224 ) 
4 238 245 (432 80 224 ) (494.963989 80 224 ) (494.963989 0 224 ) (432 0 224 ) 
4 238 239 (432 80 256 ) (432 80 224 ) (432 0 224 ) (432 0 256 ) 
4 239 263 (432 0 320 ) (336 0 320 ) (336 0 256 ) (432 0 256 ) 
4 239 264 (336 0 256 ) (336 0 224 ) (432 0 224 ) (432 0 256 ) 
4 239 245 (336 80 224 ) (432 80 224 ) (432 0 224 ) (336 0 224 ) 
4 239 240 (336 80 256 ) (336 80 224 ) (336 0 224 ) (336 0 256 ) 
4 240 265 (256 0 256 ) (256 0 224 ) (336 0 224 ) (336 0 256 ) 
4 240 245 (256 0 224 ) (256 80 224 ) (336 80 224 ) (336 0 224 ) 
4 241 248 (480 90 0 ) (288 90 0 ) (288 160 0 ) (480 160 0 ) 
4 241 247 (256 224 0 ) (256 90 0 ) (256 90 128 ) (256 224 128 ) 
4 241 244 (495.963989 90 224 ) (494.963989 90 224 ) (494.963989 90 192 ) (495.963989 90 192 ) 
4 241 243 (497.024017 90 224 ) (495.963989 90 224 ) (495.963989 90 192 ) (497.024017 90 192 ) 
4 241 242 (512 90 224 ) (497.024017 90 224 ) (497.024017 90 192 ) (512 90 192 ) 
4 241 245 (494.963989 90 224 ) (256 90 224 ) (256 90 192 ) (494.963989 90 192 ) 
4 241 246 (256 90 192 ) (256 90 0 ) (512 90 0 ) (512 90 192 ) 
4 242 255 (512 0 192 ) (512 0 224 ) (497.024017 0 224 ) (497.024017 0 192 ) 
4 242 243 (497.024017 90 224 ) (497.024017 90 192 ) (497.024017 0 192 ) (497.024017 0 224 ) 
4 242 246 (497.024017 90 192 ) (512 90 192 ) (512 0 192 ) (497.024017 0 192 ) 
4 243 256 (497.024017 0 224 ) (495.963989 0 224 ) (495.963989 0 192 ) (497.024017 0 192 ) 
4 243 246 (495.963989 90 192 ) (497.024017 90 192 ) (497.024017 0 192 ) (495.963989 0 192 ) 
4 243 244 (495.963989 90 224 ) (495.963989 90 192 ) (495.963989 0 192 ) (495.963989 0 224 ) 
4 244 257 (495.963989 0 224 ) (494.963989 0 224 ) (494.963989 0 192 ) (495.963989 0 192 ) 
4 244 246 (494.963989 90 192 ) (495.963989 90 192 ) (495.963989 0 192 ) (494.963989 0 192 ) 
4 244 245 (494.963989 90 224 ) (494.963989 90 192 ) (494.963989 0 192 ) (494.963989 0 224 ) 
4 245 265 (336 0 224 ) (256 0 224 ) (256 0 192 ) (336 0 192 ) 
4 245 264 (480 0 224 ) (336 0 224 ) (336 0 192 ) (480 0 192 ) 
4 245 258 (494.963989 0 224 ) (480 0 224 ) (480 0 192 ) (494.963989 0 192 ) 
4 245 246 (256 0 192 ) (256 90 192 ) (494.963989 90 192 ) (494.963989 0 192 ) 
4 246 265 (256 0 0 ) (336 0 0 ) (336 0 192 ) (256 0 192 ) 
4 246 264 (336 0 0 ) (480 0 0 ) (480 0 192 ) (336 0 192 ) 
4 246 259 (480 0 0 ) (512 0 0 ) (512 0 192 ) (480 0 192 ) 
4 246 248 (480 0 0 ) (288 0 0 ) (288 90 0 ) (480 90 0 ) 
4 246 247 (256 90 0 ) (256 0 0 ) (256 0 128 ) (256 90 128 ) 
4 247 268 (240 0 0 ) (256 0 0 ) (256 0 128 ) (240 0 128 ) 
4 248 266 (480 0 -16 ) (480 0 0 ) (288 0 0 ) (288 0 -16 ) 
4 249 269 (1024 0 -256 ) (1024 0 -128 ) (896 0 -128 ) (896 0 -256 ) 
4 250 251 (864 -160 512 ) (544 -160 512 ) (544 0 512 ) (864 0 512 ) 
4 251 275 (896 -160 512 ) (512 -160 512 ) (512 -160 384 ) (896 -160 384 ) 
4 251 253 (512 -96 448 ) (512 0 448 ) (512 0 384 ) (512 -96 384 ) 
4 251 252 (896 -160 384 ) (512 -160 384 ) (512 0 384 ) (896 0 384 ) 
4 252 284 (640 -160 0 ) (768 -160 0 ) (768 -160 126 ) (640 -160 126 ) 
4 252 281 (768 -160 126 ) (768 -160 128 ) (640 -160 128 ) (640 -160 126 ) 
4 252 275 (896 -160 384 ) (512 -160 384 ) (512 -160 256 ) (896 -160 256 ) 
4 252 271 (1024 -160 0 ) (1024 -160 384 ) (960 -160 384 ) (960 -160 0 ) 
4 252 262 (864 -160 0 ) (576 -160 0 ) (576 -32 0 ) (864 -32 0 ) 
4 252 261 (1024 -160 0 ) (896 -160 0 ) (896 0 0 ) (1024 0 0 ) 
4 252 255 (512 -26 192 ) (512 -26 224 ) (512 0 224 ) (512 0 192 ) 
4 252 259 (512 0 0 ) (512 -26 0 ) (512 -26 192 ) (512 0 192 ) 
4 252 260 (512 -26 0 ) (512 -160 0 ) (512 -160 224 ) (512 -26 224 ) 
4 252 254 (512 -160 224 ) (512 -160 256 ) (512 0 256 ) (512 0 224 ) 
4 252 253 (512 -96 384 ) (512 0 384 ) (512 0 320 ) (512 -96 320 ) 
4 254 267 (480 -32 224 ) (480 -160 224 ) (480 -160 256 ) (480 -32 256 ) 
4 254 264 (480 0 256 ) (480 0 224 ) (480 -32 224 ) (480 -32 256 ) 
4 254 257 (494.963989 0 224 ) (496.024017 0 224 ) (496.024017 -26 224 ) (494.963989 -26 224 ) 
4 254 256 (496.024017 0 224 ) (497.024017 0 224 ) (497.024017 -26 224 ) (496.024017 -26 224 ) 
4 254 258 (480 -26 224 ) (480 0 224 ) (494.963989 0 224 ) (494.963989 -26 224 ) 
4 254 255 (497.024017 0 224 ) (512 0 224 ) (512 -26 224 ) (497.024017 -26 224 ) 
4 254 260 (480 -160 224 ) (480 -26 224 ) (512 -26 224 ) (512 -160 224 ) 
4 255 256 (497.024017 0 192 ) (497.024017 -26 192 ) (497.024017 -26 224 ) (497.024017 0 224 ) 
4 255 259 (512 -26 192 ) (497.024017 -26 192 ) (497.024017 0 192 ) (512 0 192 ) 
4 255 260 (512 -26 192 ) (512 -26 224 ) (497.024017 -26 224 ) (497.024017 -26 192 ) 
4 256 259 (497.024017 -26 192 ) (496.024017 -26 192 ) (496.024017 0 192 ) (497.024017 0 192 ) 
4 256 260 (497.024017 -26 224 ) (496.024017 -26 224 ) (496.024017 -26 192 ) (497.024017 -26 192 ) 
4 256 257 (496.024017 0 192 ) (496.024017 -26 192 ) (496.024017 -26 224 ) (496.024017 0 224 ) 
4 257 258 (494.963989 0 192 ) (494.963989 -26 192 ) (494.963989 -26 224 ) (494.963989 0 224 ) 
4 257 259 (496.024017 -26 192 ) (494.963989 -26 192 ) (494.963989 0 192 ) (496.024017 0 192 ) 
4 257 260 (496.024017 -26 224 ) (494.963989 -26 224 ) (494.963989 -26 192 ) (496.024017 -26 192 ) 
4 258 264 (480 0 224 ) (480 0 192 ) (480 -26 192 ) (480 -26 224 ) 
4 258 260 (494.963989 -26 224 ) (480 -26 224 ) (480 -26 192 ) (494.963989 -26 192 ) 
4 258 259 (494.963989 -26 192 ) (480 -26 192 ) (480 0 192 ) (494.963989 0 192 ) 
4 259 264 (480 0 192 ) (480 0 0 ) (480 -26 0 ) (480 -26 192 ) 
4 259 260 (480 -26 0 ) (512 -26 0 ) (512 -26 192 ) (480 -26 192 ) 
4 260 267 (480 -32 0 ) (480 -160 0 ) (480 -160 224 ) (480 -32 224 ) 
4 260 264 (480 -26 0 ) (480 -32 0 ) (480 -32 224 ) (480 -26 224 ) 
4 261 269 (1024 -160 -128 ) (896 -160 -128 ) (896 0 -128 ) (1024 0 -128 ) 
4 263 264 (336 -16 256 ) (336 0 256 ) (432 0 256 ) (432 -16 256 ) 
4 264 267 (336 -32 0 ) (480 -32 0 ) (480 -32 256 ) (336 -32 256 ) 
4 264 266 (480 -32 0 ) (336 -32 0 ) (336 0 0 ) (480 0 0 ) 
4 264 265 (336 0 256 ) (336 0 0 ) (336 -32 0 ) (336 -32 256 ) 
4 265 268 (256 -32 0 ) (256 -32 128 ) (256 0 128 ) (256 0 0 ) 
4 265 267 (256 -32 256 ) (256 -32 0 ) (336 -32 0 ) (336 -32 256 ) 
4 265 266 (336 -32 0 ) (288 -32 0 ) (288 0 0 ) (336 0 0 ) 
4 267 287 (448 -160 128 ) (256 -160 128 ) (256 -160 0 ) (448 -160 0 ) 
4 267 268 (256 -160 0 ) (256 -160 128 ) (256 -32 128 ) (256 -32 0 ) 
4 270 275 (896 -288 384 ) (896 -352 384 ) (896 -352 512 ) (896 -288 512 ) 
4 270 272 (896 -352 384 ) (896 -288 384 ) (912 -288 384 ) (912 -352 384 ) 
4 272 275 (896 -224 320 ) (896 -352 320 ) (896 -352 384 ) (896 -224 384 ) 
4 273 274 (784 -208 544 ) (784 -368 544 ) (624 -368 544 ) (624 -208 544 ) 
4 274 275 (624 -208 512 ) (784 -208 512 ) (784 -368 512 ) (624 -368 512 ) 
4 275 278 (800 -416 256 ) (864 -416 256 ) (864 -416 320 ) (800 -416 320 ) 
4 275 277 (832 -416 512 ) (576 -416 512 ) (576 -416 384 ) (832 -416 384 ) 
4 275 276 (512 -160 256 ) (512 -416 256 ) (512 -416 512 ) (512 -160 512 ) 
4 277 289 (832 -448 512 ) (576 -448 512 ) (576 -448 384 ) (832 -448 384 ) 
4 279 284 (768 -256 0 ) (768 -320 0 ) (768 -320 64 ) (768 -256 64 ) 
4 280 281 (640 -320 128 ) (640 -288 128 ) (768 -288 128 ) (768 -320 128 ) 
4 281 284 (640 -434 126 ) (640 -160 126 ) (768 -160 126 ) (768 -434 126 ) 
4 281 282 (640 -434 126 ) (768 -434 126 ) (768 -434 128 ) (640 -434 128 ) 
4 282 285 (640 -436 126 ) (640 -434 126 ) (768 -434 126 ) (768 -436 126 ) 
4 282 283 (640 -436 126 ) (768 -436 126 ) (768 -436 128 ) (640 -436 128 ) 
4 283 291 (640 -448 128 ) (640 -448 126 ) (768 -448 126 ) (768 -448 128 ) 
4 283 286 (640 -448 126 ) (640 -436 126 ) (768 -436 126 ) (768 -448 126 ) 
4 284 288 (768 -224 0 ) (768 -352 0 ) (640 -352 0 ) (640 -224 0 ) 
4 284 285 (768 -434 0 ) (768 -434 126 ) (640 -434 126 ) (640 -434 0 ) 
4 285 286 (768 -436 0 ) (768 -436 126 ) (640 -436 126 ) (640 -436 0 ) 
4 286 291 (640 -448 126 ) (640 -448 0 ) (768 -448 0 ) (768 -448 126 ) 
4 289 292 (864 -512 544 ) (576 -512 544 ) (576 -512 384 ) (864 -512 384 ) 
4 290 291 (768 -512 192 ) (640 -512 192 ) (640 -448 192 ) (768 -448 192 ) 
4 291 293 (768 -512 128 ) (640 -512 128 ) (640 -512 0 ) (768 -512 0 ) 
4 293 294 (640 -704 -128 ) (768 -704 -128 ) (768 -704 128 ) (640 -704 128 ) 
4 294 297 (960 -832 -128 ) (960 -832 768 ) (448 -832 768 ) (448 -832 -128 ) 
4 294 295 (960 -832 -128 ) (448 -832 -128 ) (448 -704 -128 ) (960 -704 -128 ) 
4 295 299 (448 -832 -896 ) (960 -832 -896 ) (960 -832 -128 ) (448 -832 -128 ) 
4 296 307 (960 -1024 -128 ) (960 -1024 128 ) (768 -1024 128 ) (768 -1024 -128 ) 
4 296 300 (960 -1024 128 ) (960 -1024 768 ) (768 -1024 768 ) (768 -1024 128 ) 
3 296 298 (960 -832 -128 ) (960 -1024 -128 ) (768 -1024 -128 ) 
4 296 297 (960 -832 768 ) (960 -832 -128 ) (768 -1024 -128 ) (768 -1024 768 ) 
4 297 311 (448 -1024 128 ) (448 -1024 0 ) (704.187195 -1024 0 ) (704.183167 -1024 128 ) 
4 297 310 (704.187195 -1024 0 ) (768 -1024 0 ) (768 -1024 128 ) (704.183167 -1024 128 ) 
4 297 316 (448 -1024 0 ) (448 -1024 -128 ) (768 -1024 -128 ) (768 -1024 0 ) 
4 297 301 (768 -1024 768 ) (448 -1024 768 ) (448 -1024 128 ) (768 -1024 128 ) 
4 297 299 (448 -1024 -128 ) (448 -832 -128 ) (960 -832 -128 ) (768 -1024 -128 ) 
4 298 317 (960 -1024 -896 ) (960 -1024 -128 ) (768 -1024 -128 ) (768 -1024 -896 ) 
4 298 299 (768 -1024 -128 ) (960 -832 -128 ) (960 -832 -896 ) (768 -1024 -896 ) 
4 299 318 (768 -1024 -128 ) (448 -1024 -128 ) (448 -1024 -896 ) (768 -1024 -896 ) 
5 300 307 (768 -1024 128 ) (960 -1024 128 ) (960 -1488 128 ) (448 -1488 128 ) (448 -1344 128 ) 
4 300 302 (448 -1488 128 ) (560 -1488 128 ) (560 -1488 768 ) (448 -1488 768 ) 
4 300 301 (768 -1024 128 ) (448 -1344 128 ) (448 -1344 768 ) (768 -1024 768 ) 
4 301 315 (499.400055 -1181.228394 128 ) (465.132141 -1122.770264 128 ) (480.243561 -1116.720825 128 ) (512.502625 -1171.151001 128 ) 
4 301 314 (546.209045 -1228.023315 128 ) (499.405273 -1181.237305 128 ) (499.400055 -1181.228394 128 ) (512.502625 -1171.151001 128 ) 
4 301 313 (465.132141 -1122.770264 128 ) (448 -1093.544312 128 ) (448 -1062.316895 128 ) (480.243561 -1116.720825 128 ) 
4 301 312 (556.851929 -1215.489990 128 ) (546.774231 -1228.588257 128 ) (546.209045 -1228.023315 128 ) (512.472900 -1171.100952 128 ) 
5 301 311 (448 -1024 128 ) (704.183228 -1024 128 ) (556.851929 -1215.489990 128 ) (512.472900 -1171.100952 128 ) (448 -1062.316895 128 ) 
4 301 310 (704.183228 -1024 128 ) (768 -1024 128 ) (555.094666 -1236.905518 128 ) (546.774231 -1228.588257 128 ) 
3 301 309 (499.405273 -1181.237305 128 ) (448 -1129.851563 128 ) (448 -1093.544312 128 ) 
3 301 308 (555.094666 -1236.905518 128 ) (448 -1344 128 ) (448 -1129.851563 128 ) 
4 302 322 (560 -1552 128 ) (448 -1552 128 ) (448 -1488 128 ) (560 -1488 128 ) 
3 304 325 (432 -1360 128 ) (432 -1552 128 ) (240 -1552 128 ) 
4 304 305 (240 -1552 128 ) (240 -1552 192 ) (432 -1360 192 ) (432 -1360 128 ) 
5 305 326 (432 -1296 128 ) (432 -1360 128 ) (240 -1552 128 ) (48 -1552 128 ) (48 -1296 128 ) 
4 306 336 (0 -1808 256 ) (0 -1360 256 ) (0 -1360 128 ) (0 -1808 128 ) 
4 306 333 (0 -1360 256 ) (0 -1296 256 ) (0 -1296 128 ) (0 -1360 128 ) 
4 306 332 (0 -1296 256 ) (0 -1040 256 ) (0 -1040 128 ) (0 -1296 128 ) 
4 306 329 (0 -1808 128 ) (0 -1040 128 ) (32 -1040 128 ) (32 -1808 128 ) 
4 307 322 (560 -1488 128 ) (448 -1488 128 ) (448 -1488 -128 ) (560 -1488 -128 ) 
4 307 319 (448 -1488 0 ) (448 -1488 128 ) (448 -1360 128 ) (448 -1360 0 ) 
5 307 317 (448 -1488 -128 ) (448 -1344 -128 ) (768 -1024 -128 ) (960 -1024 -128 ) (960 -1488 -128 ) 
4 307 310 (555.094604 -1236.905396 128 ) (768 -1024 128 ) (768 -1024 0 ) (555.095032 -1236.904907 0 ) 
4 307 308 (448 -1344 0 ) (448 -1344 128 ) (555.094604 -1236.905396 128 ) (555.095032 -1236.904907 0 ) 
4 307 316 (768 -1024 -128 ) (448 -1344 -128 ) (448 -1344 0 ) (768 -1024 0 ) 
4 308 314 (546.213745 -1228.029663 0 ) (499.410065 -1181.243652 0 ) (499.408997 -1181.243652 128 ) (546.212769 -1228.029663 128 ) 
4 308 312 (546.775818 -1228.591553 0 ) (546.213745 -1228.029663 0 ) (546.212769 -1228.029663 128 ) (546.773071 -1228.589722 128 ) 
4 308 310 (555.093262 -1236.906738 128 ) (555.093750 -1236.906250 0 ) (546.775818 -1228.591553 0 ) (546.773071 -1228.589722 128 ) 
4 308 309 (499.410065 -1181.243652 0 ) (448 -1129.853149 0 ) (448 -1129.854126 128 ) (499.408997 -1181.243652 128 ) 
3 308 316 (555.095032 -1236.904907 0 ) (448 -1344 0 ) (448 -1129.850586 0 ) 
4 309 315 (499.405212 -1181.238159 128 ) (499.406250 -1181.238281 0 ) (465.132416 -1122.770142 0 ) (465.131653 -1122.770508 128 ) 
4 309 313 (465.132416 -1122.770142 0 ) (448 -1093.543701 0 ) (448 -1093.545410 128 ) (465.131653 -1122.770508 128 ) 
3 309 316 (499.406342 -1181.237427 0 ) (448 -1129.850586 0 ) (448 -1093.542603 0 ) 
4 310 312 (556.851746 -1215.495850 0 ) (546.777344 -1228.589844 0 ) (546.774658 -1228.588135 128 ) (556.852112 -1215.490112 128 ) 
4 310 311 (704.186768 -1024 0 ) (556.851746 -1215.495850 0 ) (556.852112 -1215.490112 128 ) (704.182739 -1024 128 ) 
4 310 316 (768 -1024 0 ) (555.095032 -1236.904907 0 ) (546.776855 -1228.589966 0 ) (704.187195 -1024 0 ) 
4 311 315 (480.243744 -1116.720825 0 ) (512.482178 -1171.116211 0 ) (512.470947 -1171.098999 128 ) (480.242859 -1116.721069 128 ) 
4 311 313 (448 -1062.318115 128 ) (448 -1062.316406 0 ) (480.243744 -1116.720825 0 ) (480.242859 -1116.721069 128 ) 
5 311 316 (512.484070 -1171.118164 0 ) (448 -1062.315308 0 ) (448 -1024 0 ) (704.187195 -1024 0 ) (556.851563 -1215.495605 0 ) 
4 311 312 (512.472290 -1171.099365 128 ) (512.483521 -1171.116577 0 ) (556.853516 -1215.496094 0 ) (556.853882 -1215.490479 128 ) 
4 312 314 (512.482178 -1171.116211 0 ) (546.206726 -1228.019165 0 ) (546.205750 -1228.019165 128 ) (512.470947 -1171.098999 128 ) 
4 312 316 (546.776855 -1228.589966 0 ) (546.210022 -1228.023315 0 ) (512.484070 -1171.118164 0 ) (556.851563 -1215.495605 0 ) 
4 313 315 (465.132324 -1122.770874 128 ) (465.133148 -1122.770508 0 ) (480.242188 -1116.721680 0 ) (480.241394 -1116.722046 128 ) 
4 313 316 (465.132935 -1122.769897 0 ) (448 -1093.542603 0 ) (448 -1062.315308 0 ) (480.244324 -1116.720581 0 ) 
4 314 316 (546.210022 -1228.023315 0 ) (499.406342 -1181.237427 0 ) (499.400757 -1181.227905 0 ) (512.503296 -1171.150635 0 ) 
4 314 315 (512.503479 -1171.151855 128 ) (512.504150 -1171.151367 0 ) (499.402191 -1181.228516 0 ) (499.401489 -1181.229004 128 ) 
4 315 316 (499.400757 -1181.227905 0 ) (465.132935 -1122.769897 0 ) (480.244324 -1116.720581 0 ) (512.503296 -1171.150635 0 ) 
3 316 318 (448 -1344 -128 ) (448 -1024 -128 ) (768 -1024 -128 ) 
4 317 322 (448 -1488 -128 ) (448 -1488 -896 ) (560 -1488 -896 ) (560 -1488 -128 ) 
4 317 318 (448 -1344 -128 ) (768 -1024 -128 ) (768 -1024 -896 ) (448 -1344 -896 ) 
4 319 320 (440 -1360 128 ) (440 -1360 0 ) (440 -1488 0 ) (440 -1488 128 ) 
4 320 321 (439 -1360 128 ) (439 -1360 0 ) (439 -1488 0 ) (439 -1488 128 ) 
4 321 325 (432 -1488 128 ) (432 -1360 128 ) (432 -1360 0 ) (432 -1488 0 ) 
4 323 324 (48 -1248 128 ) (48 -1248 0 ) (432 -1248 0 ) (432 -1248 128 ) 
4 324 326 (48 -1250 128 ) (48 -1250 0 ) (432 -1250 0 ) (432 -1250 128 ) 
4 325 326 (432 -1360 128 ) (432 -1360 0 ) (240 -1552 0 ) (240 -1552 128 ) 
4 326 328 (48 -1488 128 ) (48 -1360 128 ) (48 -1360 0 ) (48 -1488 0 ) 
4 327 329 (32 -1188 80 ) (32 -1188 52 ) (32 -1216 52 ) (32 -1216 80 ) 
4 328 329 (32 -1488 128 ) (32 -1360 128 ) (32 -1360 0 ) (32 -1488 0 ) 
4 329 339 (0 -1808 128 ) (0 -1040 128 ) (0 -1040 0 ) (0 -1808 0 ) 
4 330 336 (0 -1360 256 ) (0 -1680 256 ) (-672 -1680 256 ) (-672 -1360 256 ) 
4 330 333 (0 -1296 256 ) (0 -1360 256 ) (-672 -1360 256 ) (-672 -1296 256 ) 
4 330 332 (-672 -1168 256 ) (0 -1168 256 ) (0 -1296 256 ) (-672 -1296 256 ) 
4 331 338 (-544 -1024 128 ) (-160 -1024 128 ) (-160 -1040 128 ) (-544 -1040 128 ) 
4 331 332 (-544 -1040 128 ) (-160 -1040 128 ) (-160 -1040 224 ) (-544 -1040 224 ) 
4 332 339 (0 -1040 128 ) (0 -1296 128 ) (-736 -1296 128 ) (-736 -1040 128 ) 
4 332 333 (-736 -1296 128 ) (0 -1296 128 ) (0 -1296 256 ) (-736 -1296 256 ) 
4 333 339 (0 -1296 128 ) (0 -1360 128 ) (-736 -1360 128 ) (-736 -1296 128 ) 
4 333 336 (-736 -1360 128 ) (0 -1360 128 ) (0 -1360 256 ) (-736 -1360 256 ) 
4 333 334 (-736 -1296 224 ) (-736 -1296 160 ) (-736 -1360 160 ) (-736 -1360 224 ) 
4 334 335 (-816 -1360 160 ) (-816 -1360 224 ) (-816 -1296 224 ) (-816 -1296 160 ) 
4 336 339 (0 -1360 128 ) (0 -1808 128 ) (-736 -1808 128 ) (-736 -1360 128 ) 
4 337 348 (-416 -2048 240 ) (-416 -2048 128 ) (-288 -2048 128 ) (-288 -2048 240 ) 
4 337 343 (-288 -2048 128 ) (-416 -2048 128 ) (-416 -1952 128 ) (-288 -1952 128 ) 
4 337 342 (-416 -1952 128 ) (-416 -1824 128 ) (-288 -1824 128 ) (-288 -1952 128 ) 
4 338 339 (-160 -1040 32 ) (-160 -1040 128 ) (-544 -1040 128 ) (-544 -1040 32 ) 
4 339 341 (-384 -1808 0 ) (-320 -1808 0 ) (-320 -1808 128 ) (-384 -1808 128 ) 
4 339 340 (-736 -1360 0 ) (-736 -1488 0 ) (-736 -1488 128 ) (-736 -1360 128 ) 
4 341 342 (-384 -1824 0 ) (-320 -1824 0 ) (-320 -1824 128 ) (-384 -1824 128 ) 
4 342 343 (-416 -1952 0 ) (-288 -1952 0 ) (-288 -1952 128 ) (-416 -1952 128 ) 
4 343 349 (-288 -2048 128 ) (-416 -2048 128 ) (-416 -2048 0 ) (-288 -2048 0 ) 
4 343 344 (-416 -1984 0 ) (-416 -2048 0 ) (-416 -2048 128 ) (-416 -1984 128 ) 
4 344 345 (-432 -1984 0 ) (-432 -2048 0 ) (-432 -2048 128 ) (-432 -1984 128 ) 
4 345 350 (-432 -2048 128 ) (-624 -2048 128 ) (-624 -2048 0 ) (-432 -2048 0 ) 
4 346 379 (0 -3072 -432 ) (0 -3072 -208 ) (0 -2848 -208 ) (0 -2848 -432 ) 
4 346 377 (0 -3072 -208 ) (0 -3072 -142 ) (0 -2848 -142 ) (0 -2848 -208 ) 
4 346 369 (0 -3072 -142 ) (0 -3072 208 ) (0 -2848 208 ) (0 -2848 -142 ) 
4 346 347 (128 -3072 -432 ) (128 -3072 208 ) (0 -3072 208 ) (0 -3072 -432 ) 
4 347 389 (0 -3616 -432 ) (0 -3616 208 ) (0 -3072 208 ) (0 -3072 -432 ) 
4 348 349 (-288 -2208 128 ) (-416 -2208 128 ) (-416 -2048 128 ) (-288 -2048 128 ) 
4 349 354 (-320 -2208 128 ) (-384 -2208 128 ) (-384 -2208 0 ) (-320 -2208 0 ) 
4 351 357 (-512 -2208 0 ) (-448 -2208 0 ) (-448 -2208 64 ) (-512 -2208 64 ) 
4 351 353 (-448 -2208 0 ) (-512 -2208 0 ) (-512 -2144 0 ) (-448 -2144 0 ) 
4 352 370 (-448 -2144 -142 ) (-192 -2144 -142 ) (-192 -2208 -142 ) (-448 -2208 -142 ) 
4 352 359 (-448 -2208 -142 ) (-384 -2208 -142 ) (-384 -2208 -128 ) (-448 -2208 -128 ) 
4 352 358 (-384 -2208 -128 ) (-384 -2208 -64 ) (-448 -2208 -64 ) (-448 -2208 -128 ) 
4 352 356 (-320 -2208 -128 ) (-320 -2208 -64 ) (-384 -2208 -64 ) (-384 -2208 -128 ) 
4 352 353 (-448 -2144 -48 ) (-448 -2144 -142 ) (-448 -2208 -142 ) (-448 -2208 -48 ) 
4 353 370 (-512 -2144 -142 ) (-448 -2144 -142 ) (-448 -2208 -142 ) (-512 -2208 -142 ) 
4 353 359 (-512 -2208 -142 ) (-448 -2208 -142 ) (-448 -2208 -128 ) (-512 -2208 -128 ) 
4 353 358 (-448 -2208 -128 ) (-448 -2208 -64 ) (-512 -2208 -64 ) (-512 -2208 -128 ) 
4 353 357 (-448 -2208 -64 ) (-448 -2208 0 ) (-512 -2208 0 ) (-512 -2208 -64 ) 
4 354 355 (-384 -2223 0 ) (-320 -2223 0 ) (-320 -2223 128 ) (-384 -2223 128 ) 
4 355 360 (-320 -2224 0 ) (-320 -2224 128 ) (-384 -2224 128 ) (-384 -2224 0 ) 
4 356 360 (-320 -2224 -128 ) (-320 -2224 -64 ) (-384 -2224 -64 ) (-384 -2224 -128 ) 
4 356 358 (-384 -2208 -64 ) (-384 -2208 -128 ) (-384 -2224 -128 ) (-384 -2224 -64 ) 
4 357 360 (-448 -2224 64 ) (-512 -2224 64 ) (-512 -2224 -64 ) (-448 -2224 -64 ) 
4 357 358 (-512 -2224 -64 ) (-512 -2208 -64 ) (-448 -2208 -64 ) (-448 -2224 -64 ) 
4 358 360 (-384 -2224 -128 ) (-384 -2224 -64 ) (-512 -2224 -64 ) (-512 -2224 -128 ) 
4 358 359 (-512 -2224 -128 ) (-512 -2208 -128 ) (-384 -2208 -128 ) (-384 -2224 -128 ) 
4 359 371 (-512 -2208 -142 ) (-384 -2208 -142 ) (-384 -2224 -142 ) (-512 -2224 -142 ) 
4 359 360 (-512 -2224 -142 ) (-384 -2224 -142 ) (-384 -2224 -128 ) (-512 -2224 -128 ) 
4 360 372 (-896 -2224 -142 ) (-192 -2224 -142 ) (-192 -2480 -142 ) (-896 -2480 -142 ) 
4 360 361 (-192 -2480 -128 ) (-192 -2480 64 ) (-896 -2480 64 ) (-896 -2480 -128 ) 
4 361 362 (-384 -2576 64 ) (-768 -2576 64 ) (-768 -2576 -128 ) (-384 -2576 -128 ) 
4 362 374 (-704 -2576 -142 ) (-408 -2576 -142 ) (-408 -2832 -142 ) (-704 -2832 -142 ) 
4 362 373 (-408 -2576 -142 ) (-384 -2576 -142 ) (-384 -2832 -142 ) (-408 -2832 -142 ) 
4 362 376 (-768 -2576 -142 ) (-704 -2576 -142 ) (-704 -2832 -142 ) (-768 -2832 -142 ) 
4 362 363 (-512 -2832 16 ) (-640 -2832 16 ) (-640 -2832 -112 ) (-512 -2832 -112 ) 
4 363 364 (-640 -2838 16 ) (-640 -2838 -112 ) (-512 -2838 -112 ) (-512 -2838 16 ) 
4 364 365 (-640 -2840 16 ) (-640 -2840 -112 ) (-512 -2840 -112 ) (-512 -2840 16 ) 
4 365 369 (-640 -2848 -112 ) (-512 -2848 -112 ) (-512 -2848 16 ) (-640 -2848 16 ) 
4 366 367 (-448 -2912 464 ) (-448 -2912 208 ) (-448 -3040 208 ) (-448 -3040 464 ) 
4 366 369 (-320 -2912 208 ) (-320 -3040 208 ) (-448 -3040 208 ) (-448 -2912 208 ) 
4 367 387 (-448 -3072 464 ) (-768 -3072 464 ) (-768 -3072 208 ) (-448 -3072 208 ) 
4 367 368 (-768 -2976 208 ) (-768 -3072 208 ) (-768 -3072 464 ) (-768 -2976 464 ) 
4 367 369 (-448 -3072 208 ) (-768 -3072 208 ) (-768 -2912 208 ) (-448 -2912 208 ) 
4 368 388 (-768 -3072 464 ) (-1024 -3072 464 ) (-1024 -3072 208 ) (-768 -3072 208 ) 
4 368 383 (-1024 -3072 208 ) (-1024 -3072 464 ) (-1024 -2976 464 ) (-1024 -2976 208 ) 
4 368 369 (-1024 -3072 208 ) (-1024 -2976 208 ) (-768 -2976 208 ) (-768 -3072 208 ) 
4 369 390 (-512 -3072 208 ) (-1024 -3072 208 ) (-1024 -3072 -142 ) (-512 -3072 -142 ) 
4 369 389 (0 -3072 -142 ) (0 -3072 208 ) (-512 -3072 208 ) (-512 -3072 -142 ) 
4 369 384 (-1024 -2848 -142 ) (-1024 -3072 -142 ) (-1024 -3072 208 ) (-1024 -2848 208 ) 
4 369 377 (-1024 -3072 -142 ) (-1024 -2848 -142 ) (0 -2848 -142 ) (0 -3072 -142 ) 
4 370 371 (-384 -2208 -142 ) (-512 -2208 -142 ) (-512 -2208 -192 ) (-384 -2208 -192 ) 
4 371 372 (-384 -2224 -142 ) (-512 -2224 -142 ) (-512 -2224 -192 ) (-384 -2224 -192 ) 
4 372 378 (-896 -2224 -208 ) (-192 -2224 -208 ) (-192 -2480 -208 ) (-896 -2480 -208 ) 
4 373 375 (-408 -2576 -172 ) (-408 -2576 -192 ) (-408 -2832 -192 ) (-408 -2832 -172 ) 
4 373 374 (-408 -2576 -142 ) (-408 -2576 -172 ) (-408 -2832 -172 ) (-408 -2832 -142 ) 
4 374 376 (-704 -2576 -142 ) (-704 -2576 -172 ) (-704 -2832 -172 ) (-704 -2832 -142 ) 
4 374 375 (-704 -2832 -172 ) (-704 -2576 -172 ) (-408 -2576 -172 ) (-408 -2832 -172 ) 
4 375 376 (-704 -2576 -172 ) (-704 -2576 -192 ) (-704 -2832 -192 ) (-704 -2832 -172 ) 
4 377 390 (-512 -3072 -142 ) (-1024 -3072 -142 ) (-1024 -3072 -208 ) (-512 -3072 -208 ) 
4 377 389 (0 -3072 -208 ) (0 -3072 -142 ) (-512 -3072 -142 ) (-512 -3072 -208 ) 
4 377 384 (-1024 -2848 -208 ) (-1024 -3072 -208 ) (-1024 -3072 -142 ) (-1024 -2848 -142 ) 
4 377 381 (-896 -3072 -208 ) (-1024 -3072 -208 ) (-1024 -2848 -208 ) (-896 -2848 -208 ) 
4 377 380 (-512 -3072 -208 ) (-896 -3072 -208 ) (-896 -2848 -208 ) (-512 -2848 -208 ) 
4 377 379 (0 -3072 -208 ) (-512 -3072 -208 ) (-512 -2848 -208 ) (0 -2848 -208 ) 
4 379 389 (0 -3072 -432 ) (0 -3072 -208 ) (-512 -3072 -208 ) (-512 -3072 -432 ) 
4 379 380 (-512 -2848 -208 ) (-512 -2848 -304 ) (-512 -3072 -304 ) (-512 -3072 -208 ) 
4 380 390 (-512 -3072 -304 ) (-512 -3072 -208 ) (-896 -3072 -208 ) (-896 -3072 -304 ) 
4 380 381 (-896 -3072 -208 ) (-896 -2848 -208 ) (-896 -2848 -304 ) (-896 -3072 -304 ) 
4 381 390 (-896 -3072 -304 ) (-896 -3072 -208 ) (-1024 -3072 -208 ) (-1024 -3072 -304 ) 
4 381 384 (-1024 -2848 -304 ) (-1024 -3072 -304 ) (-1024 -3072 -208 ) (-1024 -2848 -208 ) 
4 382 397 (-2048 -2992.919922 496 ) (-2048 -3072 496 ) (-2048 -3072 711.482056 ) (-2048 -2992.919922 711.482056 ) 
4 382 391 (-2048 -3072 711.482056 ) (-2048 -3072 496 ) (-1988.189941 -3072 496 ) (-1988.189941 -3072 711.482056 ) 
4 383 393 (-1024 -3072 208 ) (-1024 -3072 464 ) (-1536 -3072 464 ) (-1536 -3072 208 ) 
4 383 384 (-1024 -2976 208 ) (-1024 -3072 208 ) (-1536 -3072 208 ) (-1536 -2976 208 ) 
4 384 402 (-2048 -2976 -304 ) (-2048 -3072 -304 ) (-2048 -3072 208 ) (-2048 -2976 208 ) 
4 384 401 (-2048 -2848 -304 ) (-2048 -2976 -304 ) (-2048 -2976 208 ) (-2048 -2848 208 ) 
4 384 394 (-1024 -3072 -304 ) (-1024 -3072 208 ) (-2048 -3072 208 ) (-2048 -3072 -304 ) 
4 384 385 (-1024 -3072 -304 ) (-1792 -3072 -304 ) (-1792 -2848 -304 ) (-1024 -2848 -304 ) 
4 385 395 (-1024 -3072 -1072 ) (-1024 -3072 -304 ) (-1792 -3072 -304 ) (-1792 -3072 -1072 ) 
4 386 389 (-256 -3424 208 ) (-256 -3168 208 ) (0 -3168 208 ) (0 -3424 208 ) 
4 387 390 (-768 -3360 208 ) (-768 -3072 208 ) (-512 -3072 208 ) (-512 -3360 208 ) 
4 387 389 (-512 -3072 208 ) (-448 -3072 208 ) (-448 -3360 208 ) (-512 -3360 208 ) 
4 387 388 (-768 -3072 208 ) (-768 -3296 208 ) (-768 -3296 464 ) (-768 -3072 464 ) 
4 388 393 (-1024 -3072 464 ) (-1024 -3072 208 ) (-1024 -3296 208 ) (-1024 -3296 464 ) 
4 388 390 (-1024 -3296 208 ) (-1024 -3072 208 ) (-768 -3072 208 ) (-768 -3296 208 ) 
4 389 390 (-512 -3616 -304 ) (-512 -3616 208 ) (-512 -3072 208 ) (-512 -3072 -304 ) 
4 390 394 (-1024 -3072 208 ) (-1024 -3072 -304 ) (-1024 -3616 -304 ) (-1024 -3616 208 ) 
4 391 403 (-2048 -3072 711.482056 ) (-2048 -3072 496 ) (-2048 -3184.919922 496 ) (-2048 -3184.919922 711.482056 ) 
4 391 392 (-2048 -3184.919922 711.482056 ) (-2048 -3184.919922 496 ) (-1988.189941 -3184.919922 496 ) (-1988.189941 -3184.919922 711.482056 ) 
4 392 404 (-2048 -3184.919922 711.747009 ) (-2048 -3184.919922 496 ) (-2048 -3376.919922 496 ) (-2048 -3376.919922 711.747009 ) 
4 393 394 (-1024 -3072 208 ) (-1024 -3296 208 ) (-1536 -3296 208 ) (-1536 -3072 208 ) 
4 394 413 (-2048 -3616 208 ) (-2048 -3360 208 ) (-2048 -3360 -304 ) (-2048 -3616 -304 ) 
4 394 412 (-2048 -3360 208 ) (-2048 -3072 208 ) (-2048 -3072 -304 ) (-2048 -3360 -304 ) 
4 394 396 (-2048 -3424 -304 ) (-2048 -3168 -304 ) (-1856 -3168 -304 ) (-1856 -3424 -304 ) 
4 394 395 (-1024 -3072 -304 ) (-1024 -3616 -304 ) (-1792 -3616 -304 ) (-1792 -3072 -304 ) 
4 396 414 (-2048 -3424 -560 ) (-2048 -3424 -304 ) (-2048 -3168 -304 ) (-2048 -3168 -560 ) 
4 397 403 (-2048 -3072 496 ) (-2048 -3072 711.482056 ) (-2052.189941 -3072 711.482056 ) (-2052.189941 -3072 496 ) 
4 397 399 (-2052.189941 -3056.919922 496 ) (-2052.189941 -3072 496 ) (-2052.189941 -3072 711.482056 ) (-2052.189941 -3056.919922 711.482056 ) 
4 397 398 (-2052.189941 -2992.919922 711.482056 ) (-2052.189941 -2992.919922 496 ) (-2052.189941 -3056.919922 496 ) (-2052.189941 -3056.919922 711.482056 ) 
4 398 400 (-2116.189941 -2992.919922 711.482056 ) (-2116.189941 -2992.919922 496 ) (-2116.189941 -3056.919922 496 ) (-2116.189941 -3056.919922 711.482056 ) 
4 398 399 (-2116.189941 -3056.919922 711.482056 ) (-2116.189941 -3056.919922 496 ) (-2052.189941 -3056.919922 496 ) (-2052.189941 -3056.919922 711.482056 ) 
4 399 405 (-2116.189941 -3072 1007.479980 ) (-2116.189941 -3072 496 ) (-2052.189941 -3072 496 ) (-2052.189941 -3072 1007.479980 ) 
4 399 400 (-2116.189941 -3072 496 ) (-2116.189941 -3072 711.482056 ) (-2116.189941 -3056.919922 711.482056 ) (-2116.189941 -3056.919922 496 ) 
4 400 410 (-2178.669922 -3072 711.482056 ) (-2178.669922 -3072 496 ) (-2116.189941 -3072 496 ) (-2116.189941 -3072 711.482056 ) 
4 401 402 (-2176 -2976 -304 ) (-2048 -2976 -304 ) (-2048 -2976 208 ) (-2176 -2976 208 ) 
4 402 412 (-2048 -3072 -304 ) (-2048 -3072 208 ) (-2560 -3072 208 ) (-2560 -3072 -304 ) 
4 403 406 (-2052.189941 -3120.919922 496 ) (-2052.189941 -3184.919922 496 ) (-2052.189941 -3184.919922 711.482056 ) (-2052.189941 -3120.919922 711.482056 ) 
4 403 405 (-2052.189941 -3072 711.482056 ) (-2052.189941 -3072 496 ) (-2052.189941 -3120.919922 496 ) (-2052.189941 -3120.919922 711.482056 ) 
4 403 404 (-2052.189941 -3184.919922 711.482056 ) (-2052.189941 -3184.919922 496 ) (-2048 -3184.919922 496 ) (-2048 -3184.919922 711.482056 ) 
4 404 409 (-2052.189941 -3312.919922 496 ) (-2052.189941 -3376.919922 496 ) (-2052.189941 -3376.919922 711.747009 ) (-2052.189941 -3312.919922 711.747009 ) 
4 404 408 (-2052.189941 -3248.919922 496 ) (-2052.189941 -3312.919922 496 ) (-2052.189941 -3312.919922 711.747009 ) (-2052.189941 -3248.919922 711.747009 ) 
4 404 407 (-2052.189941 -3184.919922 496 ) (-2052.189941 -3248.919922 496 ) (-2052.189941 -3248.919922 711.747009 ) (-2052.189941 -3184.919922 711.747009 ) 
4 405 410 (-2116.189941 -3120.919922 496 ) (-2116.189941 -3120.919922 711.482056 ) (-2116.189941 -3072 711.482056 ) (-2116.189941 -3072 496 ) 
4 405 406 (-2116.189941 -3120.919922 711.482056 ) (-2116.189941 -3120.919922 496 ) (-2052.189941 -3120.919922 496 ) (-2052.189941 -3120.919922 711.482056 ) 
4 406 410 (-2116.189941 -3184.919922 496 ) (-2116.189941 -3184.919922 711.482056 ) (-2116.189941 -3120.919922 711.482056 ) (-2116.189941 -3120.919922 496 ) 
4 406 407 (-2116.189941 -3184.919922 711.482056 ) (-2116.189941 -3184.919922 496 ) (-2052.189941 -3184.919922 496 ) (-2052.189941 -3184.919922 711.482056 ) 
4 407 411 (-2116.189941 -3248.919922 496 ) (-2116.189941 -3248.919922 711.747009 ) (-2116.189941 -3184.919922 711.747009 ) (-2116.189941 -3184.919922 496 ) 
4 407 408 (-2116.189941 -3248.919922 711.747009 ) (-2116.189941 -3248.919922 496 ) (-2052.189941 -3248.919922 496 ) (-2052.189941 -3248.919922 711.747009 ) 
4 408 411 (-2116.189941 -3248.919922 711.747009 ) (-2116.189941 -3248.919922 496 ) (-2116.189941 -3312.919922 496 ) (-2116.189941 -3312.919922 711.747009 ) 
4 408 409 (-2116.189941 -3312.919922 711.747009 ) (-2116.189941 -3312.919922 496 ) (-2052.189941 -3312.919922 496 ) (-2052.189941 -3312.919922 711.747009 ) 
4 409 411 (-2116.189941 -3312.919922 711.747009 ) (-2116.189941 -3312.919922 496 ) (-2116.189941 -3376.919922 496 ) (-2116.189941 -3376.919922 711.747009 ) 
4 410 411 (-2178.669922 -3184.919922 711.482056 ) (-2178.669922 -3184.919922 496 ) (-2116.189941 -3184.919922 496 ) (-2116.189941 -3184.919922 711.482056 ) 
4 412 414 (-2048 -3168 -304 ) (-2048 -3360 -304 ) (-2112 -3360 -304 ) (-2112 -3168 -304 ) 
4 412 413 (-2176 -3360 -304 ) (-2048 -3360 -304 ) (-2048 -3360 208 ) (-2176 -3360 208 ) 
4 413 414 (-2112 -3360 -304 ) (-2048 -3360 -304 ) (-2048 -3424 -304 ) (-2112 -3424 -304 ) 
