PRT1
491
1117
4 0 12 (-368 2544 576 ) (-368 2544 -448 ) (-256 2544 -448 ) (-256 2544 576 ) 
4 0 9 (-368 2544 640 ) (-368 2544 576 ) (-256 2544 576 ) (-256 2544 640 ) 
4 0 6 (-256 2544 1216 ) (-368 2544 1216 ) (-368 2544 640 ) (-256 2544 640 ) 
4 0 3 (-368 2832 -448 ) (-368 2544 -448 ) (-368 2544 736 ) (-368 2832 736 ) 
4 0 1 (-368 2944 -448 ) (-368 2832 -448 ) (-368 2832 1216 ) (-368 2944 1216 ) 
4 1 5 (-656 2832 -448 ) (-656 2832 1216 ) (-656 2944 1216 ) (-656 2944 -448 ) 
4 1 3 (-656 2832 736 ) (-656 2832 -448 ) (-368 2832 -448 ) (-368 2832 736 ) 
4 2 3 (-640 2560 736 ) (-640 2816 736 ) (-384 2816 736 ) (-384 2560 736 ) 
4 3 12 (-368 2544 -448 ) (-368 2544 576 ) (-656 2544 576 ) (-656 2544 -448 ) 
4 3 9 (-368 2544 576 ) (-368 2544 640 ) (-656 2544 640 ) (-656 2544 576 ) 
4 3 7 (-448 2544 736 ) (-656 2544 736 ) (-656 2544 640 ) (-448 2544 640 ) 
4 3 6 (-368 2544 640 ) (-368 2544 736 ) (-448 2544 736 ) (-448 2544 640 ) 
4 3 5 (-656 2544 -448 ) (-656 2544 736 ) (-656 2832 736 ) (-656 2832 -448 ) 
4 3 4 (-640 2816 -448 ) (-384 2816 -448 ) (-384 2560 -448 ) (-640 2560 -448 ) 
4 5 12 (-656 2544 -448 ) (-656 2544 576 ) (-768 2544 576 ) (-768 2544 -448 ) 
4 5 9 (-656 2544 576 ) (-656 2544 640 ) (-768 2544 640 ) (-768 2544 576 ) 
4 5 7 (-656 2544 640 ) (-656 2544 1216 ) (-768 2544 1216 ) (-768 2544 640 ) 
4 6 9 (-448 2368 640 ) (-448 2544 640 ) (-256 2544 640 ) (-256 2368 640 ) 
4 6 7 (-448 2544 1216 ) (-448 2544 640 ) (-448 2368 640 ) (-448 2368 1216 ) 
4 7 9 (-768 2544 640 ) (-448 2544 640 ) (-448 2368 640 ) (-768 2368 640 ) 
4 8 10 (-576 2112 640 ) (-576 2176 640 ) (-448 2176 640 ) (-448 2112 640 ) 
4 9 12 (-768 2544 576 ) (-256 2544 576 ) (-256 2368 576 ) (-768 2368 576 ) 
4 10 11 (-608 2112 638 ) (-608 2176 638 ) (-416 2176 638 ) (-416 2112 638 ) 
4 11 14 (-608 2176 576 ) (-416 2176 576 ) (-416 2112 576 ) (-608 2112 576 ) 
4 12 13 (-448 2368 320 ) (-448 2368 576 ) (-576 2368 576 ) (-576 2368 320 ) 
4 13 14 (-448 2176 576 ) (-576 2176 576 ) (-576 2176 448 ) (-448 2176 448 ) 
4 14 16 (-448 2112 576 ) (-576 2112 576 ) (-576 2112 448 ) (-448 2112 448 ) 
4 15 16 (-448 2104 448 ) (-448 2088 448 ) (-448 2088 576 ) (-448 2104 576 ) 
4 16 277 (-448 2048 576 ) (-576 2048 576 ) (-576 2048 448 ) (-448 2048 448 ) 
4 16 17 (-576 2104 448 ) (-576 2088 448 ) (-576 2088 576 ) (-576 2104 576 ) 
4 18 281 (-1024 2048 512 ) (-1024 2048 448 ) (-768 2048 448 ) (-768 2048 512 ) 
4 18 19 (-1024 2048 448 ) (-1024 2096 448 ) (-768 2096 448 ) (-768 2048 448 ) 
4 19 337 (-768 2048 320 ) (-768 2048 448 ) (-1024 2048 448 ) (-1024 2048 320 ) 
4 20 28 (-1344 2368 768 ) (-1344 2368 896 ) (-1408 2368 896 ) (-1408 2368 768 ) 
4 21 56 (-2048 2384 896 ) (-2048 2640 896 ) (-2048 2640 448 ) (-2048 2384 448 ) 
4 21 23 (-1856 2384 448 ) (-1728 2384 448 ) (-1728 2384 576 ) (-1856 2384 576 ) 
4 21 22 (-1728 2384 576 ) (-1728 2384 896 ) (-1856 2384 896 ) (-1856 2384 576 ) 
4 21 24 (-2048 2384 448 ) (-1856 2384 448 ) (-1856 2384 896 ) (-2048 2384 896 ) 
4 22 40 (-1728 2368 576 ) (-1728 2368 704 ) (-1856 2368 704 ) (-1856 2368 576 ) 
4 22 37 (-1728 2368 704 ) (-1728 2368 896 ) (-1856 2368 896 ) (-1856 2368 704 ) 
4 22 24 (-1856 2384 896 ) (-1856 2384 576 ) (-1856 2368 576 ) (-1856 2368 896 ) 
4 22 23 (-1856 2368 576 ) (-1856 2384 576 ) (-1728 2384 576 ) (-1728 2368 576 ) 
4 23 40 (-1856 2368 448 ) (-1728 2368 448 ) (-1728 2368 576 ) (-1856 2368 576 ) 
4 23 24 (-1856 2384 576 ) (-1856 2384 448 ) (-1856 2368 448 ) (-1856 2368 576 ) 
4 24 56 (-2048 2368 448 ) (-2048 2368 896 ) (-2048 2384 896 ) (-2048 2384 448 ) 
4 24 42 (-2048 2368 704 ) (-2048 2368 448 ) (-1872 2368 448 ) (-1872 2368 704 ) 
4 24 41 (-1872 2368 448 ) (-1856 2368 448 ) (-1856 2368 704 ) (-1872 2368 704 ) 
4 24 38 (-1872 2368 704 ) (-1856 2368 704 ) (-1856 2368 896 ) (-1872 2368 896 ) 
4 24 39 (-2048 2368 896 ) (-2048 2368 704 ) (-1872 2368 704 ) (-1872 2368 896 ) 
4 25 37 (-1680 2128 896 ) (-1776 2128 896 ) (-1776 2224 896 ) (-1680 2224 896 ) 
4 26 49 (-1216 2112 704 ) (-1216 2112 832 ) (-1248 2112 832 ) (-1248 2112 704 ) 
4 26 43 (-1216 2112 832 ) (-1216 2112 896 ) (-1248 2112 896 ) (-1248 2112 832 ) 
4 26 28 (-1248 2112 704 ) (-1248 2112 896 ) (-1248 2368 896 ) (-1248 2368 704 ) 
4 26 27 (-1248 2112 704 ) (-1248 2368 704 ) (-1216 2368 704 ) (-1216 2112 704 ) 
4 27 54 (-1216 2112 448 ) (-1216 2112 576 ) (-1248 2112 576 ) (-1248 2112 448 ) 
4 27 52 (-1216 2112 576 ) (-1216 2112 704 ) (-1248 2112 704 ) (-1248 2112 576 ) 
4 27 29 (-1248 2112 448 ) (-1248 2112 704 ) (-1248 2368 704 ) (-1248 2368 448 ) 
4 28 49 (-1248 2112 704 ) (-1248 2112 832 ) (-1408 2112 832 ) (-1408 2112 704 ) 
4 28 43 (-1248 2112 832 ) (-1248 2112 896 ) (-1408 2112 896 ) (-1408 2112 832 ) 
4 28 29 (-1408 2112 704 ) (-1408 2368 704 ) (-1248 2368 704 ) (-1248 2112 704 ) 
4 29 54 (-1248 2112 448 ) (-1248 2112 576 ) (-1408 2112 576 ) (-1408 2112 448 ) 
4 29 52 (-1248 2112 576 ) (-1248 2112 704 ) (-1408 2112 704 ) (-1408 2112 576 ) 
4 29 30 (-1408 2112 448 ) (-1408 2112 704 ) (-1408 2368 704 ) (-1408 2368 448 ) 
4 30 35 (-1440 2112 448 ) (-1440 2112 702 ) (-1440 2368 702 ) (-1440 2368 448 ) 
4 30 34 (-1440 2112 702 ) (-1440 2112 704 ) (-1440 2368 704 ) (-1440 2368 702 ) 
4 31 34 (-1568 2176 704 ) (-1568 2304 704 ) (-1504 2304 704 ) (-1504 2176 704 ) 
4 31 33 (-1568 2176 712 ) (-1568 2176 704 ) (-1504 2176 704 ) (-1504 2176 712 ) 
4 32 45 (-1440 2112 832 ) (-1440 2112 896 ) (-1568 2112 896 ) (-1568 2112 832 ) 
4 33 34 (-1568 2144 704 ) (-1568 2176 704 ) (-1440 2176 704 ) (-1440 2144 704 ) 
4 34 36 (-1568 2112 702 ) (-1568 2112 704 ) (-1568 2368 704 ) (-1568 2368 702 ) 
4 34 35 (-1568 2112 702 ) (-1568 2368 702 ) (-1440 2368 702 ) (-1440 2112 702 ) 
4 35 36 (-1568 2112 448 ) (-1568 2112 702 ) (-1568 2368 702 ) (-1568 2368 448 ) 
4 36 40 (-1600 2368 448 ) (-1600 2112 448 ) (-1600 2112 704 ) (-1600 2368 704 ) 
4 37 51 (-1856 2112 832 ) (-1856 2112 704 ) (-1600 2112 704 ) (-1600 2112 832 ) 
4 37 45 (-1600 2112 896 ) (-1856 2112 896 ) (-1856 2112 832 ) (-1600 2112 832 ) 
4 37 40 (-1856 2368 704 ) (-1600 2368 704 ) (-1600 2112 704 ) (-1856 2112 704 ) 
4 37 38 (-1856 2368 704 ) (-1856 2112 704 ) (-1856 2112 896 ) (-1856 2368 896 ) 
4 38 51 (-1872 2112 832 ) (-1872 2112 704 ) (-1856 2112 704 ) (-1856 2112 832 ) 
4 38 45 (-1856 2112 896 ) (-1872 2112 896 ) (-1872 2112 832 ) (-1856 2112 832 ) 
4 38 41 (-1872 2368 704 ) (-1856 2368 704 ) (-1856 2112 704 ) (-1872 2112 704 ) 
4 38 39 (-1872 2368 704 ) (-1872 2112 704 ) (-1872 2112 896 ) (-1872 2368 896 ) 
4 39 56 (-2048 2112 704 ) (-2048 2112 896 ) (-2048 2368 896 ) (-2048 2368 704 ) 
4 39 51 (-2048 2112 832 ) (-2048 2112 704 ) (-1872 2112 704 ) (-1872 2112 832 ) 
4 39 45 (-1872 2112 896 ) (-2048 2112 896 ) (-2048 2112 832 ) (-1872 2112 832 ) 
4 39 42 (-2048 2368 704 ) (-1872 2368 704 ) (-1872 2112 704 ) (-2048 2112 704 ) 
4 40 55 (-1856 2112 448 ) (-1600 2112 448 ) (-1600 2112 576 ) (-1856 2112 576 ) 
4 40 53 (-1600 2112 576 ) (-1600 2112 704 ) (-1856 2112 704 ) (-1856 2112 576 ) 
4 40 41 (-1856 2368 448 ) (-1856 2112 448 ) (-1856 2112 704 ) (-1856 2368 704 ) 
4 41 55 (-1872 2112 448 ) (-1856 2112 448 ) (-1856 2112 576 ) (-1872 2112 576 ) 
4 41 53 (-1856 2112 576 ) (-1856 2112 704 ) (-1872 2112 704 ) (-1872 2112 576 ) 
4 41 42 (-1872 2368 448 ) (-1872 2112 448 ) (-1872 2112 704 ) (-1872 2368 704 ) 
4 42 56 (-2048 2112 448 ) (-2048 2112 704 ) (-2048 2368 704 ) (-2048 2368 448 ) 
4 42 55 (-2048 2112 576 ) (-2048 2112 448 ) (-1872 2112 448 ) (-1872 2112 576 ) 
4 42 53 (-2048 2112 704 ) (-2048 2112 576 ) (-1872 2112 576 ) (-1872 2112 704 ) 
4 43 49 (-1410 2112 832 ) (-1216 2112 832 ) (-1216 2110 832 ) (-1410 2110 832 ) 
4 43 46 (-1410 2110 832 ) (-1216 2110 832 ) (-1216 2110 896 ) (-1410 2110 896 ) 
4 43 44 (-1410 2112 832 ) (-1410 2110 832 ) (-1410 2110 896 ) (-1410 2112 896 ) 
4 44 50 (-1412 2112 832 ) (-1410 2112 832 ) (-1410 2110 832 ) (-1412 2110 832 ) 
4 44 47 (-1412 2110 832 ) (-1410 2110 832 ) (-1410 2110 896 ) (-1412 2110 896 ) 
4 44 45 (-1412 2112 832 ) (-1412 2110 832 ) (-1412 2110 896 ) (-1412 2112 896 ) 
4 45 56 (-2048 2110 896 ) (-2048 2112 896 ) (-2048 2112 832 ) (-2048 2110 832 ) 
4 45 51 (-2048 2110 832 ) (-2048 2112 832 ) (-1412 2112 832 ) (-1412 2110 832 ) 
4 45 48 (-2048 2110 832 ) (-1412 2110 832 ) (-1412 2110 896 ) (-2048 2110 896 ) 
4 46 353 (-1216 2048 896 ) (-1410 2048 896 ) (-1410 2048 832 ) (-1216 2048 832 ) 
4 46 49 (-1410 2110 832 ) (-1216 2110 832 ) (-1216 2048 832 ) (-1410 2048 832 ) 
4 46 47 (-1410 2110 896 ) (-1410 2110 832 ) (-1410 2048 832 ) (-1410 2048 896 ) 
4 47 354 (-1410 2048 896 ) (-1412 2048 896 ) (-1412 2048 832 ) (-1410 2048 832 ) 
4 47 50 (-1412 2110 832 ) (-1410 2110 832 ) (-1410 2048 832 ) (-1412 2048 832 ) 
4 47 48 (-1412 2110 896 ) (-1412 2110 832 ) (-1412 2048 832 ) (-1412 2048 896 ) 
4 48 355 (-1412 2048 896 ) (-1856 2048 896 ) (-1856 2048 832 ) (-1412 2048 832 ) 
4 48 56 (-2048 2048 832 ) (-2048 2048 896 ) (-2048 2110 896 ) (-2048 2110 832 ) 
4 48 51 (-2048 2048 832 ) (-2048 2110 832 ) (-1412 2110 832 ) (-1412 2048 832 ) 
4 49 357 (-1216 2048 832 ) (-1410 2048 832 ) (-1410 2048 704 ) (-1216 2048 704 ) 
4 49 52 (-1408 2112 704 ) (-1216 2112 704 ) (-1216 2048 704 ) (-1408 2048 704 ) 
4 49 50 (-1410 2112 704 ) (-1410 2048 704 ) (-1410 2048 832 ) (-1410 2112 832 ) 
4 50 358 (-1410 2048 832 ) (-1412 2048 832 ) (-1412 2048 704 ) (-1410 2048 704 ) 
4 50 51 (-1412 2112 704 ) (-1412 2048 704 ) (-1412 2048 832 ) (-1412 2112 832 ) 
4 51 359 (-1412 2048 832 ) (-1856 2048 832 ) (-1856 2048 704 ) (-1412 2048 704 ) 
4 51 56 (-2048 2048 704 ) (-2048 2048 832 ) (-2048 2112 832 ) (-2048 2112 704 ) 
4 51 53 (-2048 2048 704 ) (-2048 2112 704 ) (-1600 2112 704 ) (-1600 2048 704 ) 
4 52 372 (-1200 2048 704 ) (-1408 2048 704 ) (-1408 2048 576 ) (-1200 2048 576 ) 
4 52 54 (-1216 2048 576 ) (-1408 2048 576 ) (-1408 2112 576 ) (-1216 2112 576 ) 
4 53 374 (-1856 2048 640 ) (-1856 2048 576 ) (-1600 2048 576 ) (-1600 2048 640 ) 
4 53 373 (-1600 2048 704 ) (-1856 2048 704 ) (-1856 2048 640 ) (-1600 2048 640 ) 
4 53 56 (-2048 2048 576 ) (-2048 2048 704 ) (-2048 2112 704 ) (-2048 2112 576 ) 
4 53 55 (-1600 2048 576 ) (-2048 2048 576 ) (-2048 2112 576 ) (-1600 2112 576 ) 
4 54 387 (-1216 2048 576 ) (-1408 2048 576 ) (-1408 2048 448 ) (-1216 2048 448 ) 
4 55 394 (-1600 2048 576 ) (-1856 2048 576 ) (-1856 2048 448 ) (-1600 2048 448 ) 
4 55 56 (-2048 2048 448 ) (-2048 2048 576 ) (-2048 2112 576 ) (-2048 2112 448 ) 
4 56 57 (-2128 2112 704 ) (-2128 2240 704 ) (-2128 2240 576 ) (-2128 2112 576 ) 
4 58 62 (576 1088 192 ) (576 1088 320 ) (448 1088 320 ) (448 1088 192 ) 
4 59 66 (256 1088 -352 ) (256 1088 -288 ) (0 1088 -288 ) (0 1088 -352 ) 
4 60 70 (576 1024 576 ) (448 1024 576 ) (448 1024 544 ) (576 1024 544 ) 
4 60 61 (448 1088 544 ) (576 1088 544 ) (576 1024 544 ) (448 1024 544 ) 
4 61 71 (640 1024 512 ) (640 1024 544 ) (384 1024 544 ) (384 1024 512 ) 
4 61 62 (384 1024 512 ) (384 1088 512 ) (640 1088 512 ) (640 1024 512 ) 
4 62 76 (640 1024 192 ) (640 1024 256 ) (384 1024 256 ) (384 1024 192 ) 
4 62 74 (640 1024 256 ) (640 1024 384 ) (384 1024 384 ) (384 1024 256 ) 
4 62 73 (640 1024 384 ) (640 1024 512 ) (384 1024 512 ) (384 1024 384 ) 
4 62 64 (384 1024 256 ) (384 1024 384 ) (384 1056 384 ) (384 1056 256 ) 
4 63 316 (0 1056 384 ) (0 1088 384 ) (0 1088 256 ) (0 1056 256 ) 
4 63 65 (0 1056 256 ) (64 1056 256 ) (64 1056 384 ) (0 1056 384 ) 
4 64 74 (384 1024 256 ) (384 1024 384 ) (376 1024 384 ) (376 1024 256 ) 
4 65 316 (0 1024 256 ) (0 1024 384 ) (0 1056 384 ) (0 1056 256 ) 
4 65 75 (64 1024 384 ) (0 1024 384 ) (0 1024 256 ) (64 1024 256 ) 
4 66 204 (256 1024 -352 ) (256 1024 -288 ) (0 1024 -288 ) (0 1024 -352 ) 
4 67 222 (1104 0 192 ) (1104 0 464 ) (1040 0 464 ) (1040 0 192 ) 
4 67 219 (1104 0 464 ) (1104 0 480 ) (1040 0 480 ) (1040 0 464 ) 
4 67 69 (1040 0 192 ) (1040 0 480 ) (1040 128 480 ) (1040 128 192 ) 
4 68 99 (1024 192 256 ) (1024 192 384 ) (1024 448 384 ) (1024 448 256 ) 
4 68 96 (1024 192 384 ) (1024 192 448 ) (1024 448 448 ) (1024 448 384 ) 
4 69 222 (1040 0 192 ) (1040 0 464 ) (1024 0 464 ) (1024 0 192 ) 
4 69 219 (1040 0 464 ) (1040 0 480 ) (1024 0 480 ) (1024 0 464 ) 
4 69 101 (1024 0 192 ) (1024 0 256 ) (1024 128 256 ) (1024 128 192 ) 
4 69 100 (1024 0 256 ) (1024 0 384 ) (1024 128 384 ) (1024 128 256 ) 
4 69 97 (1024 0 384 ) (1024 0 480 ) (1024 128 480 ) (1024 128 384 ) 
4 70 71 (448 1024 544 ) (576 1024 544 ) (576 960 544 ) (448 960 544 ) 
4 71 77 (640 992 512 ) (640 960 512 ) (384 960 512 ) (384 992 512 ) 
4 71 73 (384 1024 512 ) (640 1024 512 ) (640 992 512 ) (384 992 512 ) 
4 72 434 (0 768 512 ) (0 736 512 ) (0 736 528 ) (0 768 528 ) 
4 72 400 (0 928 512 ) (0 768 512 ) (0 768 528 ) (0 928 528 ) 
4 72 88 (0 736 512 ) (0 928 512 ) (64 928 512 ) (64 736 512 ) 
4 72 86 (64 928 512 ) (160 928 512 ) (160 736 512 ) (64 736 512 ) 
4 73 77 (640 992 512 ) (384 992 512 ) (384 992 384 ) (640 992 384 ) 
4 73 74 (640 992 384 ) (384 992 384 ) (384 1024 384 ) (640 1024 384 ) 
4 74 77 (640 992 384 ) (384 992 384 ) (384 992 256 ) (640 992 256 ) 
4 74 76 (640 992 256 ) (384 992 256 ) (384 1024 256 ) (640 1024 256 ) 
4 75 415 (0 1024 320 ) (0 1024 256 ) (0 992 256 ) (0 992 320 ) 
4 75 402 (0 1024 384 ) (0 1024 320 ) (0 992 320 ) (0 992 384 ) 
4 75 87 (64 992 384 ) (0 992 384 ) (0 992 256 ) (64 992 256 ) 
4 76 77 (384 992 192 ) (640 992 192 ) (640 992 256 ) (384 992 256 ) 
4 77 86 (384 960 192 ) (640 960 192 ) (640 960 512 ) (384 960 512 ) 
4 78 86 (288 960 224 ) (288 960 352 ) (160 960 352 ) (160 960 224 ) 
4 79 82 (764 772 317 ) (764 772 318 ) (764 892 318 ) (764 892 317 ) 
4 79 81 (764 772 318 ) (764 772 512 ) (764 892 512 ) (764 892 318 ) 
4 79 83 (764 892 192 ) (764 772 192 ) (764 772 317 ) (764 892 317 ) 
4 79 80 (764 960 512 ) (764 960 192 ) (764 892 192 ) (764 892 512 ) 
4 79 84 (764 772 192 ) (764 704 192 ) (764 704 512 ) (764 772 512 ) 
4 80 85 (736 960 512 ) (736 960 192 ) (736 892 192 ) (736 892 512 ) 
4 80 82 (736 892 318 ) (736 892 317 ) (764 892 317 ) (764 892 318 ) 
4 80 81 (736 892 512 ) (736 892 318 ) (764 892 318 ) (764 892 512 ) 
4 80 83 (736 892 317 ) (736 892 192 ) (764 892 192 ) (764 892 317 ) 
4 81 85 (736 772 318 ) (736 772 512 ) (736 892 512 ) (736 892 318 ) 
4 81 84 (736 772 512 ) (736 772 318 ) (764 772 318 ) (764 772 512 ) 
4 81 82 (764 772 318 ) (736 772 318 ) (736 892 318 ) (764 892 318 ) 
4 82 85 (736 772 317 ) (736 772 318 ) (736 892 318 ) (736 892 317 ) 
4 82 83 (764 772 317 ) (736 772 317 ) (736 892 317 ) (764 892 317 ) 
4 82 84 (736 772 318 ) (736 772 317 ) (764 772 317 ) (764 772 318 ) 
4 83 85 (736 892 192 ) (736 772 192 ) (736 772 317 ) (736 892 317 ) 
4 83 84 (736 772 317 ) (736 772 192 ) (764 772 192 ) (764 772 317 ) 
4 84 85 (736 772 192 ) (736 704 192 ) (736 704 512 ) (736 772 512 ) 
4 85 90 (672 704 224 ) (672 704 352 ) (640 704 352 ) (640 704 224 ) 
4 85 86 (640 960 512 ) (640 960 192 ) (640 704 192 ) (640 704 512 ) 
4 86 160 (384 704 192 ) (64 704 192 ) (64 960 192 ) (384 960 192 ) 
4 86 157 (640 704 192 ) (384 704 192 ) (384 960 192 ) (640 960 192 ) 
4 86 95 (128 704 256 ) (128 704 448 ) (64 704 448 ) (64 704 256 ) 
4 86 94 (256 704 192 ) (384 704 192 ) (384 704 320 ) (256 704 320 ) 
4 86 88 (64 960 192 ) (64 704 192 ) (64 704 512 ) (64 960 512 ) 
4 87 415 (0 960 256 ) (0 960 320 ) (0 992 320 ) (0 992 256 ) 
4 87 402 (0 960 320 ) (0 960 384 ) (0 992 384 ) (0 992 320 ) 
4 87 88 (64 960 256 ) (64 960 384 ) (0 960 384 ) (0 960 256 ) 
4 88 436 (0 736 192 ) (0 704 192 ) (0 704 512 ) (0 736 512 ) 
4 88 435 (0 768 192 ) (0 736 192 ) (0 736 512 ) (0 768 512 ) 
4 88 420 (0 896 192 ) (0 768 192 ) (0 768 320 ) (0 896 320 ) 
4 88 418 (0 960 192 ) (0 896 192 ) (0 896 320 ) (0 960 320 ) 
4 88 403 (0 768 320 ) (0 768 384 ) (0 960 384 ) (0 960 320 ) 
4 88 401 (0 768 384 ) (0 768 512 ) (0 960 512 ) (0 960 384 ) 
4 88 160 (64 704 192 ) (0 704 192 ) (0 960 192 ) (64 960 192 ) 
4 88 95 (64 704 256 ) (64 704 448 ) (0 704 448 ) (0 704 256 ) 
4 89 115 (736 672 192 ) (768 672 192 ) (768 672 320 ) (736 672 320 ) 
4 91 120 (576 672 192 ) (608 672 192 ) (608 672 320 ) (576 672 320 ) 
4 92 122 (544 672 193 ) (544 672 256 ) (512 672 256 ) (512 672 193 ) 
4 92 125 (512 672 192 ) (544 672 192 ) (544 672 193 ) (512 672 193 ) 
4 93 126 (416 672 192 ) (448 672 192 ) (448 672 320 ) (416 672 320 ) 
4 94 134 (256 672 192 ) (384 672 192 ) (384 672 194 ) (256 672 194 ) 
4 94 132 (384 672 194 ) (384 672 320 ) (256 672 320 ) (256 672 194 ) 
4 96 99 (912 448 384 ) (1024 448 384 ) (1024 192 384 ) (912 192 384 ) 
4 97 224 (1024 0 384 ) (1024 0 480 ) (896 0 480 ) (896 0 384 ) 
4 97 109 (896 96 384 ) (896 0 384 ) (896 0 480 ) (896 96 480 ) 
4 97 108 (896 112 384 ) (896 96 384 ) (896 96 480 ) (896 112 480 ) 
4 97 100 (1024 0 384 ) (896 0 384 ) (896 128 384 ) (1024 128 384 ) 
4 98 110 (896 672 384 ) (896 672 320 ) (896 544 320 ) (896 544 384 ) 
4 99 110 (896 448 256 ) (896 192 256 ) (896 192 384 ) (896 448 384 ) 
4 100 224 (1024 0 256 ) (1024 0 384 ) (896 0 384 ) (896 0 256 ) 
4 100 129 (896 64 256 ) (896 0 256 ) (896 0 384 ) (896 64 384 ) 
4 100 128 (896 96 256 ) (896 64 256 ) (896 64 384 ) (896 96 384 ) 
4 100 112 (896 128 256 ) (896 112 256 ) (896 112 384 ) (896 128 384 ) 
4 100 114 (896 112 256 ) (896 96 256 ) (896 96 384 ) (896 112 384 ) 
4 100 101 (896 0 256 ) (896 128 256 ) (1024 128 256 ) (1024 0 256 ) 
4 101 224 (1024 0 192 ) (1024 0 256 ) (896 0 256 ) (896 0 192 ) 
4 101 129 (896 64 192 ) (896 0 192 ) (896 0 256 ) (896 64 256 ) 
4 101 128 (896 96 192 ) (896 64 192 ) (896 64 256 ) (896 96 256 ) 
4 101 113 (896 128 192 ) (896 112 192 ) (896 112 256 ) (896 128 256 ) 
4 101 114 (896 112 192 ) (896 96 192 ) (896 96 256 ) (896 112 256 ) 
4 102 103 (448 384 528 ) (448 512 528 ) (768 512 528 ) (768 384 528 ) 
4 103 107 (448 512 512 ) (512 512 512 ) (512 384 512 ) (448 384 512 ) 
4 103 106 (512 512 512 ) (640 512 512 ) (640 384 512 ) (512 384 512 ) 
4 103 104 (640 512 512 ) (768 512 512 ) (768 384 512 ) (640 384 512 ) 
4 104 116 (736 128 384 ) (640 128 384 ) (640 512 384 ) (736 512 384 ) 
4 104 115 (768 128 384 ) (736 128 384 ) (736 512 384 ) (768 512 384 ) 
4 104 111 (894 128 384 ) (768 128 384 ) (768 512 384 ) (894 512 384 ) 
4 104 110 (896 512 384 ) (896 128 384 ) (894 128 384 ) (894 512 384 ) 
4 104 106 (640 512 384 ) (640 128 384 ) (640 128 512 ) (640 512 512 ) 
4 105 121 (576 512 384 ) (512 512 384 ) (512 528 384 ) (576 528 384 ) 
4 105 120 (608 512 384 ) (576 512 384 ) (576 528 384 ) (608 528 384 ) 
4 105 116 (640 528 384 ) (640 512 384 ) (608 512 384 ) (608 528 384 ) 
4 105 106 (512 512 512 ) (512 512 384 ) (640 512 384 ) (640 512 512 ) 
4 106 121 (576 128 384 ) (512 128 384 ) (512 512 384 ) (576 512 384 ) 
4 106 120 (608 128 384 ) (576 128 384 ) (576 512 384 ) (608 512 384 ) 
4 106 116 (640 512 384 ) (640 128 384 ) (608 128 384 ) (608 512 384 ) 
4 106 107 (512 512 384 ) (512 128 384 ) (512 128 512 ) (512 512 512 ) 
4 107 121 (448 512 384 ) (512 512 384 ) (512 128 384 ) (448 128 384 ) 
4 107 126 (384 128 384 ) (384 512 384 ) (448 512 384 ) (448 128 384 ) 
4 108 114 (768 112 384 ) (896 112 384 ) (896 96 384 ) (768 96 384 ) 
4 108 109 (768 96 384 ) (896 96 384 ) (896 96 480 ) (768 96 480 ) 
4 109 225 (592 0 384 ) (896 0 384 ) (896 0 480 ) (592 0 480 ) 
4 109 129 (896 64 384 ) (896 0 384 ) (592 0 384 ) (592 64 384 ) 
4 109 128 (592 96 384 ) (896 96 384 ) (896 64 384 ) (592 64 384 ) 
4 110 113 (894 128 192 ) (896 128 192 ) (896 128 256 ) (894 128 256 ) 
4 110 112 (896 128 256 ) (896 128 384 ) (894 128 384 ) (894 128 256 ) 
4 110 111 (894 128 192 ) (894 128 384 ) (894 672 384 ) (894 672 192 ) 
4 111 115 (768 128 384 ) (768 672 384 ) (768 672 192 ) (768 128 192 ) 
4 111 113 (768 128 256 ) (768 128 192 ) (894 128 192 ) (894 128 256 ) 
4 111 112 (768 128 384 ) (768 128 256 ) (894 128 256 ) (894 128 384 ) 
4 112 114 (768 112 384 ) (768 112 256 ) (896 112 256 ) (896 112 384 ) 
4 112 113 (896 112 256 ) (768 112 256 ) (768 128 256 ) (896 128 256 ) 
4 113 114 (768 112 256 ) (768 112 192 ) (896 112 192 ) (896 112 256 ) 
4 114 128 (896 96 192 ) (896 96 384 ) (768 96 384 ) (768 96 192 ) 
4 115 167 (768 416 192 ) (768 128 192 ) (736 128 192 ) (736 416 192 ) 
4 115 166 (768 512 192 ) (768 416 192 ) (736 416 192 ) (736 512 192 ) 
4 115 118 (736 527 320 ) (736 529 320 ) (736 529 192 ) (736 527 192 ) 
4 115 117 (736 529 320 ) (736 672 320 ) (736 672 192 ) (736 529 192 ) 
4 115 119 (736 128 192 ) (736 128 320 ) (736 527 320 ) (736 527 192 ) 
4 115 116 (736 128 320 ) (736 128 384 ) (736 672 384 ) (736 672 320 ) 
4 116 120 (608 128 320 ) (608 128 384 ) (608 672 384 ) (608 672 320 ) 
4 116 118 (608 527 320 ) (608 529 320 ) (736 529 320 ) (736 527 320 ) 
4 116 117 (608 529 320 ) (608 672 320 ) (736 672 320 ) (736 529 320 ) 
4 116 119 (608 128 320 ) (608 527 320 ) (736 527 320 ) (736 128 320 ) 
4 117 163 (736 544 192 ) (736 529 192 ) (672 529 192 ) (672 544 192 ) 
4 117 120 (608 529 320 ) (608 672 320 ) (608 672 192 ) (608 529 192 ) 
4 117 118 (736 529 192 ) (736 529 320 ) (608 529 320 ) (608 529 192 ) 
4 118 163 (736 529 192 ) (736 527 192 ) (672 527 192 ) (672 529 192 ) 
4 118 120 (608 527 320 ) (608 529 320 ) (608 529 192 ) (608 527 192 ) 
4 118 119 (736 527 192 ) (736 527 320 ) (608 527 320 ) (608 527 192 ) 
4 119 167 (736 416 192 ) (736 128 192 ) (608 128 192 ) (608 416 192 ) 
4 119 166 (736 512 192 ) (736 416 192 ) (608 416 192 ) (608 512 192 ) 
4 119 163 (736 527 192 ) (736 512 192 ) (672 512 192 ) (672 527 192 ) 
4 119 127 (608 128 320 ) (608 128 192 ) (640 128 192 ) (640 128 320 ) 
4 119 120 (608 128 192 ) (608 128 320 ) (608 527 320 ) (608 527 192 ) 
4 120 167 (608 416 192 ) (608 128 192 ) (576 128 192 ) (576 416 192 ) 
4 120 166 (608 512 192 ) (608 416 192 ) (576 416 192 ) (576 512 192 ) 
4 120 127 (576 128 320 ) (576 128 192 ) (608 128 192 ) (608 128 320 ) 
4 120 123 (576 527 321 ) (576 529 321 ) (576 529 193 ) (576 527 193 ) 
4 120 122 (576 529 321 ) (576 672 321 ) (576 672 193 ) (576 529 193 ) 
4 120 124 (576 128 193 ) (576 128 321 ) (576 527 321 ) (576 527 193 ) 
4 120 121 (576 128 321 ) (576 128 384 ) (576 672 384 ) (576 672 321 ) 
4 120 125 (576 128 192 ) (576 128 193 ) (576 672 193 ) (576 672 192 ) 
4 121 123 (448 527 321 ) (448 529 321 ) (576 529 321 ) (576 527 321 ) 
4 121 122 (448 529 321 ) (448 672 321 ) (576 672 321 ) (576 529 321 ) 
4 121 124 (448 128 321 ) (448 527 321 ) (576 527 321 ) (576 128 321 ) 
4 121 126 (448 128 321 ) (448 128 384 ) (448 672 384 ) (448 672 321 ) 
4 122 125 (448 529 193 ) (448 672 193 ) (576 672 193 ) (576 529 193 ) 
4 122 126 (448 529 321 ) (448 672 321 ) (448 672 193 ) (448 529 193 ) 
4 122 123 (448 529 193 ) (576 529 193 ) (576 529 321 ) (448 529 321 ) 
4 123 124 (448 527 193 ) (576 527 193 ) (576 527 321 ) (448 527 321 ) 
4 123 125 (448 527 193 ) (448 529 193 ) (576 529 193 ) (576 527 193 ) 
4 123 126 (448 527 321 ) (448 529 321 ) (448 529 193 ) (448 527 193 ) 
4 124 127 (512 128 193 ) (576 128 193 ) (576 128 320 ) (512 128 320 ) 
4 124 126 (448 128 193 ) (448 128 321 ) (448 527 321 ) (448 527 193 ) 
4 124 125 (448 128 193 ) (448 527 193 ) (576 527 193 ) (576 128 193 ) 
4 125 167 (576 416 192 ) (576 128 192 ) (448 128 192 ) (448 416 192 ) 
4 125 166 (576 512 192 ) (576 416 192 ) (448 416 192 ) (448 512 192 ) 
4 125 127 (512 128 192 ) (576 128 192 ) (576 128 193 ) (512 128 193 ) 
4 125 126 (448 128 192 ) (448 128 193 ) (448 672 193 ) (448 672 192 ) 
4 126 167 (384 128 192 ) (384 416 192 ) (448 416 192 ) (448 128 192 ) 
4 126 166 (384 416 192 ) (384 512 192 ) (448 512 192 ) (448 416 192 ) 
4 126 145 (384 448 192 ) (384 128 192 ) (384 128 384 ) (384 448 384 ) 
4 126 140 (384 512 192 ) (384 448 192 ) (384 448 384 ) (384 512 384 ) 
4 126 137 (384 529 192 ) (384 527 192 ) (384 527 320 ) (384 529 320 ) 
4 126 136 (384 544 192 ) (384 529 192 ) (384 529 320 ) (384 544 320 ) 
4 126 138 (384 527 192 ) (384 512 192 ) (384 512 320 ) (384 527 320 ) 
4 126 135 (384 512 320 ) (384 512 384 ) (384 544 384 ) (384 544 320 ) 
4 126 134 (384 672 194 ) (384 672 192 ) (384 544 192 ) (384 544 194 ) 
4 126 132 (384 672 384 ) (384 672 194 ) (384 544 194 ) (384 544 384 ) 
4 128 129 (896 64 192 ) (896 64 384 ) (592 64 384 ) (592 64 192 ) 
4 129 225 (592 0 192 ) (896 0 192 ) (896 0 384 ) (592 0 384 ) 
4 130 231 (384 0 384 ) (384 0 256 ) (512 0 256 ) (512 0 384 ) 
4 130 145 (384 0 256 ) (384 0 384 ) (384 64 384 ) (384 64 256 ) 
4 130 131 (384 0 256 ) (384 64 256 ) (512 64 256 ) (512 0 256 ) 
4 131 231 (384 0 256 ) (384 0 192 ) (512 0 192 ) (512 0 256 ) 
4 131 182 (512 0 192 ) (384 0 192 ) (384 64 192 ) (512 64 192 ) 
4 131 145 (384 64 192 ) (384 0 192 ) (384 0 256 ) (384 64 256 ) 
4 132 136 (384 544 194 ) (384 544 320 ) (256 544 320 ) (256 544 194 ) 
4 132 135 (384 544 320 ) (384 544 384 ) (256 544 384 ) (256 544 320 ) 
4 132 139 (256 544 384 ) (2 544 384 ) (2 544 194 ) (256 544 194 ) 
4 132 134 (384 544 194 ) (128 544 194 ) (128 672 194 ) (384 672 194 ) 
4 132 133 (2 672 194 ) (2 544 194 ) (2 544 384 ) (2 672 384 ) 
4 133 437 (0 672 384 ) (0 672 320 ) (0 544 320 ) (0 544 384 ) 
4 133 139 (2 544 384 ) (0 544 384 ) (0 544 194 ) (2 544 194 ) 
4 134 136 (256 544 192 ) (384 544 192 ) (384 544 194 ) (256 544 194 ) 
4 134 139 (128 544 192 ) (256 544 192 ) (256 544 194 ) (128 544 194 ) 
4 135 141 (352 512 384 ) (256 512 384 ) (256 512 320 ) (352 512 320 ) 
4 135 140 (384 512 320 ) (384 512 384 ) (352 512 384 ) (352 512 320 ) 
4 135 137 (256 527 320 ) (256 529 320 ) (384 529 320 ) (384 527 320 ) 
4 135 136 (256 529 320 ) (256 544 320 ) (384 544 320 ) (384 529 320 ) 
4 135 138 (384 512 320 ) (256 512 320 ) (256 527 320 ) (384 527 320 ) 
4 135 139 (256 544 384 ) (256 544 320 ) (256 512 320 ) (256 512 384 ) 
4 136 139 (256 544 320 ) (256 544 192 ) (256 529 192 ) (256 529 320 ) 
4 136 137 (384 529 192 ) (384 529 320 ) (256 529 320 ) (256 529 192 ) 
4 137 138 (384 527 192 ) (384 527 320 ) (256 527 320 ) (256 527 192 ) 
4 137 139 (256 529 192 ) (256 527 192 ) (256 527 320 ) (256 529 320 ) 
4 138 142 (256 512 192 ) (352 512 192 ) (352 512 320 ) (256 512 320 ) 
4 138 140 (352 512 192 ) (384 512 192 ) (384 512 320 ) (352 512 320 ) 
4 138 139 (256 527 192 ) (256 512 192 ) (256 512 320 ) (256 527 320 ) 
4 139 143 (235 512 192 ) (237 512 192 ) (237 512 320 ) (235 512 320 ) 
4 139 142 (237 512 192 ) (256 512 192 ) (256 512 320 ) (237 512 320 ) 
4 139 144 (0 512 320 ) (0 512 192 ) (235 512 192 ) (235 512 320 ) 
4 139 141 (0 512 384 ) (0 512 320 ) (256 512 320 ) (256 512 384 ) 
4 140 166 (352 512 192 ) (384 512 192 ) (384 448 192 ) (352 448 192 ) 
4 140 145 (352 448 192 ) (384 448 192 ) (384 448 384 ) (352 448 384 ) 
4 140 142 (352 512 320 ) (352 512 192 ) (352 448 192 ) (352 448 320 ) 
4 140 141 (352 512 384 ) (352 512 320 ) (352 448 320 ) (352 448 384 ) 
4 141 152 (32 448 384 ) (0 448 384 ) (0 448 320 ) (32 448 320 ) 
4 141 150 (352 448 320 ) (352 448 384 ) (32 448 384 ) (32 448 320 ) 
4 141 143 (235 512 320 ) (237 512 320 ) (237 448 320 ) (235 448 320 ) 
4 141 142 (237 512 320 ) (352 512 320 ) (352 448 320 ) (237 448 320 ) 
4 141 144 (0 512 320 ) (235 512 320 ) (235 448 320 ) (0 448 320 ) 
4 142 166 (256 512 192 ) (352 512 192 ) (352 448 192 ) (256 448 192 ) 
4 142 150 (237 448 192 ) (352 448 192 ) (352 448 320 ) (237 448 320 ) 
4 142 143 (237 448 192 ) (237 448 320 ) (237 512 320 ) (237 512 192 ) 
4 143 150 (235 448 192 ) (237 448 192 ) (237 448 320 ) (235 448 320 ) 
4 143 144 (235 448 192 ) (235 448 320 ) (235 512 320 ) (235 512 192 ) 
4 144 152 (0 448 192 ) (32 448 192 ) (32 448 320 ) (0 448 320 ) 
4 144 150 (32 448 192 ) (235 448 192 ) (235 448 320 ) (32 448 320 ) 
4 145 231 (352 0 384 ) (352 0 192 ) (384 0 192 ) (384 0 384 ) 
4 145 182 (384 0 192 ) (352 0 192 ) (352 64 192 ) (384 64 192 ) 
4 145 180 (352 64 192 ) (352 128 192 ) (384 128 192 ) (384 64 192 ) 
4 145 167 (352 128 192 ) (352 416 192 ) (384 416 192 ) (384 128 192 ) 
4 145 166 (352 416 192 ) (352 448 192 ) (384 448 192 ) (384 416 192 ) 
4 145 150 (352 448 384 ) (352 448 192 ) (352 0 192 ) (352 0 384 ) 
4 146 151 (32 128 544 ) (32 0 544 ) (32 0 672 ) (32 128 672 ) 
4 146 149 (32 0 544 ) (32 128 544 ) (160 128 544 ) (160 0 544 ) 
4 147 151 (32 448 544 ) (32 448 416 ) (32 128 416 ) (32 128 544 ) 
4 147 149 (352 128 400 ) (352 128 544 ) (32 128 544 ) (32 128 400 ) 
4 147 148 (352 128 400 ) (32 128 400 ) (32 448 400 ) (352 448 400 ) 
4 148 149 (32 128 384 ) (352 128 384 ) (352 128 400 ) (32 128 400 ) 
4 148 150 (32 128 384 ) (32 448 384 ) (352 448 384 ) (352 128 384 ) 
4 149 151 (32 0 416 ) (32 0 544 ) (32 128 544 ) (32 128 416 ) 
4 149 150 (32 0 384 ) (32 128 384 ) (352 128 384 ) (352 0 384 ) 
4 150 232 (32 0 384 ) (32 0 192 ) (128 0 192 ) (128 0 384 ) 
4 150 231 (128 0 192 ) (352 0 192 ) (352 0 384 ) (128 0 384 ) 
4 150 182 (352 0 192 ) (32 0 192 ) (32 64 192 ) (352 64 192 ) 
4 150 180 (32 64 192 ) (32 128 192 ) (352 128 192 ) (352 64 192 ) 
4 150 169 (176 408 192 ) (176 128 192 ) (80 128 192 ) (80 408 192 ) 
4 150 168 (80 416 192 ) (176 416 192 ) (176 408 192 ) (80 408 192 ) 
4 150 167 (176 416 192 ) (352 416 192 ) (352 128 192 ) (176 128 192 ) 
4 150 170 (32 128 192 ) (32 416 192 ) (80 416 192 ) (80 128 192 ) 
4 150 166 (256 448 192 ) (352 448 192 ) (352 416 192 ) (256 416 192 ) 
4 150 152 (32 448 384 ) (32 448 192 ) (32 0 192 ) (32 0 384 ) 
4 151 438 (0 0 416 ) (0 0 672 ) (0 448 672 ) (0 448 416 ) 
4 152 439 (0 256 256 ) (0 320 256 ) (0 320 192 ) (0 256 192 ) 
4 152 232 (0 0 384 ) (0 0 192 ) (32 0 192 ) (32 0 384 ) 
4 152 182 (32 0 192 ) (0 0 192 ) (0 64 192 ) (32 64 192 ) 
4 152 180 (0 64 192 ) (0 128 192 ) (32 128 192 ) (32 64 192 ) 
4 152 170 (0 128 192 ) (0 416 192 ) (32 416 192 ) (32 128 192 ) 
4 153 162 (768 544 0 ) (896 544 0 ) (896 544 128 ) (768 544 128 ) 
4 153 156 (768 832 0 ) (768 704 0 ) (768 704 128 ) (768 832 128 ) 
4 153 154 (768 960 128 ) (768 960 0 ) (768 832 0 ) (768 832 128 ) 
4 154 156 (672 832 0 ) (768 832 0 ) (768 832 128 ) (672 832 128 ) 
4 154 155 (672 832 0 ) (672 832 128 ) (672 960 128 ) (672 960 0 ) 
4 155 159 (640 960 128 ) (640 960 0 ) (640 832 0 ) (640 832 128 ) 
4 157 160 (384 960 192 ) (384 960 189 ) (384 704 189 ) (384 704 192 ) 
4 157 158 (640 704 189 ) (384 704 189 ) (384 960 189 ) (640 960 189 ) 
4 158 160 (384 960 189 ) (384 960 187 ) (384 704 187 ) (384 704 189 ) 
4 158 159 (640 704 187 ) (384 704 187 ) (384 960 187 ) (640 960 187 ) 
4 159 186 (640 832 0 ) (640 704 0 ) (384 704 0 ) (384 832 0 ) 
4 159 185 (384 960 0 ) (640 960 0 ) (640 832 0 ) (384 832 0 ) 
4 159 161 (384 960 160 ) (384 960 0 ) (384 704 0 ) (384 704 160 ) 
4 159 160 (384 960 187 ) (384 960 160 ) (384 704 160 ) (384 704 187 ) 
4 160 447 (0 704 192 ) (0 960 192 ) (0 960 160 ) (0 704 160 ) 
4 160 161 (0 960 160 ) (384 960 160 ) (384 704 160 ) (0 704 160 ) 
4 161 449 (0 960 128 ) (0 960 0 ) (0 576 0 ) (0 576 128 ) 
4 161 448 (0 960 160 ) (0 960 128 ) (0 576 128 ) (0 576 160 ) 
4 161 194 (0 576 0 ) (0 960 0 ) (64 960 0 ) (64 576 0 ) 
4 161 190 (64 960 0 ) (192 960 0 ) (192 576 0 ) (64 576 0 ) 
4 161 189 (192 960 0 ) (256 960 0 ) (256 576 0 ) (192 576 0 ) 
4 161 188 (256 960 0 ) (384 960 0 ) (384 576 0 ) (256 576 0 ) 
4 162 171 (768 512 0 ) (896 512 0 ) (896 512 128 ) (768 512 128 ) 
4 163 166 (736 512 128 ) (736 512 192 ) (672 512 192 ) (672 512 128 ) 
4 164 171 (608 512 64 ) (608 512 128 ) (544 512 128 ) (544 512 64 ) 
4 165 171 (480 512 32 ) (480 512 96 ) (416 512 96 ) (416 512 32 ) 
4 166 171 (256 512 128 ) (768 512 128 ) (768 416 128 ) (256 416 128 ) 
4 166 167 (256 416 128 ) (768 416 128 ) (768 416 192 ) (256 416 192 ) 
4 167 180 (384 128 192 ) (176 128 192 ) (176 128 128 ) (384 128 128 ) 
4 167 177 (736 128 192 ) (672 128 192 ) (672 128 128 ) (736 128 128 ) 
4 167 172 (768 128 128 ) (176 128 128 ) (176 416 128 ) (768 416 128 ) 
4 167 169 (176 408 128 ) (176 128 128 ) (176 128 192 ) (176 408 192 ) 
4 167 168 (176 416 192 ) (176 416 128 ) (176 408 128 ) (176 408 192 ) 
4 168 173 (80 408 128 ) (80 416 128 ) (176 416 128 ) (176 408 128 ) 
4 168 170 (80 416 192 ) (80 416 128 ) (80 408 128 ) (80 408 192 ) 
4 168 169 (80 408 192 ) (80 408 128 ) (176 408 128 ) (176 408 192 ) 
4 169 180 (176 128 192 ) (80 128 192 ) (80 128 128 ) (176 128 128 ) 
4 169 174 (176 128 128 ) (80 128 128 ) (80 408 128 ) (176 408 128 ) 
4 169 170 (80 408 128 ) (80 128 128 ) (80 128 192 ) (80 408 192 ) 
4 170 180 (80 128 192 ) (0 128 192 ) (0 128 128 ) (80 128 128 ) 
4 170 175 (80 128 128 ) (0 128 128 ) (0 416 128 ) (80 416 128 ) 
4 171 187 (384 512 0 ) (768 512 0 ) (768 416 0 ) (384 416 0 ) 
4 171 172 (256 416 0 ) (896 416 0 ) (896 416 128 ) (256 416 128 ) 
4 172 191 (192 320 0 ) (192 192 0 ) (176 192 0 ) (176 320 0 ) 
4 172 187 (384 416 0 ) (768 416 0 ) (768 128 0 ) (384 128 0 ) 
4 172 180 (176 128 0 ) (384 128 0 ) (384 128 128 ) (176 128 128 ) 
4 172 179 (480 128 32 ) (480 128 96 ) (416 128 96 ) (416 128 32 ) 
4 172 178 (608 128 64 ) (608 128 128 ) (544 128 128 ) (544 128 64 ) 
4 172 176 (768 128 0 ) (896 128 0 ) (896 128 128 ) (768 128 128 ) 
4 172 174 (176 408 0 ) (176 128 0 ) (176 128 128 ) (176 408 128 ) 
4 172 173 (176 416 128 ) (176 416 0 ) (176 408 0 ) (176 408 128 ) 
4 173 175 (80 416 128 ) (80 416 0 ) (80 408 0 ) (80 408 128 ) 
4 173 174 (80 408 128 ) (80 408 0 ) (176 408 0 ) (176 408 128 ) 
4 174 191 (176 320 0 ) (176 192 0 ) (80 192 0 ) (80 320 0 ) 
4 174 180 (80 128 0 ) (176 128 0 ) (176 128 128 ) (80 128 128 ) 
4 174 175 (80 408 0 ) (80 128 0 ) (80 128 128 ) (80 408 128 ) 
4 175 450 (0 384 0 ) (0 256 0 ) (0 256 128 ) (0 384 128 ) 
4 175 191 (80 320 0 ) (80 192 0 ) (64 192 0 ) (64 320 0 ) 
4 175 180 (0 128 0 ) (80 128 0 ) (80 128 128 ) (0 128 128 ) 
4 176 181 (768 64 0 ) (896 64 0 ) (896 64 128 ) (768 64 128 ) 
4 180 184 (0 64 0 ) (384 64 0 ) (384 64 128 ) (0 64 128 ) 
4 180 182 (384 64 128 ) (384 64 192 ) (0 64 192 ) (0 64 128 ) 
4 181 226 (896 0 128 ) (640 0 128 ) (640 0 0 ) (896 0 0 ) 
4 182 232 (128 0 192 ) (0 0 192 ) (0 0 128 ) (128 0 128 ) 
4 182 231 (512 0 192 ) (128 0 192 ) (128 0 128 ) (512 0 128 ) 
4 182 184 (0 0 128 ) (0 64 128 ) (512 64 128 ) (512 0 128 ) 
4 183 229 (512 0 0 ) (528 0 0 ) (528 0 128 ) (512 0 128 ) 
4 183 184 (512 0 128 ) (512 64 128 ) (512 64 0 ) (512 0 0 ) 
4 184 232 (0 0 128 ) (0 0 0 ) (128 0 0 ) (128 0 128 ) 
4 184 231 (128 0 0 ) (512 0 0 ) (512 0 128 ) (128 0 128 ) 
4 185 196 (384 832 -32 ) (384 960 -32 ) (640 960 -32 ) (640 832 -32 ) 
4 185 188 (384 960 -32 ) (384 832 -32 ) (384 832 0 ) (384 960 0 ) 
4 185 186 (384 832 0 ) (384 832 -32 ) (640 832 -32 ) (640 832 0 ) 
4 186 198 (384 704 -32 ) (384 832 -32 ) (640 832 -32 ) (640 704 -32 ) 
4 186 188 (384 832 -32 ) (384 704 -32 ) (384 704 0 ) (384 832 0 ) 
4 188 198 (256 576 -32 ) (256 832 -32 ) (384 832 -32 ) (384 576 -32 ) 
4 188 196 (256 832 -32 ) (256 960 -32 ) (384 960 -32 ) (384 832 -32 ) 
4 188 189 (256 960 -32 ) (256 576 -32 ) (256 576 0 ) (256 960 0 ) 
4 189 203 (192 576 -32 ) (192 960 -32 ) (256 960 -32 ) (256 576 -32 ) 
4 189 190 (192 960 -32 ) (192 576 -32 ) (192 576 0 ) (192 960 0 ) 
4 190 203 (192 960 -32 ) (192 576 -32 ) (64 576 -32 ) (64 960 -32 ) 
4 190 194 (64 960 -32 ) (64 576 -32 ) (64 576 0 ) (64 960 0 ) 
4 191 192 (192 192 -3 ) (64 192 -3 ) (64 320 -3 ) (192 320 -3 ) 
4 192 193 (192 192 -5 ) (64 192 -5 ) (64 320 -5 ) (192 320 -5 ) 
4 193 203 (192 320 -32 ) (192 192 -32 ) (64 192 -32 ) (64 320 -32 ) 
4 194 453 (0 576 0 ) (0 960 0 ) (0 960 -32 ) (0 576 -32 ) 
4 194 203 (0 576 -32 ) (0 960 -32 ) (64 960 -32 ) (64 576 -32 ) 
4 195 197 (672 176 -1632 ) (672 176 -32 ) (672 448 -32 ) (672 448 -1632 ) 
4 196 217 (256 960 -352 ) (256 960 -1632 ) (256 832 -1632 ) (256 832 -352 ) 
4 196 205 (256 960 -288 ) (256 960 -352 ) (256 832 -352 ) (256 832 -288 ) 
4 196 203 (256 832 -32 ) (256 960 -32 ) (256 960 -288 ) (256 832 -288 ) 
4 196 198 (256 832 -32 ) (256 832 -1632 ) (640 832 -1632 ) (640 832 -32 ) 
4 197 198 (639.976013 448 -1632 ) (639.976013 176 -1632 ) (639.976013 176 -32 ) (639.976013 448 -32 ) 
4 198 217 (256 832 -352 ) (256 832 -1632 ) (256 176 -1632 ) (256 176 -352 ) 
4 198 205 (256 832 -288 ) (256 832 -352 ) (256 176 -352 ) (256 176 -288 ) 
4 198 203 (256 176 -32 ) (256 832 -32 ) (256 832 -288 ) (256 176 -288 ) 
4 198 202 (639.976013 176 -232 ) (639.976013 176 -198 ) (512 176 -198 ) (512 176 -232 ) 
4 198 200 (512 176 -198 ) (639.976013 176 -198 ) (639.976013 176 -186 ) (512 176 -186 ) 
4 198 199 (512 176 -186 ) (639.976013 176 -186 ) (639.976013 176 -96 ) (512 176 -96 ) 
4 199 200 (512 176 -186 ) (640 176 -186 ) (640 168 -186 ) (512 168 -186 ) 
4 200 202 (512 176 -198 ) (640 176 -198 ) (640 168 -198 ) (512 168 -198 ) 
4 203 455 (0 176 -32 ) (0 256 -32 ) (0 256 -288 ) (0 176 -288 ) 
4 203 454 (0 256 -32 ) (0 960 -32 ) (0 960 -288 ) (0 256 -288 ) 
4 203 206 (208 176 -288 ) (8 176 -288 ) (8 960 -288 ) (208 960 -288 ) 
4 203 214 (8 176 -288 ) (0 176 -288 ) (0 960 -288 ) (8 960 -288 ) 
4 203 205 (256 960 -288 ) (256 176 -288 ) (208 176 -288 ) (208 960 -288 ) 
4 204 213 (8 960 -352 ) (16 960 -352 ) (16 960 -336 ) (8 960 -336 ) 
4 204 212 (16 960 -352 ) (32 960 -352 ) (32 960 -336 ) (16 960 -336 ) 
4 204 211 (16 960 -324 ) (8 960 -324 ) (8 960 -336 ) (16 960 -336 ) 
4 204 210 (32 960 -336 ) (32 960 -324 ) (16 960 -324 ) (16 960 -336 ) 
4 204 209 (32 960 -324 ) (32 960 -308 ) (8 960 -308 ) (8 960 -324 ) 
4 204 208 (32 960 -352 ) (208 960 -352 ) (208 960 -324 ) (32 960 -324 ) 
4 204 207 (208 960 -324 ) (208 960 -308 ) (32 960 -308 ) (32 960 -324 ) 
4 204 206 (208 960 -308 ) (208 960 -288 ) (8 960 -288 ) (8 960 -308 ) 
4 204 214 (0 960 -352 ) (8 960 -352 ) (8 960 -288 ) (0 960 -288 ) 
4 204 205 (208 960 -352 ) (256 960 -352 ) (256 960 -288 ) (208 960 -288 ) 
4 205 217 (256 960 -352 ) (256 176 -352 ) (208 176 -352 ) (208 960 -352 ) 
4 205 215 (208 176 -352 ) (256 176 -352 ) (256 176 -288 ) (208 176 -288 ) 
4 205 208 (208 960 -324 ) (208 960 -352 ) (208 176 -352 ) (208 176 -324 ) 
4 205 207 (208 960 -308 ) (208 960 -324 ) (208 176 -324 ) (208 176 -308 ) 
4 205 206 (208 960 -288 ) (208 960 -308 ) (208 176 -308 ) (208 176 -288 ) 
4 206 215 (208 176 -308 ) (208 176 -288 ) (8 176 -288 ) (8 176 -308 ) 
4 206 209 (8 176 -308 ) (8 960 -308 ) (32 960 -308 ) (32 176 -308 ) 
4 206 207 (32 960 -308 ) (208 960 -308 ) (208 176 -308 ) (32 176 -308 ) 
4 206 214 (8 960 -288 ) (8 960 -308 ) (8 176 -308 ) (8 176 -288 ) 
4 207 215 (208 176 -324 ) (208 176 -308 ) (32 176 -308 ) (32 176 -324 ) 
4 207 209 (32 176 -324 ) (32 176 -308 ) (32 960 -308 ) (32 960 -324 ) 
4 207 208 (32 176 -324 ) (32 960 -324 ) (208 960 -324 ) (208 176 -324 ) 
4 208 217 (208 176 -352 ) (32 176 -352 ) (32 960 -352 ) (208 960 -352 ) 
4 208 215 (32 176 -352 ) (208 176 -352 ) (208 176 -324 ) (32 176 -324 ) 
4 208 212 (32 176 -352 ) (32 176 -336 ) (32 960 -336 ) (32 960 -352 ) 
4 208 210 (32 176 -336 ) (32 176 -324 ) (32 960 -324 ) (32 960 -336 ) 
4 209 215 (32 176 -324 ) (32 176 -308 ) (8 176 -308 ) (8 176 -324 ) 
4 209 211 (8 176 -324 ) (8 960 -324 ) (16 960 -324 ) (16 176 -324 ) 
4 209 210 (16 960 -324 ) (32 960 -324 ) (32 176 -324 ) (16 176 -324 ) 
4 209 214 (8 960 -308 ) (8 960 -324 ) (8 176 -324 ) (8 176 -308 ) 
4 210 215 (32 176 -336 ) (32 176 -324 ) (16 176 -324 ) (16 176 -336 ) 
4 210 212 (16 960 -336 ) (32 960 -336 ) (32 176 -336 ) (16 176 -336 ) 
4 210 211 (16 960 -336 ) (16 176 -336 ) (16 176 -324 ) (16 960 -324 ) 
4 211 215 (16 176 -324 ) (8 176 -324 ) (8 176 -336 ) (16 176 -336 ) 
4 211 213 (8 176 -336 ) (8 960 -336 ) (16 960 -336 ) (16 176 -336 ) 
4 211 214 (8 960 -324 ) (8 960 -336 ) (8 176 -336 ) (8 176 -324 ) 
4 212 217 (32 176 -352 ) (16 176 -352 ) (16 960 -352 ) (32 960 -352 ) 
4 212 215 (16 176 -352 ) (32 176 -352 ) (32 176 -336 ) (16 176 -336 ) 
4 212 213 (16 176 -352 ) (16 176 -336 ) (16 960 -336 ) (16 960 -352 ) 
4 213 217 (16 176 -352 ) (8 176 -352 ) (8 960 -352 ) (16 960 -352 ) 
4 213 215 (8 176 -352 ) (16 176 -352 ) (16 176 -336 ) (8 176 -336 ) 
4 213 214 (8 960 -336 ) (8 960 -352 ) (8 176 -352 ) (8 176 -336 ) 
4 214 455 (0 176 -288 ) (0 256 -288 ) (0 256 -352 ) (0 176 -352 ) 
4 214 454 (0 256 -288 ) (0 960 -288 ) (0 960 -352 ) (0 256 -352 ) 
4 214 217 (8 176 -352 ) (0 176 -352 ) (0 960 -352 ) (8 960 -352 ) 
4 214 215 (0 176 -352 ) (8 176 -352 ) (8 176 -288 ) (0 176 -288 ) 
4 215 216 (0 144 -352 ) (256 144 -352 ) (256 144 -288 ) (0 144 -288 ) 
4 216 242 (256 0 -352 ) (256 0 -288 ) (0 0 -288 ) (0 0 -352 ) 
4 217 471 (0 176 -352 ) (0 960 -352 ) (0 960 -1632 ) (0 176 -1632 ) 
4 219 224 (1024 0 480 ) (1024 0 464 ) (1024 -112 464 ) (1024 -112 480 ) 
4 219 222 (1024 -112 464 ) (1024 0 464 ) (1104 0 464 ) (1104 -112 464 ) 
4 220 246 (1024 -464 464 ) (1024 -576 464 ) (1024 -576 592 ) (1024 -464 592 ) 
4 220 243 (1024 -448 464 ) (1024 -464 464 ) (1024 -464 592 ) (1024 -448 592 ) 
4 221 247 (1024 -656 464 ) (1024 -688 464 ) (1024 -688 592 ) (1024 -656 592 ) 
4 222 224 (1024 0 464 ) (1024 0 192 ) (1024 -112 192 ) (1024 -112 464 ) 
4 223 252 (1024 -720 288 ) (1024 -720 416 ) (1024 -464 416 ) (1024 -464 288 ) 
4 224 225 (896 -112 192 ) (896 -112 480 ) (896 0 480 ) (896 0 192 ) 
4 227 228 (528 -128 256 ) (528 -128 128 ) (528 -384 128 ) (528 -384 256 ) 
4 228 237 (512 -320 128 ) (512 -384 128 ) (512 -384 256 ) (512 -320 256 ) 
4 228 234 (512 -288 128 ) (512 -320 128 ) (512 -320 192 ) (512 -288 192 ) 
4 228 233 (512 -320 192 ) (512 -320 256 ) (512 -288 256 ) (512 -288 192 ) 
4 228 231 (512 -128 128 ) (512 -288 128 ) (512 -288 256 ) (512 -128 256 ) 
4 228 229 (512 -192 128 ) (512 -128 128 ) (528 -128 128 ) (528 -192 128 ) 
4 229 231 (512 0 128 ) (512 0 0 ) (512 -192 0 ) (512 -192 128 ) 
4 230 232 (48 -176 384 ) (48 -80 384 ) (128 -80 384 ) (128 -176 384 ) 
4 230 231 (128 -80 384 ) (144 -80 384 ) (144 -176 384 ) (128 -176 384 ) 
4 231 235 (128 -288 0 ) (512 -288 0 ) (512 -288 128 ) (128 -288 128 ) 
4 231 234 (512 -288 128 ) (512 -288 192 ) (128 -288 192 ) (128 -288 128 ) 
4 231 233 (512 -288 192 ) (512 -288 384 ) (128 -288 384 ) (128 -288 192 ) 
4 231 232 (128 0 0 ) (128 -256 0 ) (128 -256 384 ) (128 0 384 ) 
4 232 475 (0 -64 320 ) (0 -64 64 ) (0 -192 64 ) (0 -192 320 ) 
4 233 237 (512 -320 192 ) (512 -320 384 ) (128 -320 384 ) (128 -320 192 ) 
4 233 234 (512 -320 192 ) (128 -320 192 ) (128 -288 192 ) (512 -288 192 ) 
4 234 237 (512 -320 128 ) (512 -320 192 ) (128 -320 192 ) (128 -320 128 ) 
4 234 235 (512 -320 128 ) (128 -320 128 ) (128 -288 128 ) (512 -288 128 ) 
4 235 238 (128 -320 0 ) (512 -320 0 ) (512 -320 128 ) (128 -320 128 ) 
4 236 477 (0 -288 192 ) (0 -288 0 ) (0 -320 0 ) (0 -320 192 ) 
4 236 241 (0 -320 0 ) (32 -320 0 ) (32 -320 192 ) (0 -320 192 ) 
4 237 245 (128 -448 320 ) (128 -448 128 ) (384 -448 128 ) (384 -448 320 ) 
4 237 238 (128 -320 128 ) (512 -320 128 ) (512 -448 128 ) (128 -448 128 ) 
4 238 245 (384 -448 128 ) (128 -448 128 ) (128 -448 64 ) (384 -448 64 ) 
4 238 239 (113 -448 128 ) (113 -320 128 ) (113 -320 0 ) (113 -448 0 ) 
4 239 240 (111 -448 128 ) (111 -320 128 ) (111 -320 0 ) (111 -448 0 ) 
4 240 241 (32 -320 128 ) (32 -320 0 ) (32 -448 0 ) (32 -448 128 ) 
4 241 477 (0 -448 0 ) (0 -448 192 ) (0 -320 192 ) (0 -320 0 ) 
4 241 476 (0 -448 192 ) (0 -448 200 ) (0 -320 200 ) (0 -320 192 ) 
4 241 257 (0 -448 128 ) (0 -448 0 ) (32 -448 0 ) (32 -448 128 ) 
4 241 256 (0 -448 192 ) (0 -448 128 ) (32 -448 128 ) (32 -448 192 ) 
4 243 246 (1024 -464 464 ) (1024 -464 592 ) (976 -464 592 ) (976 -464 464 ) 
4 244 248 (848 -464 592 ) (720 -464 592 ) (720 -464 464 ) (848 -464 464 ) 
4 245 255 (128 -464 320 ) (128 -464 64 ) (384 -464 64 ) (384 -464 320 ) 
4 249 253 (544 -464 464 ) (640 -464 464 ) (640 -976 464 ) (544 -976 464 ) 
4 249 250 (544 -464 464 ) (544 -944 464 ) (544 -944 496 ) (544 -464 496 ) 
4 250 254 (480 -464 464 ) (544 -464 464 ) (544 -944 464 ) (480 -944 464 ) 
4 250 251 (480 -464 464 ) (480 -944 464 ) (480 -944 496 ) (480 -464 496 ) 
4 251 255 (128 -976 464 ) (128 -464 464 ) (480 -464 464 ) (480 -976 464 ) 
4 253 254 (544 -464 -128 ) (544 -944 -128 ) (544 -944 464 ) (544 -464 464 ) 
4 254 255 (480 -464 -128 ) (480 -944 -128 ) (480 -944 464 ) (480 -464 464 ) 
4 256 477 (0 -480 128 ) (0 -480 192 ) (0 -448 192 ) (0 -448 128 ) 
4 256 257 (32 -480 128 ) (0 -480 128 ) (0 -448 128 ) (32 -448 128 ) 
4 257 477 (0 -480 0 ) (0 -480 128 ) (0 -448 128 ) (0 -448 0 ) 
4 258 266 (-816 1392 976 ) (-816 1296 976 ) (-912 1296 976 ) (-912 1392 976 ) 
4 259 261 (-704 1440 976 ) (-704 1504 976 ) (-704 1504 784 ) (-704 1440 784 ) 
4 259 260 (-704 1504 976 ) (-704 1952 976 ) (-704 1952 784 ) (-704 1504 784 ) 
4 260 369 (-1024 1632 720 ) (-1024 1504 720 ) (-1024 1504 976 ) (-1024 1632 976 ) 
4 260 366 (-1024 1664 720 ) (-1024 1632 720 ) (-1024 1632 768 ) (-1024 1664 768 ) 
4 260 364 (-1024 1632 768 ) (-1024 1632 832 ) (-1024 1664 832 ) (-1024 1664 768 ) 
4 260 361 (-1024 1632 832 ) (-1024 1632 896 ) (-1024 1664 896 ) (-1024 1664 832 ) 
4 260 360 (-1024 1632 896 ) (-1024 1632 976 ) (-1024 1664 976 ) (-1024 1664 896 ) 
4 260 349 (-1024 1952 720 ) (-1024 1664 720 ) (-1024 1664 728 ) (-1024 1952 728 ) 
4 260 348 (-1024 1664 728 ) (-1024 1664 976 ) (-1024 1952 976 ) (-1024 1952 728 ) 
4 260 271 (-1024 1504 720 ) (-1024 1696 720 ) (-768 1696 720 ) (-768 1504 720 ) 
4 260 269 (-704 1760 720 ) (-704 1696 720 ) (-736 1696 720 ) (-736 1760 720 ) 
4 260 268 (-736 1952 720 ) (-704 1952 720 ) (-704 1760 720 ) (-736 1760 720 ) 
4 260 270 (-1024 1696 720 ) (-1024 1952 720 ) (-768 1952 720 ) (-768 1696 720 ) 
4 260 264 (-992 1504 720 ) (-928 1504 720 ) (-928 1504 784 ) (-992 1504 784 ) 
4 260 265 (-1024 1504 720 ) (-992 1504 720 ) (-992 1504 976 ) (-1024 1504 976 ) 
4 260 262 (-864 1504 720 ) (-800 1504 720 ) (-800 1504 784 ) (-864 1504 784 ) 
4 260 261 (-800 1504 720 ) (-704 1504 720 ) (-704 1504 976 ) (-800 1504 976 ) 
4 260 263 (-928 1504 720 ) (-864 1504 720 ) (-864 1504 976 ) (-928 1504 976 ) 
4 261 271 (-800 1504 720 ) (-768 1504 720 ) (-768 1440 720 ) (-800 1440 720 ) 
3 261 262 (-800 1504 784 ) (-800 1504 720 ) (-800 1440 720 ) 
4 262 271 (-864 1504 720 ) (-800 1504 720 ) (-800 1440 720 ) (-864 1440 720 ) 
3 262 263 (-864 1504 784 ) (-864 1504 720 ) (-864 1440 720 ) 
4 263 271 (-928 1504 720 ) (-864 1504 720 ) (-864 1440 720 ) (-928 1440 720 ) 
3 263 264 (-928 1504 784 ) (-928 1504 720 ) (-928 1440 720 ) 
4 264 271 (-992 1504 720 ) (-928 1504 720 ) (-928 1440 720 ) (-992 1440 720 ) 
3 264 265 (-992 1504 784 ) (-992 1504 720 ) (-992 1440 720 ) 
4 265 369 (-1024 1504 720 ) (-1024 1440 720 ) (-1024 1440 976 ) (-1024 1504 976 ) 
4 265 271 (-1024 1440 720 ) (-1024 1504 720 ) (-992 1504 720 ) (-992 1440 720 ) 
4 266 273 (-816 1392 720 ) (-816 1296 720 ) (-912 1296 720 ) (-912 1392 720 ) 
4 267 295 (-416 1760 704 ) (-416 1696 704 ) (-480 1696 704 ) (-480 1760 704 ) 
4 267 297 (-416 1696 704 ) (-416 1632 704 ) (-480 1632 704 ) (-480 1696 704 ) 
4 268 269 (-736 1760 720 ) (-736 1760 704 ) (-704 1760 704 ) (-704 1760 720 ) 
4 270 296 (-1024 1696 704 ) (-1024 1760 704 ) (-768 1760 704 ) (-768 1696 704 ) 
4 270 290 (-1024 1760 704 ) (-1024 1888 704 ) (-768 1888 704 ) (-768 1760 704 ) 
4 270 288 (-1024 1888 704 ) (-1024 1952 704 ) (-768 1952 704 ) (-768 1888 704 ) 
4 270 271 (-1024 1696 704 ) (-768 1696 704 ) (-768 1696 720 ) (-1024 1696 720 ) 
4 271 297 (-1024 1440 704 ) (-1024 1696 704 ) (-768 1696 704 ) (-768 1440 704 ) 
4 272 298 (-480 1373 704 ) (-480 1120 704 ) (-608 1120 704 ) (-608 1373 704 ) 
4 272 297 (-608 1408 704 ) (-480 1408 704 ) (-480 1373 704 ) (-608 1373 704 ) 
4 273 298 (-816 1296 704 ) (-912 1296 704 ) (-912 1373 704 ) (-816 1373 704 ) 
4 273 297 (-912 1373 704 ) (-912 1392 704 ) (-816 1392 704 ) (-816 1373 704 ) 
4 274 297 (-416 1632 448 ) (-416 1504 448 ) (-416 1504 704 ) (-416 1632 704 ) 
4 275 278 (-448 2032 448 ) (-448 2031 448 ) (-448 2031 576 ) (-448 2032 576 ) 
4 275 279 (-448 2031 448 ) (-448 2030 448 ) (-448 2030 576 ) (-448 2031 576 ) 
4 276 283 (-448 2016 448 ) (-416 2016 448 ) (-416 2016 576 ) (-448 2016 576 ) 
4 276 279 (-448 2024 448 ) (-448 2016 448 ) (-448 2016 576 ) (-448 2024 576 ) 
4 277 278 (-576 2033 576 ) (-576 2033 448 ) (-448 2033 448 ) (-448 2033 576 ) 
4 278 279 (-576 2031 576 ) (-576 2031 448 ) (-448 2031 448 ) (-448 2031 576 ) 
4 279 283 (-576 2016 448 ) (-448 2016 448 ) (-448 2016 576 ) (-576 2016 576 ) 
4 280 283 (-672 2016 448 ) (-608 2016 448 ) (-608 2016 512 ) (-672 2016 512 ) 
4 281 337 (-1024 2016 448 ) (-1024 2048 448 ) (-768 2048 448 ) (-768 2016 448 ) 
4 281 286 (-1024 2016 448 ) (-768 2016 448 ) (-768 2016 512 ) (-1024 2016 512 ) 
4 282 289 (-416 1888 576 ) (-416 1888 704 ) (-672 1888 704 ) (-672 1888 576 ) 
4 282 284 (-416 1888 576 ) (-672 1888 576 ) (-672 1920 576 ) (-416 1920 576 ) 
4 282 283 (-672 1920 576 ) (-672 2016 576 ) (-416 2016 576 ) (-416 1920 576 ) 
4 283 284 (-416 1920 448 ) (-416 1920 576 ) (-672 1920 576 ) (-672 1920 448 ) 
4 284 293 (-672 1888 448 ) (-416 1888 448 ) (-416 1888 576 ) (-672 1888 576 ) 
4 285 324 (-728 1888 448 ) (-736 1888 448 ) (-736 1920 448 ) (-728 1920 448 ) 
4 285 287 (-736 1920 448 ) (-736 1888 448 ) (-736 1888 576 ) (-736 1920 576 ) 
4 286 337 (-1024 1968 448 ) (-1024 2016 448 ) (-768 2016 448 ) (-768 1968 448 ) 
4 287 336 (-736 1952 448 ) (-736 1888 448 ) (-768 1888 448 ) (-768 1952 448 ) 
4 287 294 (-768 1888 448 ) (-736 1888 448 ) (-736 1888 576 ) (-768 1888 576 ) 
4 287 292 (-736 1888 576 ) (-736 1888 640 ) (-768 1888 640 ) (-768 1888 576 ) 
4 287 290 (-736 1888 640 ) (-736 1888 704 ) (-768 1888 704 ) (-768 1888 640 ) 
4 287 288 (-768 1952 448 ) (-768 1888 448 ) (-768 1888 704 ) (-768 1952 704 ) 
4 288 385 (-1024 1952 448 ) (-1024 1888 448 ) (-1024 1888 576 ) (-1024 1952 576 ) 
4 288 370 (-1024 1888 640 ) (-1024 1888 704 ) (-1024 1952 704 ) (-1024 1952 640 ) 
4 288 371 (-1024 1888 576 ) (-1024 1888 640 ) (-1024 1952 640 ) (-1024 1952 576 ) 
4 288 338 (-1024 1888 448 ) (-1024 1952 448 ) (-768 1952 448 ) (-768 1888 448 ) 
4 288 294 (-1024 1888 448 ) (-768 1888 448 ) (-768 1888 576 ) (-1024 1888 576 ) 
4 288 292 (-768 1888 576 ) (-768 1888 640 ) (-1024 1888 640 ) (-1024 1888 576 ) 
4 288 290 (-768 1888 640 ) (-768 1888 704 ) (-1024 1888 704 ) (-1024 1888 640 ) 
4 289 295 (-416 1760 576 ) (-416 1760 704 ) (-672 1760 704 ) (-672 1760 576 ) 
4 289 293 (-416 1760 576 ) (-672 1760 576 ) (-672 1888 576 ) (-416 1888 576 ) 
4 289 291 (-672 1888 640 ) (-672 1888 576 ) (-672 1760 576 ) (-672 1760 640 ) 
4 290 370 (-1024 1760 640 ) (-1024 1760 704 ) (-1024 1888 704 ) (-1024 1888 640 ) 
4 290 296 (-736 1760 704 ) (-1024 1760 704 ) (-1024 1760 640 ) (-736 1760 640 ) 
4 290 292 (-1024 1888 640 ) (-736 1888 640 ) (-736 1760 640 ) (-1024 1760 640 ) 
4 292 371 (-1024 1760 576 ) (-1024 1760 640 ) (-1024 1888 640 ) (-1024 1888 576 ) 
4 292 296 (-1024 1760 640 ) (-1024 1760 576 ) (-736 1760 576 ) (-736 1760 640 ) 
4 292 294 (-736 1760 576 ) (-1024 1760 576 ) (-1024 1888 576 ) (-736 1888 576 ) 
4 293 295 (-672 1760 448 ) (-416 1760 448 ) (-416 1760 576 ) (-672 1760 576 ) 
4 294 385 (-1024 1888 448 ) (-1024 1760 448 ) (-1024 1760 576 ) (-1024 1888 576 ) 
4 294 338 (-1024 1760 448 ) (-1024 1888 448 ) (-768 1888 448 ) (-768 1760 448 ) 
4 294 336 (-768 1888 448 ) (-736 1888 448 ) (-736 1760 448 ) (-768 1760 448 ) 
4 294 296 (-1024 1760 448 ) (-736 1760 448 ) (-736 1760 576 ) (-1024 1760 576 ) 
4 295 297 (-672 1696 448 ) (-416 1696 448 ) (-416 1696 704 ) (-672 1696 704 ) 
4 296 385 (-1024 1760 448 ) (-1024 1696 448 ) (-1024 1696 576 ) (-1024 1760 576 ) 
4 296 370 (-1024 1696 640 ) (-1024 1696 704 ) (-1024 1760 704 ) (-1024 1760 640 ) 
4 296 371 (-1024 1696 576 ) (-1024 1696 640 ) (-1024 1760 640 ) (-1024 1760 576 ) 
4 296 338 (-1024 1696 448 ) (-1024 1760 448 ) (-768 1760 448 ) (-768 1696 448 ) 
4 296 336 (-768 1760 448 ) (-736 1760 448 ) (-736 1696 448 ) (-768 1696 448 ) 
4 296 297 (-1024 1696 448 ) (-736 1696 448 ) (-736 1696 704 ) (-1024 1696 704 ) 
4 297 385 (-1024 1696 448 ) (-1024 1373 448 ) (-1024 1373 576 ) (-1024 1696 576 ) 
4 297 370 (-1024 1373 640 ) (-1024 1373 704 ) (-1024 1696 704 ) (-1024 1696 640 ) 
4 297 371 (-1024 1373 576 ) (-1024 1373 640 ) (-1024 1696 640 ) (-1024 1696 576 ) 
4 297 338 (-1024 1373 448 ) (-1024 1696 448 ) (-768 1696 448 ) (-768 1373 448 ) 
4 297 336 (-768 1696 448 ) (-736 1696 448 ) (-736 1373 448 ) (-768 1373 448 ) 
4 297 325 (-736 1696 448 ) (-672 1696 448 ) (-672 1373 448 ) (-736 1373 448 ) 
4 297 323 (-672 1696 448 ) (-608 1696 448 ) (-608 1373 448 ) (-672 1373 448 ) 
4 297 322 (-416 1568 448 ) (-416 1373 448 ) (-608 1373 448 ) (-608 1568 448 ) 
4 297 320 (-544 1696 448 ) (-416 1696 448 ) (-416 1568 448 ) (-544 1568 448 ) 
4 297 321 (-608 1696 448 ) (-544 1696 448 ) (-544 1568 448 ) (-608 1568 448 ) 
4 297 309 (-687 1373 573 ) (-689 1373 573 ) (-689 1373 451 ) (-687 1373 451 ) 
4 297 308 (-416 1373 451 ) (-416 1373 573 ) (-687 1373 573 ) (-687 1373 451 ) 
4 297 310 (-689 1373 573 ) (-1024 1373 573 ) (-1024 1373 451 ) (-689 1373 451 ) 
4 297 307 (-416 1373 573 ) (-416 1373 579 ) (-1024 1373 579 ) (-1024 1373 573 ) 
4 297 311 (-1024 1373 448 ) (-416 1373 448 ) (-416 1373 451 ) (-1024 1373 451 ) 
4 297 300 (-687 1373 701 ) (-689 1373 701 ) (-689 1373 579 ) (-687 1373 579 ) 
4 297 299 (-416 1373 579 ) (-416 1373 701 ) (-687 1373 701 ) (-687 1373 579 ) 
4 297 301 (-689 1373 701 ) (-1024 1373 701 ) (-1024 1373 579 ) (-689 1373 579 ) 
4 297 298 (-416 1373 701 ) (-416 1373 704 ) (-1024 1373 704 ) (-1024 1373 701 ) 
4 298 370 (-1024 1056 701 ) (-1024 1056 704 ) (-1024 1373 704 ) (-1024 1373 701 ) 
4 298 304 (-689 1181 701 ) (-687 1181 701 ) (-687 1123 701 ) (-689 1123 701 ) 
4 298 303 (-687 1181 701 ) (-416 1181 701 ) (-416 1123 701 ) (-687 1123 701 ) 
4 298 305 (-1024 1123 701 ) (-1024 1181 701 ) (-689 1181 701 ) (-689 1123 701 ) 
4 298 302 (-1024 1181 701 ) (-1024 1187 701 ) (-416 1187 701 ) (-416 1181 701 ) 
4 298 306 (-416 1056 701 ) (-1024 1056 701 ) (-1024 1123 701 ) (-416 1123 701 ) 
4 298 300 (-689 1373 701 ) (-687 1373 701 ) (-687 1187 701 ) (-689 1187 701 ) 
4 298 299 (-687 1373 701 ) (-416 1373 701 ) (-416 1187 701 ) (-687 1187 701 ) 
4 298 301 (-1024 1187 701 ) (-1024 1373 701 ) (-689 1373 701 ) (-689 1187 701 ) 
4 299 307 (-687 1373 579 ) (-416 1373 579 ) (-416 1187 579 ) (-687 1187 579 ) 
4 299 302 (-687 1187 579 ) (-416 1187 579 ) (-416 1187 701 ) (-687 1187 701 ) 
4 299 300 (-687 1373 579 ) (-687 1187 579 ) (-687 1187 701 ) (-687 1373 701 ) 
4 300 307 (-689 1373 579 ) (-687 1373 579 ) (-687 1187 579 ) (-689 1187 579 ) 
4 300 302 (-689 1187 579 ) (-687 1187 579 ) (-687 1187 701 ) (-689 1187 701 ) 
4 300 301 (-689 1373 579 ) (-689 1187 579 ) (-689 1187 701 ) (-689 1373 701 ) 
4 301 370 (-1024 1187 701 ) (-1024 1373 701 ) (-1024 1373 640 ) (-1024 1187 640 ) 
4 301 371 (-1024 1373 640 ) (-1024 1373 579 ) (-1024 1187 579 ) (-1024 1187 640 ) 
4 301 307 (-1024 1187 579 ) (-1024 1373 579 ) (-689 1373 579 ) (-689 1187 579 ) 
4 301 302 (-1024 1187 579 ) (-689 1187 579 ) (-689 1187 701 ) (-1024 1187 701 ) 
4 302 370 (-1024 1181 701 ) (-1024 1187 701 ) (-1024 1187 640 ) (-1024 1181 640 ) 
4 302 371 (-1024 1187 640 ) (-1024 1187 579 ) (-1024 1181 579 ) (-1024 1181 640 ) 
4 302 307 (-1024 1181 579 ) (-1024 1187 579 ) (-416 1187 579 ) (-416 1181 579 ) 
4 302 304 (-689 1181 579 ) (-687 1181 579 ) (-687 1181 701 ) (-689 1181 701 ) 
4 302 303 (-687 1181 579 ) (-416 1181 579 ) (-416 1181 701 ) (-687 1181 701 ) 
4 302 305 (-1024 1181 579 ) (-689 1181 579 ) (-689 1181 701 ) (-1024 1181 701 ) 
4 303 307 (-687 1181 579 ) (-416 1181 579 ) (-416 1123 579 ) (-687 1123 579 ) 
4 303 306 (-687 1123 579 ) (-416 1123 579 ) (-416 1123 701 ) (-687 1123 701 ) 
4 303 304 (-687 1181 701 ) (-687 1181 579 ) (-687 1123 579 ) (-687 1123 701 ) 
4 304 307 (-689 1181 579 ) (-687 1181 579 ) (-687 1123 579 ) (-689 1123 579 ) 
4 304 305 (-689 1181 701 ) (-689 1181 579 ) (-689 1123 579 ) (-689 1123 701 ) 
4 304 306 (-689 1123 579 ) (-687 1123 579 ) (-687 1123 701 ) (-689 1123 701 ) 
4 305 370 (-1024 1123 701 ) (-1024 1181 701 ) (-1024 1181 640 ) (-1024 1123 640 ) 
4 305 371 (-1024 1181 640 ) (-1024 1181 579 ) (-1024 1123 579 ) (-1024 1123 640 ) 
4 305 307 (-1024 1123 579 ) (-1024 1181 579 ) (-689 1181 579 ) (-689 1123 579 ) 
4 305 306 (-1024 1123 579 ) (-689 1123 579 ) (-689 1123 701 ) (-1024 1123 701 ) 
4 306 370 (-1024 1056 640 ) (-1024 1056 701 ) (-1024 1123 701 ) (-1024 1123 640 ) 
4 306 371 (-1024 1056 579 ) (-1024 1056 640 ) (-1024 1123 640 ) (-1024 1123 579 ) 
4 306 313 (-992 1056 640 ) (-1024 1056 640 ) (-1024 1056 579 ) (-992 1056 579 ) 
4 306 312 (-416 1056 579 ) (-1024 1056 579 ) (-1024 1123 579 ) (-416 1123 579 ) 
4 307 385 (-1024 1123 573 ) (-1024 1123 576 ) (-1024 1373 576 ) (-1024 1373 573 ) 
4 307 371 (-1024 1123 576 ) (-1024 1123 579 ) (-1024 1373 579 ) (-1024 1373 576 ) 
4 307 309 (-687 1123 573 ) (-689 1123 573 ) (-689 1373 573 ) (-687 1373 573 ) 
4 307 308 (-416 1123 573 ) (-687 1123 573 ) (-687 1373 573 ) (-416 1373 573 ) 
4 307 310 (-689 1123 573 ) (-1024 1123 573 ) (-1024 1373 573 ) (-689 1373 573 ) 
4 307 312 (-416 1123 573 ) (-416 1123 579 ) (-1024 1123 579 ) (-1024 1123 573 ) 
4 308 311 (-416 1123 451 ) (-687 1123 451 ) (-687 1373 451 ) (-416 1373 451 ) 
4 308 312 (-416 1123 451 ) (-416 1123 573 ) (-687 1123 573 ) (-687 1123 451 ) 
4 308 309 (-687 1373 451 ) (-687 1123 451 ) (-687 1123 573 ) (-687 1373 573 ) 
4 309 310 (-689 1373 451 ) (-689 1123 451 ) (-689 1123 573 ) (-689 1373 573 ) 
4 309 311 (-687 1123 451 ) (-689 1123 451 ) (-689 1373 451 ) (-687 1373 451 ) 
4 309 312 (-687 1123 573 ) (-689 1123 573 ) (-689 1123 451 ) (-687 1123 451 ) 
4 310 385 (-1024 1123 451 ) (-1024 1123 573 ) (-1024 1373 573 ) (-1024 1373 451 ) 
4 310 312 (-689 1123 573 ) (-1024 1123 573 ) (-1024 1123 451 ) (-689 1123 451 ) 
4 310 311 (-689 1123 451 ) (-1024 1123 451 ) (-1024 1373 451 ) (-689 1373 451 ) 
4 311 385 (-1024 1373 448 ) (-1024 1123 448 ) (-1024 1123 451 ) (-1024 1373 451 ) 
4 311 338 (-1024 1123 448 ) (-1024 1373 448 ) (-768 1373 448 ) (-768 1123 448 ) 
4 311 336 (-768 1373 448 ) (-736 1373 448 ) (-736 1123 448 ) (-768 1123 448 ) 
4 311 326 (-736 1373 448 ) (-672 1373 448 ) (-672 1123 448 ) (-736 1123 448 ) 
4 311 323 (-672 1373 448 ) (-608 1373 448 ) (-608 1123 448 ) (-672 1123 448 ) 
4 311 322 (-608 1373 448 ) (-416 1373 448 ) (-416 1123 448 ) (-608 1123 448 ) 
4 311 312 (-1024 1123 448 ) (-416 1123 448 ) (-416 1123 451 ) (-1024 1123 451 ) 
4 312 385 (-1024 1123 448 ) (-1024 1056 448 ) (-1024 1056 576 ) (-1024 1123 576 ) 
4 312 371 (-1024 1056 576 ) (-1024 1056 579 ) (-1024 1123 579 ) (-1024 1123 576 ) 
4 312 338 (-1024 1056 448 ) (-1024 1123 448 ) (-768 1123 448 ) (-768 1056 448 ) 
4 312 336 (-768 1123 448 ) (-736 1123 448 ) (-736 1056 448 ) (-768 1056 448 ) 
4 312 326 (-736 1123 448 ) (-672 1123 448 ) (-672 1056 448 ) (-736 1056 448 ) 
4 312 323 (-672 1123 448 ) (-608 1123 448 ) (-608 1056 448 ) (-672 1056 448 ) 
4 312 322 (-608 1123 448 ) (-416 1123 448 ) (-416 1056 448 ) (-608 1056 448 ) 
4 312 313 (-1024 1056 448 ) (-992 1056 448 ) (-992 1056 579 ) (-1024 1056 579 ) 
4 313 414 (-1024 1024 640 ) (-1024 1024 448 ) (-992 1024 448 ) (-992 1024 640 ) 
4 313 385 (-1024 1056 448 ) (-1024 1024 448 ) (-1024 1024 576 ) (-1024 1056 576 ) 
4 313 371 (-1024 1024 576 ) (-1024 1024 640 ) (-1024 1056 640 ) (-1024 1056 576 ) 
4 314 320 (-416 1632 256 ) (-416 1632 384 ) (-416 1696 384 ) (-416 1696 256 ) 
4 315 322 (-416 1440 384 ) (-416 1504 384 ) (-416 1504 320 ) (-416 1440 320 ) 
4 316 415 (0 1024 256 ) (0 1024 320 ) (-64 1024 320 ) (-64 1024 256 ) 
4 316 402 (0 1024 320 ) (0 1024 384 ) (-64 1024 384 ) (-64 1024 320 ) 
4 317 322 (-416 1120 320 ) (-416 1120 448 ) (-416 1248 448 ) (-416 1248 320 ) 
4 318 323 (-672 1696 384 ) (-672 1696 320 ) (-608 1696 320 ) (-608 1696 384 ) 
4 318 320 (-544 1696 320 ) (-416 1696 320 ) (-416 1696 384 ) (-544 1696 384 ) 
4 318 321 (-608 1696 320 ) (-544 1696 320 ) (-544 1696 384 ) (-608 1696 384 ) 
4 318 319 (-672 1824 320 ) (-672 1888 320 ) (-416 1888 320 ) (-416 1824 320 ) 
4 319 344 (-416 1888 192 ) (-416 1824 192 ) (-672 1824 192 ) (-672 1888 192 ) 
4 320 322 (-416 1568 194 ) (-416 1568 448 ) (-544 1568 448 ) (-544 1568 194 ) 
4 320 321 (-544 1696 448 ) (-544 1696 194 ) (-544 1568 194 ) (-544 1568 448 ) 
4 321 323 (-608 1696 448 ) (-608 1696 192 ) (-608 1568 192 ) (-608 1568 448 ) 
4 321 322 (-608 1568 448 ) (-608 1568 192 ) (-544 1568 192 ) (-544 1568 448 ) 
4 322 323 (-608 1568 192 ) (-608 1056 192 ) (-608 1056 448 ) (-608 1568 448 ) 
4 323 331 (-672 1059 445 ) (-672 1309 445 ) (-672 1309 323 ) (-672 1059 323 ) 
4 323 334 (-672 1056 323 ) (-672 1056 445 ) (-672 1059 445 ) (-672 1059 323 ) 
4 323 327 (-672 1315 445 ) (-672 1373 445 ) (-672 1373 323 ) (-672 1315 323 ) 
4 323 330 (-672 1309 445 ) (-672 1315 445 ) (-672 1315 323 ) (-672 1309 323 ) 
4 323 326 (-672 1056 445 ) (-672 1056 448 ) (-672 1373 448 ) (-672 1373 445 ) 
4 323 335 (-672 1373 192 ) (-672 1056 192 ) (-672 1056 323 ) (-672 1373 323 ) 
4 323 325 (-672 1696 192 ) (-672 1373 192 ) (-672 1373 448 ) (-672 1696 448 ) 
4 324 336 (-736 1888 320 ) (-736 1888 448 ) (-736 1920 448 ) (-736 1920 320 ) 
4 325 339 (-736 1696 192 ) (-736 1373 192 ) (-736 1373 320 ) (-736 1696 320 ) 
4 325 336 (-736 1373 320 ) (-736 1373 448 ) (-736 1696 448 ) (-736 1696 320 ) 
4 325 328 (-689 1373 323 ) (-687 1373 323 ) (-687 1373 445 ) (-689 1373 445 ) 
4 325 327 (-687 1373 323 ) (-672 1373 323 ) (-672 1373 445 ) (-687 1373 445 ) 
4 325 329 (-736 1373 445 ) (-736 1373 323 ) (-689 1373 323 ) (-689 1373 445 ) 
4 325 326 (-736 1373 448 ) (-736 1373 445 ) (-672 1373 445 ) (-672 1373 448 ) 
4 325 335 (-736 1373 323 ) (-736 1373 192 ) (-672 1373 192 ) (-672 1373 323 ) 
4 326 336 (-736 1056 445 ) (-736 1056 448 ) (-736 1373 448 ) (-736 1373 445 ) 
4 326 332 (-689 1309 445 ) (-687 1309 445 ) (-687 1059 445 ) (-689 1059 445 ) 
4 326 331 (-687 1309 445 ) (-672 1309 445 ) (-672 1059 445 ) (-687 1059 445 ) 
4 326 333 (-736 1059 445 ) (-736 1309 445 ) (-689 1309 445 ) (-689 1059 445 ) 
4 326 334 (-672 1056 445 ) (-736 1056 445 ) (-736 1059 445 ) (-672 1059 445 ) 
4 326 328 (-689 1373 445 ) (-687 1373 445 ) (-687 1315 445 ) (-689 1315 445 ) 
4 326 327 (-687 1373 445 ) (-672 1373 445 ) (-672 1315 445 ) (-687 1315 445 ) 
4 326 329 (-736 1315 445 ) (-736 1373 445 ) (-689 1373 445 ) (-689 1315 445 ) 
4 326 330 (-736 1309 445 ) (-736 1315 445 ) (-672 1315 445 ) (-672 1309 445 ) 
4 327 335 (-687 1373 323 ) (-672 1373 323 ) (-672 1315 323 ) (-687 1315 323 ) 
4 327 330 (-687 1315 323 ) (-672 1315 323 ) (-672 1315 445 ) (-687 1315 445 ) 
4 327 328 (-687 1373 323 ) (-687 1315 323 ) (-687 1315 445 ) (-687 1373 445 ) 
4 328 329 (-689 1373 323 ) (-689 1315 323 ) (-689 1315 445 ) (-689 1373 445 ) 
4 328 335 (-689 1373 323 ) (-687 1373 323 ) (-687 1315 323 ) (-689 1315 323 ) 
4 328 330 (-689 1315 323 ) (-687 1315 323 ) (-687 1315 445 ) (-689 1315 445 ) 
4 329 336 (-736 1315 445 ) (-736 1373 445 ) (-736 1373 323 ) (-736 1315 323 ) 
4 329 330 (-736 1315 323 ) (-689 1315 323 ) (-689 1315 445 ) (-736 1315 445 ) 
4 329 335 (-736 1315 323 ) (-736 1373 323 ) (-689 1373 323 ) (-689 1315 323 ) 
4 330 336 (-736 1309 445 ) (-736 1315 445 ) (-736 1315 323 ) (-736 1309 323 ) 
4 330 332 (-689 1309 323 ) (-687 1309 323 ) (-687 1309 445 ) (-689 1309 445 ) 
4 330 331 (-687 1309 323 ) (-672 1309 323 ) (-672 1309 445 ) (-687 1309 445 ) 
4 330 333 (-736 1309 323 ) (-689 1309 323 ) (-689 1309 445 ) (-736 1309 445 ) 
4 330 335 (-736 1309 323 ) (-736 1315 323 ) (-672 1315 323 ) (-672 1309 323 ) 
4 331 335 (-687 1309 323 ) (-672 1309 323 ) (-672 1059 323 ) (-687 1059 323 ) 
4 331 334 (-687 1059 323 ) (-672 1059 323 ) (-672 1059 445 ) (-687 1059 445 ) 
4 331 332 (-687 1309 445 ) (-687 1309 323 ) (-687 1059 323 ) (-687 1059 445 ) 
4 332 333 (-689 1309 445 ) (-689 1309 323 ) (-689 1059 323 ) (-689 1059 445 ) 
4 332 335 (-689 1309 323 ) (-687 1309 323 ) (-687 1059 323 ) (-689 1059 323 ) 
4 332 334 (-689 1059 323 ) (-687 1059 323 ) (-687 1059 445 ) (-689 1059 445 ) 
4 333 336 (-736 1059 445 ) (-736 1309 445 ) (-736 1309 323 ) (-736 1059 323 ) 
4 333 334 (-736 1059 323 ) (-689 1059 323 ) (-689 1059 445 ) (-736 1059 445 ) 
4 333 335 (-736 1059 323 ) (-736 1309 323 ) (-689 1309 323 ) (-689 1059 323 ) 
4 334 336 (-736 1056 323 ) (-736 1056 445 ) (-736 1059 445 ) (-736 1059 323 ) 
4 334 335 (-672 1056 323 ) (-736 1056 323 ) (-736 1059 323 ) (-672 1059 323 ) 
4 335 339 (-736 1373 192 ) (-736 1056 192 ) (-736 1056 320 ) (-736 1373 320 ) 
4 335 336 (-736 1056 320 ) (-736 1056 323 ) (-736 1373 323 ) (-736 1373 320 ) 
4 336 339 (-736 1952 320 ) (-736 1056 320 ) (-768 1056 320 ) (-768 1952 320 ) 
4 336 338 (-768 1952 320 ) (-768 1056 320 ) (-768 1056 448 ) (-768 1952 448 ) 
4 337 338 (-1024 1952 320 ) (-768 1952 320 ) (-768 1952 448 ) (-1024 1952 448 ) 
4 338 399 (-1024 1952 320 ) (-1024 1056 320 ) (-1024 1056 448 ) (-1024 1952 448 ) 
4 338 340 (-1024 1056 320 ) (-1024 1952 320 ) (-768 1952 320 ) (-768 1056 320 ) 
4 339 340 (-768 1952 192 ) (-768 1056 192 ) (-768 1056 320 ) (-768 1952 320 ) 
4 340 399 (-1024 1952 192 ) (-1024 1056 192 ) (-1024 1056 320 ) (-1024 1952 320 ) 
4 340 346 (-1024 1248 192 ) (-1024 1376 192 ) (-768 1376 192 ) (-768 1248 192 ) 
4 340 345 (-1024 1376 192 ) (-1024 1504 192 ) (-896 1504 192 ) (-896 1376 192 ) 
4 340 341 (-928 1056 192 ) (-800 1056 192 ) (-800 1056 320 ) (-928 1056 320 ) 
4 341 342 (-928 1041 320 ) (-928 1041 192 ) (-800 1041 192 ) (-800 1041 320 ) 
4 342 343 (-928 1039 320 ) (-928 1039 192 ) (-800 1039 192 ) (-800 1039 320 ) 
4 343 416 (-928 1024 192 ) (-800 1024 192 ) (-800 1024 320 ) (-928 1024 320 ) 
4 344 347 (-672 1824 176 ) (-672 1888 176 ) (-416 1888 176 ) (-416 1824 176 ) 
4 345 346 (-1024 1376 176 ) (-896 1376 176 ) (-896 1376 192 ) (-1024 1376 192 ) 
4 348 366 (-1024 1664 728 ) (-1024 1664 768 ) (-1088 1664 768 ) (-1088 1664 728 ) 
4 348 364 (-1024 1664 768 ) (-1024 1664 832 ) (-1088 1664 832 ) (-1088 1664 768 ) 
4 348 361 (-1024 1664 832 ) (-1024 1664 896 ) (-1088 1664 896 ) (-1088 1664 832 ) 
4 348 360 (-1024 1664 896 ) (-1024 1664 976 ) (-1088 1664 976 ) (-1088 1664 896 ) 
4 348 350 (-1056 1664 728 ) (-1088 1664 728 ) (-1088 1824 728 ) (-1056 1824 728 ) 
4 348 349 (-1024 1664 728 ) (-1056 1664 728 ) (-1056 1952 728 ) (-1024 1952 728 ) 
4 349 366 (-1024 1664 720 ) (-1024 1664 728 ) (-1056 1664 728 ) (-1056 1664 720 ) 
4 349 350 (-1056 1824 720 ) (-1056 1664 720 ) (-1056 1664 728 ) (-1056 1824 728 ) 
4 350 366 (-1056 1664 728 ) (-1088 1664 728 ) (-1088 1664 720 ) (-1056 1664 720 ) 
4 351 370 (-1056 1824 704 ) (-1184 1824 704 ) (-1184 1952 704 ) (-1056 1952 704 ) 
4 352 354 (-1412 1920 896 ) (-1410 1920 896 ) (-1410 1728 896 ) (-1412 1728 896 ) 
4 352 353 (-1410 1920 896 ) (-1216 1920 896 ) (-1216 1728 896 ) (-1410 1728 896 ) 
4 352 355 (-1856 1728 896 ) (-1856 1920 896 ) (-1412 1920 896 ) (-1412 1728 896 ) 
4 352 356 (-1216 1664 896 ) (-1856 1664 896 ) (-1856 1728 896 ) (-1216 1728 896 ) 
4 353 357 (-1410 2048 832 ) (-1216 2048 832 ) (-1216 1728 832 ) (-1410 1728 832 ) 
4 353 356 (-1410 1728 832 ) (-1216 1728 832 ) (-1216 1728 896 ) (-1410 1728 896 ) 
4 353 354 (-1410 2048 832 ) (-1410 1728 832 ) (-1410 1728 896 ) (-1410 2048 896 ) 
4 354 358 (-1412 2048 832 ) (-1410 2048 832 ) (-1410 1728 832 ) (-1412 1728 832 ) 
4 354 355 (-1412 2048 832 ) (-1412 1728 832 ) (-1412 1728 896 ) (-1412 2048 896 ) 
4 354 356 (-1412 1728 832 ) (-1410 1728 832 ) (-1410 1728 896 ) (-1412 1728 896 ) 
4 355 359 (-1856 2048 832 ) (-1412 2048 832 ) (-1412 1728 832 ) (-1856 1728 832 ) 
4 355 356 (-1856 1728 896 ) (-1856 1728 832 ) (-1412 1728 832 ) (-1412 1728 896 ) 
4 356 363 (-1856 1664 832 ) (-1664 1664 832 ) (-1664 1664 896 ) (-1856 1664 896 ) 
4 356 362 (-1280 1664 832 ) (-1216 1664 832 ) (-1216 1664 896 ) (-1280 1664 896 ) 
4 356 358 (-1410 1664 832 ) (-1412 1664 832 ) (-1412 1728 832 ) (-1410 1728 832 ) 
4 356 357 (-1216 1728 832 ) (-1216 1664 832 ) (-1410 1664 832 ) (-1410 1728 832 ) 
4 356 359 (-1412 1664 832 ) (-1856 1664 832 ) (-1856 1728 832 ) (-1412 1728 832 ) 
4 357 376 (-1216 1984 704 ) (-1216 1664 704 ) (-1408 1664 704 ) (-1408 1984 704 ) 
4 357 372 (-1408 2048 704 ) (-1216 2048 704 ) (-1216 1984 704 ) (-1408 1984 704 ) 
4 357 358 (-1410 2048 704 ) (-1410 1664 704 ) (-1410 1664 832 ) (-1410 2048 832 ) 
4 358 359 (-1412 2048 704 ) (-1412 1664 704 ) (-1412 1664 832 ) (-1412 2048 832 ) 
4 359 381 (-1600 1664 704 ) (-1856 1664 704 ) (-1856 1666 704 ) (-1600 1666 704 ) 
4 359 380 (-1856 1666 704 ) (-1856 1984 704 ) (-1600 1984 704 ) (-1600 1666 704 ) 
4 359 373 (-1856 2048 704 ) (-1600 2048 704 ) (-1600 1984 704 ) (-1856 1984 704 ) 
4 359 368 (-1696 1664 704 ) (-1632 1664 704 ) (-1632 1664 768 ) (-1696 1664 768 ) 
4 359 367 (-1536 1664 704 ) (-1472 1664 704 ) (-1472 1664 768 ) (-1536 1664 768 ) 
4 359 365 (-1728 1664 832 ) (-1792 1664 832 ) (-1792 1664 768 ) (-1728 1664 768 ) 
4 360 369 (-1024 1632 896 ) (-1024 1632 976 ) (-1088 1632 976 ) (-1088 1632 896 ) 
4 360 361 (-1024 1632 896 ) (-1088 1632 896 ) (-1088 1664 896 ) (-1024 1664 896 ) 
4 361 369 (-1024 1632 832 ) (-1024 1632 896 ) (-1088 1632 896 ) (-1088 1632 832 ) 
4 361 364 (-1024 1632 832 ) (-1088 1632 832 ) (-1088 1664 832 ) (-1024 1664 832 ) 
4 363 365 (-1792 1664 832 ) (-1728 1664 832 ) (-1728 1648 832 ) (-1792 1648 832 ) 
4 364 369 (-1024 1632 768 ) (-1024 1632 832 ) (-1088 1632 832 ) (-1088 1632 768 ) 
4 364 366 (-1024 1632 768 ) (-1088 1632 768 ) (-1088 1664 768 ) (-1024 1664 768 ) 
4 366 369 (-1024 1632 720 ) (-1024 1632 768 ) (-1088 1632 768 ) (-1088 1632 720 ) 
4 370 375 (-1184 1696 704 ) (-1184 1952 704 ) (-1184 1952 640 ) (-1184 1696 640 ) 
4 370 371 (-1184 1056 640 ) (-1184 1952 640 ) (-1024 1952 640 ) (-1024 1056 640 ) 
4 371 474 (-1024 1024 576 ) (-1024 1024 640 ) (-1184 1024 640 ) (-1184 1024 576 ) 
4 371 385 (-1024 1952 576 ) (-1024 1024 576 ) (-1184 1024 576 ) (-1184 1952 576 ) 
4 371 375 (-1184 1952 576 ) (-1184 1696 576 ) (-1184 1696 640 ) (-1184 1952 640 ) 
4 372 387 (-1408 2048 576 ) (-1216 2048 576 ) (-1216 1984 576 ) (-1408 1984 576 ) 
4 372 376 (-1408 1984 576 ) (-1216 1984 576 ) (-1216 1984 704 ) (-1408 1984 704 ) 
4 373 380 (-1600 1984 704 ) (-1856 1984 704 ) (-1856 1984 640 ) (-1600 1984 640 ) 
4 373 374 (-1856 1984 640 ) (-1856 2048 640 ) (-1600 2048 640 ) (-1600 1984 640 ) 
4 374 394 (-1856 2048 576 ) (-1600 2048 576 ) (-1600 1984 576 ) (-1856 1984 576 ) 
4 374 380 (-1856 1984 576 ) (-1600 1984 576 ) (-1600 1984 640 ) (-1856 1984 640 ) 
4 375 386 (-1184 1952 576 ) (-1184 1696 576 ) (-1216 1696 576 ) (-1216 1952 576 ) 
4 375 376 (-1216 1952 576 ) (-1216 1696 576 ) (-1216 1696 704 ) (-1216 1952 704 ) 
4 376 387 (-1216 1664 576 ) (-1408 1664 576 ) (-1408 1984 576 ) (-1216 1984 576 ) 
4 377 391 (-1568 1794 576 ) (-1568 1984 576 ) (-1504 1984 576 ) (-1504 1794 576 ) 
4 377 390 (-1504 1984 576 ) (-1440 1984 576 ) (-1440 1794 576 ) (-1504 1794 576 ) 
4 377 379 (-1568 1984 640 ) (-1568 1984 576 ) (-1568 1794 576 ) (-1568 1794 640 ) 
4 377 378 (-1440 1794 576 ) (-1440 1794 640 ) (-1568 1794 640 ) (-1568 1794 576 ) 
4 378 391 (-1568 1792 576 ) (-1568 1794 576 ) (-1504 1794 576 ) (-1504 1792 576 ) 
4 378 390 (-1504 1794 576 ) (-1440 1794 576 ) (-1440 1792 576 ) (-1504 1792 576 ) 
4 378 379 (-1568 1794 576 ) (-1568 1792 576 ) (-1568 1792 640 ) (-1568 1794 640 ) 
4 379 393 (-1600 1792 576 ) (-1600 1984 576 ) (-1568 1984 576 ) (-1568 1792 576 ) 
4 379 380 (-1600 1984 640 ) (-1600 1984 576 ) (-1600 1792 576 ) (-1600 1792 640 ) 
4 380 394 (-1856 1666 576 ) (-1856 1984 576 ) (-1600 1984 576 ) (-1600 1666 576 ) 
4 380 383 (-1856 1856 576 ) (-1856 1728 576 ) (-1856 1728 640 ) (-1856 1856 640 ) 
4 380 382 (-1856 1984 704 ) (-1856 1984 640 ) (-1856 1920 640 ) (-1856 1920 704 ) 
4 380 381 (-1856 1666 704 ) (-1856 1666 576 ) (-1600 1666 576 ) (-1600 1666 704 ) 
4 381 394 (-1600 1664 576 ) (-1856 1664 576 ) (-1856 1666 576 ) (-1600 1666 576 ) 
4 381 384 (-1856 1664 576 ) (-1792 1664 576 ) (-1792 1664 704 ) (-1856 1664 704 ) 
4 384 396 (-1856 1656 576 ) (-1856 1664 576 ) (-1792 1664 576 ) (-1792 1656 576 ) 
4 385 474 (-1024 1024 448 ) (-1024 1024 576 ) (-1184 1024 576 ) (-1184 1024 448 ) 
4 385 399 (-1184 1056 448 ) (-1184 1952 448 ) (-1024 1952 448 ) (-1024 1056 448 ) 
4 385 386 (-1184 1952 448 ) (-1184 1696 448 ) (-1184 1696 576 ) (-1184 1952 576 ) 
4 386 387 (-1216 1952 448 ) (-1216 1696 448 ) (-1216 1696 576 ) (-1216 1952 576 ) 
4 387 395 (-1376 1664 448 ) (-1248 1664 448 ) (-1248 1664 576 ) (-1376 1664 576 ) 
4 387 389 (-1408 1728 448 ) (-1408 1664 448 ) (-1408 1664 512 ) (-1408 1728 512 ) 
4 387 388 (-1408 1984 448 ) (-1408 1792 448 ) (-1408 1792 576 ) (-1408 1984 576 ) 
4 388 390 (-1440 1984 448 ) (-1440 1792 448 ) (-1440 1792 576 ) (-1440 1984 576 ) 
4 390 392 (-1504 1984 448 ) (-1504 1792 448 ) (-1504 1792 512 ) (-1504 1984 512 ) 
4 390 391 (-1504 1792 512 ) (-1504 1792 576 ) (-1504 1984 576 ) (-1504 1984 512 ) 
4 391 393 (-1568 1792 576 ) (-1568 1984 576 ) (-1568 1984 512 ) (-1568 1792 512 ) 
4 391 392 (-1568 1792 512 ) (-1568 1984 512 ) (-1504 1984 512 ) (-1504 1792 512 ) 
4 392 393 (-1568 1984 448 ) (-1568 1792 448 ) (-1568 1792 512 ) (-1568 1984 512 ) 
4 393 394 (-1600 1984 448 ) (-1600 1792 448 ) (-1600 1792 576 ) (-1600 1984 576 ) 
4 394 396 (-1856 1664 448 ) (-1792 1664 448 ) (-1792 1664 576 ) (-1856 1664 576 ) 
4 395 397 (-1376 1632 448 ) (-1248 1632 448 ) (-1248 1632 576 ) (-1376 1632 576 ) 
4 397 398 (-1376 1600 448 ) (-1248 1600 448 ) (-1248 1600 576 ) (-1376 1600 576 ) 
4 400 434 (0 768 512 ) (0 768 528 ) (-32 768 528 ) (-32 768 512 ) 
4 400 401 (0 768 512 ) (-32 768 512 ) (-32 928 512 ) (0 928 512 ) 
4 401 440 (-32 768 512 ) (-64 768 512 ) (-64 768 384 ) (-32 768 384 ) 
4 401 435 (0 768 384 ) (0 768 512 ) (-32 768 512 ) (-32 768 384 ) 
4 401 404 (-64 768 384 ) (-64 768 512 ) (-64 960 512 ) (-64 960 384 ) 
4 401 403 (0 768 384 ) (-64 768 384 ) (-64 960 384 ) (0 960 384 ) 
4 402 415 (-64 960 320 ) (-64 1024 320 ) (0 1024 320 ) (0 960 320 ) 
4 402 403 (0 960 384 ) (-64 960 384 ) (-64 960 320 ) (0 960 320 ) 
4 403 440 (-64 768 320 ) (-32 768 320 ) (-32 768 384 ) (-64 768 384 ) 
4 403 435 (-32 768 320 ) (0 768 320 ) (0 768 384 ) (-32 768 384 ) 
4 403 420 (0 768 320 ) (-64 768 320 ) (-64 896 320 ) (0 896 320 ) 
4 403 418 (-64 896 320 ) (-64 960 320 ) (0 960 320 ) (0 896 320 ) 
4 403 404 (-64 960 320 ) (-64 768 320 ) (-64 768 384 ) (-64 960 384 ) 
4 404 440 (-512 768 320 ) (-64 768 320 ) (-64 768 512 ) (-512 768 512 ) 
4 404 420 (-64 768 320 ) (-512 768 320 ) (-512 896 320 ) (-64 896 320 ) 
4 404 418 (-512 896 320 ) (-512 960 320 ) (-64 960 320 ) (-64 896 320 ) 
4 404 410 (-512 768 384 ) (-512 768 448 ) (-512 960 448 ) (-512 960 384 ) 
4 404 405 (-512 768 448 ) (-512 768 512 ) (-512 960 512 ) (-512 960 448 ) 
4 405 410 (-512 960 448 ) (-512 768 448 ) (-528 768 448 ) (-528 960 448 ) 
3 406 408 (-928 1024 448 ) (-864 1024 448 ) (-864 960 448 ) 
4 406 407 (-928 1024 448 ) (-864 960 448 ) (-864 960 456 ) (-928 1024 456 ) 
4 407 412 (-928 768 448 ) (-928 960 448 ) (-864 960 448 ) (-864 768 448 ) 
3 407 409 (-928 960 448 ) (-928 1024 448 ) (-864 960 448 ) 
4 408 416 (-928 1024 320 ) (-800 1024 320 ) (-800 960 320 ) (-864 960 320 ) 
4 408 411 (-800 960 448 ) (-864 960 448 ) (-864 960 320 ) (-800 960 320 ) 
4 408 409 (-864.001953 960 320 ) (-864.001953 960 448 ) (-928 1023.998047 448 ) (-928 1023.998047 320 ) 
3 409 417 (-928 960 320 ) (-928 1024 320 ) (-864 960 320 ) 
4 409 412 (-864 960 448 ) (-928 960 448 ) (-928 960 320 ) (-864 960 320 ) 
3 411 430 (-864 960 320 ) (-800 960 320 ) (-800 896 320 ) 
4 411 412 (-864.001953 960 448 ) (-864.001953 960 320 ) (-800 895.998047 320 ) (-800 895.998047 448 ) 
4 412 444 (-928 768 320 ) (-800 768 320 ) (-800 768 448 ) (-928 768 448 ) 
5 412 431 (-800 768 320 ) (-928 768 320 ) (-928 960 320 ) (-864 960 320 ) (-800 896 320 ) 
4 412 413 (-928 960 320 ) (-928 896 320 ) (-928 896 448 ) (-928 960 448 ) 
4 414 474 (-1024 1024 640 ) (-1024 1024 448 ) (-1024 928 448 ) (-1024 928 640 ) 
4 415 418 (0 960 256 ) (0 960 320 ) (-64 960 320 ) (-64 960 256 ) 
4 416 430 (-864 960 192 ) (-800 960 192 ) (-800 960 320 ) (-864 960 320 ) 
4 416 417 (-928 1023.998047 320 ) (-928 1023.998047 192 ) (-864.001953 960 192 ) (-864.001953 960 320 ) 
4 417 433 (-928 1024 192 ) (-928 960 192 ) (-928 960 256 ) (-928 1024 256 ) 
4 417 431 (-928 960 320 ) (-928 960 192 ) (-864 960 192 ) (-864 960 320 ) 
4 418 447 (0 960 192 ) (0 896 192 ) (-256 896 192 ) (-256 960 192 ) 
4 418 420 (-512 896 192 ) (0 896 192 ) (0 896 320 ) (-512 896 320 ) 
4 419 423 (-576 896 192 ) (-544 896 192 ) (-544 896 320 ) (-576 896 320 ) 
4 420 447 (0 896 192 ) (0 768 192 ) (-256 768 192 ) (-256 896 192 ) 
4 420 440 (-512 768 192 ) (-32 768 192 ) (-32 768 320 ) (-512 768 320 ) 
4 420 435 (-32 768 192 ) (0 768 192 ) (0 768 320 ) (-32 768 320 ) 
4 420 421 (-512 896 320 ) (-512 896 192 ) (-512 768 192 ) (-512 768 320 ) 
4 421 422 (-527 896 320 ) (-527 896 192 ) (-527 768 192 ) (-527 768 320 ) 
4 422 423 (-529 896 320 ) (-529 896 192 ) (-529 768 192 ) (-529 768 320 ) 
4 423 428 (-672 896 192 ) (-672 768 192 ) (-672 768 256 ) (-672 896 256 ) 
4 423 426 (-672 768 256 ) (-672 768 320 ) (-672 896 320 ) (-672 896 256 ) 
4 424 430 (-800 912 256 ) (-800 910 256 ) (-800 910 320 ) (-800 912 320 ) 
4 425 430 (-800 904 256 ) (-800 896 256 ) (-800 896 320 ) (-800 904 320 ) 
4 425 426 (-800 896 320 ) (-800 896 256 ) (-672 896 256 ) (-672 896 320 ) 
3 426 428 (-800 896 256 ) (-672 896 256 ) (-672 768 256 ) 
4 426 427 (-799.998047 896 320 ) (-799.998047 896 256 ) (-672 768.001953 256 ) (-672 768.001953 320 ) 
4 427 431 (-800 896 256 ) (-800 768 256 ) (-800 768 320 ) (-800 896 320 ) 
3 427 429 (-800 768 256 ) (-800 896 256 ) (-672 768 256 ) 
4 428 429 (-799.998047 896 256 ) (-799.998047 896 192 ) (-672 768 192 ) (-672 768 256 ) 
4 429 431 (-800 896 192 ) (-800 768 192 ) (-800 768 256 ) (-800 896 256 ) 
4 430 431 (-864.001953 960 320 ) (-864.001953 960 192 ) (-800 895.998047 192 ) (-800 895.998047 320 ) 
4 431 444 (-928 768 192 ) (-800 768 192 ) (-800 768 320 ) (-928 768 320 ) 
4 431 432 (-928 832 320 ) (-928 896 320 ) (-928 896 256 ) (-928 832 256 ) 
4 434 435 (0 736 512 ) (-32 736 512 ) (-32 768 512 ) (0 768 512 ) 
4 435 447 (-32 736 192 ) (-32 768 192 ) (0 768 192 ) (0 736 192 ) 
4 435 440 (-32 768 512 ) (-32 768 192 ) (-32 736 192 ) (-32 736 512 ) 
4 435 436 (-32 736 512 ) (-32 736 192 ) (0 736 192 ) (0 736 512 ) 
4 436 447 (-32 704 192 ) (-32 736 192 ) (0 736 192 ) (0 704 192 ) 
4 436 440 (-32 736 192 ) (-32 704 192 ) (-32 704 512 ) (-32 736 512 ) 
4 440 447 (-256 768 192 ) (-32 768 192 ) (-32 704 192 ) (-256 704 192 ) 
4 441 445 (-800 624 448 ) (-800 752 448 ) (-800 752 384 ) (-800 624 384 ) 
4 441 442 (-736 624 384 ) (-800 624 384 ) (-800 752 384 ) (-736 752 384 ) 
4 442 445 (-800 752 384 ) (-800 752 320 ) (-800 624 320 ) (-800 624 384 ) 
4 442 443 (-800 624 320 ) (-800 752 320 ) (-736 752 320 ) (-736 624 320 ) 
4 443 445 (-800 752 192 ) (-800 624 192 ) (-800 624 320 ) (-800 752 320 ) 
4 444 445 (-928 752 448 ) (-928 752 192 ) (-800 752 192 ) (-800 752 448 ) 
4 446 464 (-640 960 -224 ) (-640 960 -352 ) (-512 960 -352 ) (-512 960 -224 ) 
4 447 456 (-256 960 160 ) (-32 960 160 ) (-32 704 160 ) (-256 704 160 ) 
4 447 448 (-32 960 160 ) (0 960 160 ) (0 704 160 ) (-32 704 160 ) 
4 448 456 (-32 576 160 ) (-32 960 160 ) (-32 960 128 ) (-32 576 128 ) 
4 448 449 (-32 576 128 ) (-32 960 128 ) (0 960 128 ) (0 576 128 ) 
4 449 456 (-32 960 128 ) (-32 960 0 ) (-32 576 0 ) (-32 576 128 ) 
4 449 453 (-32 576 0 ) (-32 960 0 ) (0 960 0 ) (0 576 0 ) 
4 450 451 (-14 384 128 ) (-14 384 0 ) (-14 256 0 ) (-14 256 128 ) 
4 451 452 (-18 384 128 ) (-18 384 0 ) (-18 256 0 ) (-18 256 128 ) 
4 452 456 (-32 384 0 ) (-32 256 0 ) (-32 256 128 ) (-32 384 128 ) 
4 453 456 (-32 960 0 ) (-32 960 -32 ) (-32 576 -32 ) (-32 576 0 ) 
4 453 454 (-32 576 -32 ) (-32 960 -32 ) (0 960 -32 ) (0 576 -32 ) 
4 454 471 (-32 256 -352 ) (-32 960 -352 ) (0 960 -352 ) (0 256 -352 ) 
4 454 456 (-32 960 -32 ) (-32 960 -352 ) (-32 256 -352 ) (-32 256 -32 ) 
4 454 455 (-32 256 -32 ) (-32 256 -352 ) (0 256 -352 ) (0 256 -32 ) 
4 455 471 (-32 176 -352 ) (-32 256 -352 ) (0 256 -352 ) (0 176 -352 ) 
4 455 456 (-32 256 -32 ) (-32 256 -352 ) (-32 176 -352 ) (-32 176 -32 ) 
4 456 471 (-384 960 -352 ) (-32 960 -352 ) (-32 176 -352 ) (-384 176 -352 ) 
4 456 463 (-384 176 -352 ) (-384 176 160 ) (-384 432 160 ) (-384 432 -352 ) 
4 456 459 (-384 576 -352 ) (-384 448 -352 ) (-384 448 -224 ) (-384 576 -224 ) 
4 456 457 (-384 960 -224 ) (-384 960 -352 ) (-384 704 -352 ) (-384 704 -224 ) 
4 457 458 (-391 704 -352 ) (-391 704 -224 ) (-391 960 -224 ) (-391 960 -352 ) 
4 458 461 (-392 704 -224 ) (-392 960 -224 ) (-392 960 -352 ) (-392 704 -352 ) 
4 459 460 (-391 576 -224 ) (-391 576 -352 ) (-391 448 -352 ) (-391 448 -224 ) 
4 460 462 (-392 448 -352 ) (-392 448 -224 ) (-392 576 -224 ) (-392 576 -352 ) 
4 461 464 (-400 960 -224 ) (-400 960 -352 ) (-400 704 -352 ) (-400 704 -224 ) 
4 462 464 (-400 576 -352 ) (-400 448 -352 ) (-400 448 -224 ) (-400 576 -224 ) 
4 463 472 (-400 176 -352 ) (-400 432 -352 ) (-384 432 -352 ) (-384 176 -352 ) 
4 463 470 (-400 176 160 ) (-400 432 160 ) (-400 432 -352 ) (-400 176 -352 ) 
4 464 473 (-640 800 -352 ) (-640 672 -352 ) (-640 672 -224 ) (-640 800 -224 ) 
4 464 467 (-546 448 -240 ) (-546 448 -226 ) (-608 448 -226 ) (-608 448 -240 ) 
4 464 466 (-546 448 -226 ) (-546 448 -224 ) (-608 448 -224 ) (-608 448 -226 ) 
4 464 469 (-608 448 -352 ) (-546 448 -352 ) (-546 448 -240 ) (-608 448 -240 ) 
4 464 465 (-546 448 -352 ) (-544 448 -352 ) (-544 448 -224 ) (-546 448 -224 ) 
4 465 470 (-546 432 -352 ) (-544 432 -352 ) (-544 432 -224 ) (-546 432 -224 ) 
4 465 468 (-546 432 -240 ) (-546 432 -226 ) (-546 434 -226 ) (-546 434 -240 ) 
4 465 467 (-546 434 -226 ) (-546 448 -226 ) (-546 448 -240 ) (-546 434 -240 ) 
4 465 466 (-546 432 -226 ) (-546 432 -224 ) (-546 448 -224 ) (-546 448 -226 ) 
4 465 469 (-546 432 -352 ) (-546 432 -240 ) (-546 448 -240 ) (-546 448 -352 ) 
4 466 470 (-546 432 -226 ) (-546 432 -224 ) (-608 432 -224 ) (-608 432 -226 ) 
4 466 468 (-608 432 -226 ) (-608 434 -226 ) (-546 434 -226 ) (-546 432 -226 ) 
4 466 467 (-608 434 -226 ) (-608 448 -226 ) (-546 448 -226 ) (-546 434 -226 ) 
4 467 469 (-608 434 -240 ) (-608 448 -240 ) (-546 448 -240 ) (-546 434 -240 ) 
4 467 468 (-608 434 -240 ) (-546 434 -240 ) (-546 434 -226 ) (-608 434 -226 ) 
4 468 470 (-546 432 -240 ) (-546 432 -226 ) (-608 432 -226 ) (-608 432 -240 ) 
4 468 469 (-608 432 -240 ) (-608 434 -240 ) (-546 434 -240 ) (-546 432 -240 ) 
4 469 470 (-608 432 -352 ) (-546 432 -352 ) (-546 432 -240 ) (-608 432 -240 ) 
4 470 472 (-640 176 -352 ) (-640 432 -352 ) (-400 432 -352 ) (-400 176 -352 ) 
4 471 472 (-384 432 -1632 ) (-384 176 -1632 ) (-384 176 -352 ) (-384 432 -352 ) 
4 476 477 (-32 -448 192 ) (-32 -320 192 ) (0 -320 192 ) (0 -448 192 ) 
4 477 489 (-32 -448 128 ) (-32 -320 128 ) (-32 -320 0 ) (-32 -448 0 ) 
4 478 482 (-493.156006 -352.251038 832 ) (-493.156006 -416.251038 832 ) (-493.156006 -416.251038 1047.479980 ) (-493.156006 -352.251038 1047.479980 ) 
4 478 481 (-493.156006 -288.251038 832 ) (-493.156006 -352.251038 832 ) (-493.156006 -352.251038 1047.479980 ) (-493.156006 -288.251038 1047.479980 ) 
4 478 480 (-493.156006 -224.251022 832 ) (-493.156006 -288.251038 832 ) (-493.156006 -288.251038 1047.479980 ) (-493.156006 -224.251022 1047.479980 ) 
4 478 479 (-493.156006 -416.251038 1047.479980 ) (-493.156006 -416.251038 832 ) (-429.156006 -416.251038 832 ) (-429.156006 -416.251038 1047.479980 ) 
4 479 485 (-493.156006 -544.250977 832 ) (-493.156006 -608.250977 832 ) (-493.156006 -608.250977 1047.750000 ) (-493.156006 -544.250977 1047.750000 ) 
4 479 484 (-493.156006 -480.251038 832 ) (-493.156006 -544.250977 832 ) (-493.156006 -544.250977 1047.750000 ) (-493.156006 -480.251038 1047.750000 ) 
4 479 483 (-493.156006 -416.251038 832 ) (-493.156006 -480.251038 832 ) (-493.156006 -480.251038 1047.750000 ) (-493.156006 -416.251038 1047.750000 ) 
4 480 486 (-557.156006 -224.251022 832 ) (-557.156006 -288.251038 832 ) (-557.156006 -288.251038 1047.479980 ) (-557.156006 -224.251022 1047.479980 ) 
4 480 481 (-557.156006 -288.251038 1047.479980 ) (-557.156006 -288.251038 832 ) (-493.156006 -288.251038 832 ) (-493.156006 -288.251038 1047.479980 ) 
4 481 486 (-557.156006 -288.251038 832 ) (-557.156006 -352.251038 832 ) (-557.156006 -352.251038 1047.479980 ) (-557.156006 -288.251038 1047.479980 ) 
4 481 482 (-557.156006 -352.251038 1047.479980 ) (-557.156006 -352.251038 832 ) (-493.156006 -352.251038 832 ) (-493.156006 -352.251038 1047.479980 ) 
4 482 486 (-557.156006 -352.251038 832 ) (-557.156006 -416.251038 832 ) (-557.156006 -416.251038 1047.479980 ) (-557.156006 -352.251038 1047.479980 ) 
4 482 483 (-557.156006 -416.251038 1047.479980 ) (-557.156006 -416.251038 832 ) (-493.156006 -416.251038 832 ) (-493.156006 -416.251038 1047.479980 ) 
4 483 487 (-557.156006 -416.251038 832 ) (-557.156006 -480.251038 832 ) (-557.156006 -480.251038 1047.750000 ) (-557.156006 -416.251038 1047.750000 ) 
4 483 484 (-557.156006 -480.251038 1047.750000 ) (-557.156006 -480.251038 832 ) (-493.156006 -480.251038 832 ) (-493.156006 -480.251038 1047.750000 ) 
4 484 487 (-557.156006 -480.251038 832 ) (-557.156006 -544.250977 832 ) (-557.156006 -544.250977 1047.750000 ) (-557.156006 -480.251038 1047.750000 ) 
4 484 485 (-557.156006 -544.250977 1047.750000 ) (-557.156006 -544.250977 832 ) (-493.156006 -544.250977 832 ) (-493.156006 -544.250977 1047.750000 ) 
4 485 487 (-557.156006 -544.250977 832 ) (-557.156006 -608.250977 832 ) (-557.156006 -608.250977 1047.750000 ) (-557.156006 -544.250977 1047.750000 ) 
4 486 487 (-619.643005 -416.251038 1047.479980 ) (-619.643005 -416.251038 832 ) (-557.156006 -416.251038 832 ) (-557.156006 -416.251038 1047.479980 ) 
4 488 490 (-224 -128 128 ) (-224 -640 128 ) (-800 -640 128 ) (-800 -128 128 ) 
4 489 490 (-224 -448 -128 ) (-224 -448 128 ) (-224 -320 128 ) (-224 -320 -128 ) 
