


Using shader api: shaderapiempty.dll
materialPath: D:\SteamLibrary\steamapps\common\Portal 2\portal2\materials
Loading d:\steamlibrary\steamapps\common\portal 2\portal2_dlc3\maps\mp_coop_sp_a1_lift.vmf
ConVarRef gpu_level doesn't point to an existing ConVar
Patching WVT material: maps/mp_coop_sp_a1_lift/nature/blendrockdirt_tunnel03b_wvt_patch
Patching WVT material: maps/mp_coop_sp_a1_lift/nature/blendrockdirt_tunnel03a_wvt_patch
Patching WVT material: maps/mp_coop_sp_a1_lift/anim_wp/framework/blend_backpanels02_pipes_wvt_patch
fixing up env_cubemap materials on brush sides...
0...1...2...3...4...5...6...7...8...9...100...1...2...3...4...5...6...7...8...9...10Processing areas...done (0)
Building Faces...done (0)
Chop Details...done (0)
Find Visible Detail Sides...
Merged 1054 detail faces...done (0)
Merging details...done (0)
FixTjuncs...
PruneNodes...
WriteBSP...
done (0)
writing d:\steamlibrary\steamapps\common\portal 2\portal2_dlc3\maps\mp_coop_sp_a1_lift.prt...Building visibility clusters...
done (0)
Finding displacement neighbors...
Finding lightmap sample positions...
Displacement Alpha : 0...1...2...3...4...5...6...7...8...9...10
Building Physics collision data...
done (1) (514110 bytes)
Encountered obsolete static prop option to do its fade in screen space @ -72.49 1499.00 -7392.00
Encountered obsolete static prop option to do its fade in screen space @ -491.00 1535.51 -8637.96
Encountered obsolete static prop option to do its fade in screen space @ -491.40 1377.70 -8637.75
Encountered obsolete static prop option to do its fade in screen space @ 544.00 2000.00 -695.75
Encountered obsolete static prop option to do its fade in screen space @ 292.00 2452.00 -119.37
Encountered obsolete static prop option to do its fade in screen space @ 208.00 2460.00 -572.62
Encountered obsolete static prop option to do its fade in screen space @ 2177.31 3732.26 3170.44
Encountered obsolete static prop option to do its fade in screen space @ 2177.31 3732.26 3042.44
Encountered obsolete static prop option to do its fade in screen space @ 2193.31 3732.26 2946.44
Encountered obsolete static prop option to do its fade in screen space @ 2209.31 3732.26 2850.44
Encountered obsolete static prop option to do its fade in screen space @ 2209.31 3732.26 2722.44
Encountered obsolete static prop option to do its fade in screen space @ 2209.31 3924.26 2722.44
Encountered obsolete static prop option to do its fade in screen space @ 2209.31 4180.26 2722.44
Encountered obsolete static prop option to do its fade in screen space @ 2209.31 4500.27 2594.44
Encountered obsolete static prop option to do its fade in screen space @ 2209.31 4628.27 2402.44
Encountered obsolete static prop option to do its fade in screen space @ 2209.31 4564.27 2850.44
Encountered obsolete static prop option to do its fade in screen space @ 2225.06 4724.27 2850.44
Encountered obsolete static prop option to do its fade in screen space @ 2225.06 4628.00 2243.00
Encountered obsolete static prop option to do its fade in screen space @ 2212.00 4240.35 2833.69
Encountered obsolete static prop option to do its fade in screen space @ 80.00 1400.00 -5888.00
Encountered obsolete static prop option to do its fade in screen space @ 80.00 1400.00 -5760.00
Encountered obsolete static prop option to do its fade in screen space @ 80.00 1400.00 -5632.00
Encountered obsolete static prop option to do its fade in screen space @ 80.00 1400.00 -5504.00
Encountered obsolete static prop option to do its fade in screen space @ 80.00 1400.00 -5376.00
Encountered obsolete static prop option to do its fade in screen space @ 80.00 1400.00 -5248.00
Encountered obsolete static prop option to do its fade in screen space @ 80.00 1400.00 -5120.00
Encountered obsolete static prop option to do its fade in screen space @ 80.00 1400.00 -4992.00
Encountered obsolete static prop option to do its fade in screen space @ 80.00 1400.00 -4864.00
Encountered obsolete static prop option to do its fade in screen space @ 80.00 1400.00 -4736.00
Encountered obsolete static prop option to do its fade in screen space @ 80.00 1400.00 -4352.00
Encountered obsolete static prop option to do its fade in screen space @ 80.00 1400.00 -4480.00
Encountered obsolete static prop option to do its fade in screen space @ 80.00 1400.00 -4608.00
Encountered obsolete static prop option to do its fade in screen space @ 80.00 1432.00 -4256.00
Placing detail props : 0...1...2...3...4...5...6...7...8...9...10
Compacting texture/material tables...
Reduced 3122 texinfos to 1555
Reduced 247 texdatas to 226 (10128 bytes to 9350)
Writing d:\steamlibrary\steamapps\common\portal 2\portal2_dlc3\maps\mp_coop_sp_a1_lift.bsp

nummapplanes:     (  7948 / 65536 )
nummapbrushes:    (  1375 /  8192 )
nummapbrushsides: ( 12430 / 65536 )
num_map_overlays: (   112 /   512 )
nummodels:        (    46 /  1024 )
num_entities:     (   957 / 16384 )

32 seconds elapsed



12 threads
reading d:\steamlibrary\steamapps\common\portal 2\portal2_dlc3\maps\mp_coop_sp_a1_lift.bsp
reading d:\steamlibrary\steamapps\common\portal 2\portal2_dlc3\maps\mp_coop_sp_a1_lift.prt
 973 portalclusters
3597 numportals
0...1...2...3...4...5...6...7...8...9...10Optimized: 12330 visible clusters (0.00%)
Total clusters visible: 725827
Average clusters visible: 745
Building PAS...
Average clusters audible: 914
visdatasize:226225  compressed from 249088
writing d:\steamlibrary\steamapps\common\portal 2\portal2_dlc3\maps\mp_coop_sp_a1_lift.bsp
0 seconds elapsed



[Reading texlights from 'lights.rad']
[63 texlights parsed from 'lights.rad']

Loading d:\steamlibrary\steamapps\common\portal 2\portal2_dlc3\maps\mp_coop_sp_a1_lift.bsp
4885 faces
3468890 square feet [499520224.00 square inches]
232 Displacements
1425843 Square Feet [205321472.00 Square Inches]
4885 patches before subdivision
182497 patches after subdivision
339 direct lights
0...1...2...3...4...5...6...7...8...9...100...1...2...3...4...5...6...7...8...9...10transfers 12612759, max 517
transfer lists:  96.2 megs
0...1...2...3...4...5...6...7...8...9...10	Bounce #1 added RGB(62804, 56217, 29451)
0...1...2...3...4...5...6...7...8...9...10	Bounce #2 added RGB(7715, 6488, 3052)
Build Patch/Sample Hash Table(s).....Done<1.6778 sec>
0...1...2...3...4...5...6...7...8...9...10FinalLightFace Done
16 of 28 (57% of) surface lights went in leaf ambient cubes.
0...1...2...3...4...5...6...7...8...9...10Writing leaf ambient...done
Ready to Finish

Object names       Objects/Maxobjs  Memory / Maxmem  Fullness 
------------       ---------------  ---------------  -------- 
models                  46/1024         2208/49152    ( 4.5%) 
brushes               1375/8192        16500/98304    (16.8%) 
brushsides           11038/65536       88304/524288   (16.8%) 
planes                7948/65536      158960/1310720  (12.1%) 
vertexes              9223/65536      110676/786432   (14.1%) 
nodes                 1997/65536       63904/2097152  ( 3.0%) 
texinfos              1555/12288      111960/884736   (12.7%) 
texdata                226/2048         7232/65536    (11.0%) 
dispinfos              232/0           40832/0        ( 0.0%) 
disp_verts           15904/0          318080/0        ( 0.0%) 
disp_tris            24992/0           49984/0        ( 0.0%) 
disp_multiblend          0/0               0/0        ( 0.0%) 
disp_lmsamples     1547409/0         1547409/0        ( 0.0%) 
faces                 4885/65536      273560/3670016  ( 7.5%) 
hdr faces                0/65536           0/3670016  ( 0.0%) 
origfaces             3071/65536      171976/3670016  ( 4.7%) 
facebrushes            538/0            1076/0        ( 0.0%) 
facebrushlists        4885/0           19540/0        ( 0.0%) 
leaves                2044/65536       65408/2097152  ( 3.1%) 
leaffaces             6632/65536       13264/131072   (10.1%) 
leafbrushes           2976/65536        5952/131072   ( 4.5%) 
areas                   10/256            80/2048     ( 3.9%) 
surfedges            35603/512000     142412/2048000  ( 7.0%) 
edges                23075/256000      92300/1024000  ( 9.0%) 
LDR worldlights        339/8192        33900/819200   ( 4.1%) 
HDR worldlights          0/8192            0/819200   ( 0.0%) 
leafwaterdata            0/32768           0/393216   ( 0.0%) 
waterstrips            520/32768        5200/327680   ( 1.6%) 
waterverts               0/65536           0/786432   ( 0.0%) 
waterindices          9498/65536       18996/131072   (14.5%) 
cubemapsamples          38/1024          608/16384    ( 3.7%) 
overlays               112/512         39424/180224   (21.9%) 
LDR lightdata         [variable]    13379288/0        ( 0.0%) 
HDR lightdata         [variable]           0/0        ( 0.0%) 
visdata               [variable]      226225/16777216 ( 1.3%) 
entdata               [variable]      327783/393216   (83.4%) VERY FULL!
LDR ambient table     2044/65536        8176/262144   ( 3.1%) 
HDR ambient table     2044/65536        8176/262144   ( 3.1%) 
LDR leaf ambient      6094/65536      170632/1835008  ( 9.3%) 
HDR leaf ambient      2044/65536       57232/1835008  ( 3.1%) 
occluders                0/0               0/0        ( 0.0%) 
occluder polygons        0/0               0/0        ( 0.0%) 
occluder vert ind        0/0               0/0        ( 0.0%) 
detail props          [variable]           1/12       ( 8.3%) 
static props          [variable]           1/143090   ( 0.0%) 
pakfile               [variable]     2934737/0        ( 0.0%) 
physics               [variable]      514110/4194304  (12.3%) 
physics terrain       [variable]       72865/1048576  ( 6.9%) 

Level flags = 0

Total triangle count: 13283
Writing d:\steamlibrary\steamapps\common\portal 2\portal2_dlc3\maps\mp_coop_sp_a1_lift.bsp
1 minute, 11 seconds elapsed



Using shader api: shaderapiempty.dll
materialPath: D:\SteamLibrary\steamapps\common\Portal 2\portal2\materials
Loading d:\steamlibrary\steamapps\common\portal 2\portal2_dlc3\maps\mp_coop_sp_a1_lift.vmf
ConVarRef gpu_level doesn't point to an existing ConVar
Patching WVT material: maps/mp_coop_sp_a1_lift/nature/blendrockdirt_tunnel03b_wvt_patch
Patching WVT material: maps/mp_coop_sp_a1_lift/nature/blendrockdirt_tunnel03a_wvt_patch
Patching WVT material: maps/mp_coop_sp_a1_lift/anim_wp/framework/blend_backpanels02_pipes_wvt_patch
fixing up env_cubemap materials on brush sides...
0...1...2...3...4...5...6...7...8...9...100...1...2...3...4...5...6...7...8...9...10Processing areas...done (0)
Building Faces...done (0)
Chop Details...done (0)
Find Visible Detail Sides...
Merged 1054 detail faces...done (0)
Merging details...done (0)
FixTjuncs...
PruneNodes...
WriteBSP...
done (0)
writing d:\steamlibrary\steamapps\common\portal 2\portal2_dlc3\maps\mp_coop_sp_a1_lift.prt...Building visibility clusters...
done (0)
Finding displacement neighbors...
Finding lightmap sample positions...
Displacement Alpha : 0...1...2...3...4...5...6...7...8...9...10
Building Physics collision data...
done (0) (514110 bytes)
Encountered obsolete static prop option to do its fade in screen space @ -72.49 1499.00 -7392.00
Encountered obsolete static prop option to do its fade in screen space @ -491.00 1535.51 -8637.96
Encountered obsolete static prop option to do its fade in screen space @ -491.40 1377.70 -8637.75
Encountered obsolete static prop option to do its fade in screen space @ 544.00 2000.00 -695.75
Encountered obsolete static prop option to do its fade in screen space @ 292.00 2452.00 -119.37
Encountered obsolete static prop option to do its fade in screen space @ 208.00 2460.00 -572.62
Encountered obsolete static prop option to do its fade in screen space @ 2177.31 3732.26 3170.44
Encountered obsolete static prop option to do its fade in screen space @ 2177.31 3732.26 3042.44
Encountered obsolete static prop option to do its fade in screen space @ 2193.31 3732.26 2946.44
Encountered obsolete static prop option to do its fade in screen space @ 2209.31 3732.26 2850.44
Encountered obsolete static prop option to do its fade in screen space @ 2209.31 3732.26 2722.44
Encountered obsolete static prop option to do its fade in screen space @ 2209.31 3924.26 2722.44
Encountered obsolete static prop option to do its fade in screen space @ 2209.31 4180.26 2722.44
Encountered obsolete static prop option to do its fade in screen space @ 2209.31 4500.27 2594.44
Encountered obsolete static prop option to do its fade in screen space @ 2209.31 4628.27 2402.44
Encountered obsolete static prop option to do its fade in screen space @ 2209.31 4564.27 2850.44
Encountered obsolete static prop option to do its fade in screen space @ 2225.06 4724.27 2850.44
Encountered obsolete static prop option to do its fade in screen space @ 2225.06 4628.00 2243.00
Encountered obsolete static prop option to do its fade in screen space @ 2212.00 4240.35 2833.69
Encountered obsolete static prop option to do its fade in screen space @ 80.00 1400.00 -5888.00
Encountered obsolete static prop option to do its fade in screen space @ 80.00 1400.00 -5760.00
Encountered obsolete static prop option to do its fade in screen space @ 80.00 1400.00 -5632.00
Encountered obsolete static prop option to do its fade in screen space @ 80.00 1400.00 -5504.00
Encountered obsolete static prop option to do its fade in screen space @ 80.00 1400.00 -5376.00
Encountered obsolete static prop option to do its fade in screen space @ 80.00 1400.00 -5248.00
Encountered obsolete static prop option to do its fade in screen space @ 80.00 1400.00 -5120.00
Encountered obsolete static prop option to do its fade in screen space @ 80.00 1400.00 -4992.00
Encountered obsolete static prop option to do its fade in screen space @ 80.00 1400.00 -4864.00
Encountered obsolete static prop option to do its fade in screen space @ 80.00 1400.00 -4736.00
Encountered obsolete static prop option to do its fade in screen space @ 80.00 1400.00 -4352.00
Encountered obsolete static prop option to do its fade in screen space @ 80.00 1400.00 -4480.00
Encountered obsolete static prop option to do its fade in screen space @ 80.00 1400.00 -4608.00
Encountered obsolete static prop option to do its fade in screen space @ 80.00 1432.00 -4256.00
Placing detail props : 0...1...2...3...4...5...6...7...8...9...10
Compacting texture/material tables...
Reduced 3122 texinfos to 1555
Reduced 247 texdatas to 226 (10128 bytes to 9350)
Writing d:\steamlibrary\steamapps\common\portal 2\portal2_dlc3\maps\mp_coop_sp_a1_lift.bsp

nummapplanes:     (  7948 / 65536 )
nummapbrushes:    (  1375 /  8192 )
nummapbrushsides: ( 12430 / 65536 )
num_map_overlays: (   112 /   512 )
nummodels:        (    46 /  1024 )
num_entities:     (   957 / 16384 )

31 seconds elapsed



12 threads
reading d:\steamlibrary\steamapps\common\portal 2\portal2_dlc3\maps\mp_coop_sp_a1_lift.bsp
reading d:\steamlibrary\steamapps\common\portal 2\portal2_dlc3\maps\mp_coop_sp_a1_lift.prt
 973 portalclusters
3597 numportals
0...1...2...3...4...5...6...7...8...9...10Optimized: 12330 visible clusters (0.00%)
Total clusters visible: 725827
Average clusters visible: 745
Building PAS...
Average clusters audible: 914
visdatasize:226225  compressed from 249088
writing d:\steamlibrary\steamapps\common\portal 2\portal2_dlc3\maps\mp_coop_sp_a1_lift.bsp
0 seconds elapsed



[Reading texlights from 'lights.rad']
[63 texlights parsed from 'lights.rad']

Loading d:\steamlibrary\steamapps\common\portal 2\portal2_dlc3\maps\mp_coop_sp_a1_lift.bsp
Loaded alpha texture materials\Metal\metalgrate018c.vtf
Loaded alpha texture materials\Metal\backstage_grate_001a.vtf
Loaded alpha texture materials\metal\underground_metalgrate001a_mip0.vtf
Loaded alpha texture materials\Metal\metalgrate013b.vtf
Loaded alpha texture materials\metal\underground_metalgrate001c_mip0.vtf
Loaded alpha texture materials\Tools\toolsinvisible.vtf
4885 faces
3468890 square feet [499520224.00 square inches]
232 Displacements
1425843 Square Feet [205321472.00 Square Inches]
4885 patches before subdivision
182497 patches after subdivision
339 direct lights
0...1...2...3...4...5...6...7...8...9...100...1...2...3...4...5...6...7...8...9...10transfers 14738323, max 558
transfer lists: 112.4 megs
0...1...2...3...4...5...6...7...8...9...10	Bounce #1 added RGB(70181, 64082, 34771)
0...1...2...3...4...5...6...7...8...9...10	Bounce #2 added RGB(9565, 8233, 4055)
0...1...2...3...4...5...6...7...8...9...10	Bounce #3 added RGB(1891, 1555, 710)
0...1...2...3...4...5...6...7...8...9...10	Bounce #4 added RGB(413, 325, 139)
0...1...2...3...4...5...6...7...8...9...10	Bounce #5 added RGB(107, 82, 33)
0...1...2...3...4...5...6...7...8...9...10	Bounce #6 added RGB(30, 22, 9)
0...1...2...3...4...5...6...7...8...9...10	Bounce #7 added RGB(9, 7, 2)
0...1...2...3...4...5...6...7...8...9...10	Bounce #8 added RGB(3, 2, 1)
0...1...2...3...4...5...6...7...8...9...10	Bounce #9 added RGB(1, 1, 0)
Build Patch/Sample Hash Table(s).....Done<1.6208 sec>
0...1...2...3...4...5...6...7...8...9...10FinalLightFace Done
16 of 28 (57% of) surface lights went in leaf ambient cubes.
0...1...2...3...4...5...6...7...8...9...10Writing leaf ambient...done
Computing static prop lighting : 00...1...2...3...4...5...6...7...8...9...10
Ready to Finish

Object names       Objects/Maxobjs  Memory / Maxmem  Fullness 
------------       ---------------  ---------------  -------- 
models                  46/1024         2208/49152    ( 4.5%) 
brushes               1375/8192        16500/98304    (16.8%) 
brushsides           11038/65536       88304/524288   (16.8%) 
planes                7948/65536      158960/1310720  (12.1%) 
vertexes              9223/65536      110676/786432   (14.1%) 
nodes                 1997/65536       63904/2097152  ( 3.0%) 
texinfos              1555/12288      111960/884736   (12.7%) 
texdata                226/2048         7232/65536    (11.0%) 
dispinfos              232/0           40832/0        ( 0.0%) 
disp_verts           15904/0          318080/0        ( 0.0%) 
disp_tris            24992/0           49984/0        ( 0.0%) 
disp_multiblend          0/0               0/0        ( 0.0%) 
disp_lmsamples     1547409/0         1547409/0        ( 0.0%) 
faces                 4885/65536      273560/3670016  ( 7.5%) 
hdr faces                0/65536           0/3670016  ( 0.0%) 
origfaces             3071/65536      171976/3670016  ( 4.7%) 
facebrushes            538/0            1076/0        ( 0.0%) 
facebrushlists        4885/0           19540/0        ( 0.0%) 
leaves                2044/65536       65408/2097152  ( 3.1%) 
leaffaces             6632/65536       13264/131072   (10.1%) 
leafbrushes           2976/65536        5952/131072   ( 4.5%) 
areas                   10/256            80/2048     ( 3.9%) 
surfedges            35603/512000     142412/2048000  ( 7.0%) 
edges                23075/256000      92300/1024000  ( 9.0%) 
LDR worldlights        339/8192        33900/819200   ( 4.1%) 
HDR worldlights          0/8192            0/819200   ( 0.0%) 
leafwaterdata            0/32768           0/393216   ( 0.0%) 
waterstrips            520/32768        5200/327680   ( 1.6%) 
waterverts               0/65536           0/786432   ( 0.0%) 
waterindices          9498/65536       18996/131072   (14.5%) 
cubemapsamples          38/1024          608/16384    ( 3.7%) 
overlays               112/512         39424/180224   (21.9%) 
LDR lightdata         [variable]    13379288/0        ( 0.0%) 
HDR lightdata         [variable]           0/0        ( 0.0%) 
visdata               [variable]      226225/16777216 ( 1.3%) 
entdata               [variable]      327791/393216   (83.4%) VERY FULL!
LDR ambient table     2044/65536        8176/262144   ( 3.1%) 
HDR ambient table     2044/65536        8176/262144   ( 3.1%) 
LDR leaf ambient      7194/65536      201432/1835008  (11.0%) 
HDR leaf ambient      2044/65536       57232/1835008  ( 3.1%) 
occluders                0/0               0/0        ( 0.0%) 
occluder polygons        0/0               0/0        ( 0.0%) 
occluder vert ind        0/0               0/0        ( 0.0%) 
detail props          [variable]           1/12       ( 8.3%) 
static props          [variable]           1/143090   ( 0.0%) 
pakfile               [variable]    11996129/0        ( 0.0%) 
physics               [variable]      514110/4194304  (12.3%) 
physics terrain       [variable]       72865/1048576  ( 6.9%) 

Level flags = 1

Total triangle count: 13283
Writing d:\steamlibrary\steamapps\common\portal 2\portal2_dlc3\maps\mp_coop_sp_a1_lift.bsp
20 minutes, 4 seconds elapsed



[Reading texlights from 'lights.rad']
[63 texlights parsed from 'lights.rad']

Loading d:\steamlibrary\steamapps\common\portal 2\portal2_dlc3\maps\mp_coop_sp_a1_lift.bsp
Loaded alpha texture materials\Metal\metalgrate018c.vtf
Loaded alpha texture materials\Metal\backstage_grate_001a.vtf
Loaded alpha texture materials\metal\underground_metalgrate001a_mip0.vtf
Loaded alpha texture materials\Metal\metalgrate013b.vtf
Loaded alpha texture materials\metal\underground_metalgrate001c_mip0.vtf
Loaded alpha texture materials\Tools\toolsinvisible.vtf
4885 faces
3468890 square feet [499520224.00 square inches]
232 Displacements
1425843 Square Feet [205321472.00 Square Inches]
4885 patches before subdivision
182497 patches after subdivision
339 direct lights
0...1...2...3...4...5...6...7...8...9...100...1...2...3...4...5...6...7...8...9...10transfers 14738323, max 558
transfer lists: 112.4 megs
0...1...2...3...4...5...6...7...8...9...10	Bounce #1 added RGB(70122, 64076, 34770)
0...1...2...3...4...5...6...7...8...9...10	Bounce #2 added RGB(9552, 8232, 4055)
0...1...2...3...4...5...6...7...8...9...10	Bounce #3 added RGB(1888, 1555, 710)
0...1...2...3...4...5...6...7...8...9...10	Bounce #4 added RGB(412, 325, 139)
0...1...2...3...4...5...6...7...8...9...10	Bounce #5 added RGB(107, 82, 33)
0...1...2...3...4...5...6...7...8...9...10	Bounce #6 added RGB(30, 22, 9)
0...1...2...3...4...5...6...7...8...9...10	Bounce #7 added RGB(9, 7, 2)
0...1...2...3...4...5...6...7...8...9...10	Bounce #8 added RGB(3, 2, 1)
0...1...2...3...4...5...6...7...8...9...10	Bounce #9 added RGB(1, 1, 0)
Build Patch/Sample Hash Table(s).....Done<1.7743 sec>
0...1...2...3...4...5...6...7...8...9...10FinalLightFace Done
16 of 28 (57% of) surface lights went in leaf ambient cubes.
0...1...2...3...4...5...6...7...8...9...10Writing leaf ambient...done
Computing static prop lighting : 00...1...2...3...4...5...6...7...8...9...10
Ready to Finish

Object names       Objects/Maxobjs  Memory / Maxmem  Fullness 
------------       ---------------  ---------------  -------- 
models                  46/1024         2208/49152    ( 4.5%) 
brushes               1375/8192        16500/98304    (16.8%) 
brushsides           11038/65536       88304/524288   (16.8%) 
planes                7948/65536      158960/1310720  (12.1%) 
vertexes              9223/65536      110676/786432   (14.1%) 
nodes                 1997/65536       63904/2097152  ( 3.0%) 
texinfos              1555/12288      111960/884736   (12.7%) 
texdata                226/2048         7232/65536    (11.0%) 
dispinfos              232/0           40832/0        ( 0.0%) 
disp_verts           15904/0          318080/0        ( 0.0%) 
disp_tris            24992/0           49984/0        ( 0.0%) 
disp_multiblend          0/0               0/0        ( 0.0%) 
disp_lmsamples     1547409/0         1547409/0        ( 0.0%) 
faces                 4885/65536      273560/3670016  ( 7.5%) 
hdr faces             4885/65536      273560/3670016  ( 7.5%) 
origfaces             3071/65536      171976/3670016  ( 4.7%) 
facebrushes            538/0            1076/0        ( 0.0%) 
facebrushlists        4885/0           19540/0        ( 0.0%) 
leaves                2044/65536       65408/2097152  ( 3.1%) 
leaffaces             6632/65536       13264/131072   (10.1%) 
leafbrushes           2976/65536        5952/131072   ( 4.5%) 
areas                   10/256            80/2048     ( 3.9%) 
surfedges            35603/512000     142412/2048000  ( 7.0%) 
edges                23075/256000      92300/1024000  ( 9.0%) 
LDR worldlights        339/8192        33900/819200   ( 4.1%) 
HDR worldlights        339/8192        33900/819200   ( 4.1%) 
leafwaterdata            0/32768           0/393216   ( 0.0%) 
waterstrips            520/32768        5200/327680   ( 1.6%) 
waterverts               0/65536           0/786432   ( 0.0%) 
waterindices          9498/65536       18996/131072   (14.5%) 
cubemapsamples          38/1024          608/16384    ( 3.7%) 
overlays               112/512         39424/180224   (21.9%) 
LDR lightdata         [variable]    13379288/0        ( 0.0%) 
HDR lightdata         [variable]    13379288/0        ( 0.0%) 
visdata               [variable]      226225/16777216 ( 1.3%) 
entdata               [variable]      327791/393216   (83.4%) VERY FULL!
LDR ambient table     2044/65536        8176/262144   ( 3.1%) 
HDR ambient table     2044/65536        8176/262144   ( 3.1%) 
LDR leaf ambient      7194/65536      201432/1835008  (11.0%) 
HDR leaf ambient      7191/65536      201348/1835008  (11.0%) 
occluders                0/0               0/0        ( 0.0%) 
occluder polygons        0/0               0/0        ( 0.0%) 
occluder vert ind        0/0               0/0        ( 0.0%) 
detail props          [variable]           1/12       ( 8.3%) 
static props          [variable]           1/143090   ( 0.0%) 
pakfile               [variable]    21069281/0        ( 0.0%) 
physics               [variable]      514110/4194304  (12.3%) 
physics terrain       [variable]       72865/1048576  ( 6.9%) 

Level flags = 3

Total triangle count: 13283
Writing d:\steamlibrary\steamapps\common\portal 2\portal2_dlc3\maps\mp_coop_sp_a1_lift.bsp
44 minutes, 0 seconds elapsed



Using shader api: shaderapiempty.dll
materialPath: D:\SteamLibrary\steamapps\common\Portal 2\portal2\materials
Loading d:\steamlibrary\steamapps\common\portal 2\portal2_dlc3\maps\mp_coop_sp_a1_lift.vmf
ConVarRef gpu_level doesn't point to an existing ConVar
Patching WVT material: maps/mp_coop_sp_a1_lift/nature/blendrockdirt_tunnel03b_wvt_patch
Patching WVT material: maps/mp_coop_sp_a1_lift/nature/blendrockdirt_tunnel03a_wvt_patch
Patching WVT material: maps/mp_coop_sp_a1_lift/anim_wp/framework/blend_backpanels02_pipes_wvt_patch
fixing up env_cubemap materials on brush sides...
0...1...2...3...4...5...6...7...8...9...100...1...2...3...4...5...6...7...8...9...10Processing areas...done (0)
Building Faces...done (0)
Chop Details...done (0)
Find Visible Detail Sides...
Merged 1054 detail faces...done (0)
Merging details...done (0)
FixTjuncs...
PruneNodes...
WriteBSP...
done (0)
writing d:\steamlibrary\steamapps\common\portal 2\portal2_dlc3\maps\mp_coop_sp_a1_lift.prt...Building visibility clusters...
done (0)
Finding displacement neighbors...
Finding lightmap sample positions...
Displacement Alpha : 0...1...2...3...4...5...6...7...8...9...10
Building Physics collision data...
done (0) (514110 bytes)
Encountered obsolete static prop option to do its fade in screen space @ -72.49 1499.00 -7392.00
Encountered obsolete static prop option to do its fade in screen space @ -491.00 1535.51 -8637.96
Encountered obsolete static prop option to do its fade in screen space @ -491.40 1377.70 -8637.75
Encountered obsolete static prop option to do its fade in screen space @ 544.00 2000.00 -695.75
Encountered obsolete static prop option to do its fade in screen space @ 292.00 2452.00 -119.37
Encountered obsolete static prop option to do its fade in screen space @ 208.00 2460.00 -572.62
Encountered obsolete static prop option to do its fade in screen space @ 2177.31 3732.26 3170.44
Encountered obsolete static prop option to do its fade in screen space @ 2177.31 3732.26 3042.44
Encountered obsolete static prop option to do its fade in screen space @ 2193.31 3732.26 2946.44
Encountered obsolete static prop option to do its fade in screen space @ 2209.31 3732.26 2850.44
Encountered obsolete static prop option to do its fade in screen space @ 2209.31 3732.26 2722.44
Encountered obsolete static prop option to do its fade in screen space @ 2209.31 3924.26 2722.44
Encountered obsolete static prop option to do its fade in screen space @ 2209.31 4180.26 2722.44
Encountered obsolete static prop option to do its fade in screen space @ 2209.31 4500.27 2594.44
Encountered obsolete static prop option to do its fade in screen space @ 2209.31 4628.27 2402.44
Encountered obsolete static prop option to do its fade in screen space @ 2209.31 4564.27 2850.44
Encountered obsolete static prop option to do its fade in screen space @ 2225.06 4724.27 2850.44
Encountered obsolete static prop option to do its fade in screen space @ 2225.06 4628.00 2243.00
Encountered obsolete static prop option to do its fade in screen space @ 2212.00 4240.35 2833.69
Encountered obsolete static prop option to do its fade in screen space @ 80.00 1400.00 -5888.00
Encountered obsolete static prop option to do its fade in screen space @ 80.00 1400.00 -5760.00
Encountered obsolete static prop option to do its fade in screen space @ 80.00 1400.00 -5632.00
Encountered obsolete static prop option to do its fade in screen space @ 80.00 1400.00 -5504.00
Encountered obsolete static prop option to do its fade in screen space @ 80.00 1400.00 -5376.00
Encountered obsolete static prop option to do its fade in screen space @ 80.00 1400.00 -5248.00
Encountered obsolete static prop option to do its fade in screen space @ 80.00 1400.00 -5120.00
Encountered obsolete static prop option to do its fade in screen space @ 80.00 1400.00 -4992.00
Encountered obsolete static prop option to do its fade in screen space @ 80.00 1400.00 -4864.00
Encountered obsolete static prop option to do its fade in screen space @ 80.00 1400.00 -4736.00
Encountered obsolete static prop option to do its fade in screen space @ 80.00 1400.00 -4352.00
Encountered obsolete static prop option to do its fade in screen space @ 80.00 1400.00 -4480.00
Encountered obsolete static prop option to do its fade in screen space @ 80.00 1400.00 -4608.00
Encountered obsolete static prop option to do its fade in screen space @ 80.00 1432.00 -4256.00
Placing detail props : 0...1...2...3...4...5...6...7...8...9...10
Compacting texture/material tables...
Reduced 3122 texinfos to 1555
Reduced 247 texdatas to 226 (10128 bytes to 9350)
Writing d:\steamlibrary\steamapps\common\portal 2\portal2_dlc3\maps\mp_coop_sp_a1_lift.bsp

nummapplanes:     (  7946 / 65536 )
nummapbrushes:    (  1375 /  8192 )
nummapbrushsides: ( 12430 / 65536 )
num_map_overlays: (   112 /   512 )
nummodels:        (    46 /  1024 )
num_entities:     (   957 / 16384 )

31 seconds elapsed



12 threads
reading d:\steamlibrary\steamapps\common\portal 2\portal2_dlc3\maps\mp_coop_sp_a1_lift.bsp
reading d:\steamlibrary\steamapps\common\portal 2\portal2_dlc3\maps\mp_coop_sp_a1_lift.prt
 973 portalclusters
3597 numportals
0...1...2...3...4...5...6...7...8...9...10Optimized: 12330 visible clusters (0.00%)
Total clusters visible: 725827
Average clusters visible: 745
Building PAS...
Average clusters audible: 914
visdatasize:226225  compressed from 249088
writing d:\steamlibrary\steamapps\common\portal 2\portal2_dlc3\maps\mp_coop_sp_a1_lift.bsp
0 seconds elapsed



[Reading texlights from 'lights.rad']
[63 texlights parsed from 'lights.rad']

Loading d:\steamlibrary\steamapps\common\portal 2\portal2_dlc3\maps\mp_coop_sp_a1_lift.bsp
4885 faces
3469736 square feet [499642016.00 square inches]
232 Displacements
1425843 Square Feet [205321472.00 Square Inches]
4885 patches before subdivision
182497 patches after subdivision
339 direct lights
0...1...2...3...4...5...6...7...8...9...100...1...2...3...4...5...6...7...8...9...10transfers 12612807, max 517
transfer lists:  96.2 megs
0...1...2...3...4...5...6...7...8...9...10	Bounce #1 added RGB(62805, 56218, 29451)
0...1...2...3...4...5...6...7...8...9...10	Bounce #2 added RGB(7715, 6488, 3052)
Build Patch/Sample Hash Table(s).....Done<1.6040 sec>
0...1...2...3...4...5...6...7...8...9...10FinalLightFace Done
16 of 28 (57% of) surface lights went in leaf ambient cubes.
0...1...2...3...4...5...6...7...8...9...10Writing leaf ambient...done
Ready to Finish

Object names       Objects/Maxobjs  Memory / Maxmem  Fullness 
------------       ---------------  ---------------  -------- 
models                  46/1024         2208/49152    ( 4.5%) 
brushes               1375/8192        16500/98304    (16.8%) 
brushsides           11038/65536       88304/524288   (16.8%) 
planes                7946/65536      158920/1310720  (12.1%) 
vertexes              9223/65536      110676/786432   (14.1%) 
nodes                 1997/65536       63904/2097152  ( 3.0%) 
texinfos              1555/12288      111960/884736   (12.7%) 
texdata                226/2048         7232/65536    (11.0%) 
dispinfos              232/0           40832/0        ( 0.0%) 
disp_verts           15904/0          318080/0        ( 0.0%) 
disp_tris            24992/0           49984/0        ( 0.0%) 
disp_multiblend          0/0               0/0        ( 0.0%) 
disp_lmsamples     1547409/0         1547409/0        ( 0.0%) 
faces                 4885/65536      273560/3670016  ( 7.5%) 
hdr faces                0/65536           0/3670016  ( 0.0%) 
origfaces             3071/65536      171976/3670016  ( 4.7%) 
facebrushes            538/0            1076/0        ( 0.0%) 
facebrushlists        4885/0           19540/0        ( 0.0%) 
leaves                2044/65536       65408/2097152  ( 3.1%) 
leaffaces             6632/65536       13264/131072   (10.1%) 
leafbrushes           2976/65536        5952/131072   ( 4.5%) 
areas                   10/256            80/2048     ( 3.9%) 
surfedges            35603/512000     142412/2048000  ( 7.0%) 
edges                23075/256000      92300/1024000  ( 9.0%) 
LDR worldlights        339/8192        33900/819200   ( 4.1%) 
HDR worldlights          0/8192            0/819200   ( 0.0%) 
leafwaterdata            0/32768           0/393216   ( 0.0%) 
waterstrips            520/32768        5200/327680   ( 1.6%) 
waterverts               0/65536           0/786432   ( 0.0%) 
waterindices          9498/65536       18996/131072   (14.5%) 
cubemapsamples          38/1024          608/16384    ( 3.7%) 
overlays               112/512         39424/180224   (21.9%) 
LDR lightdata         [variable]    13379288/0        ( 0.0%) 
HDR lightdata         [variable]           0/0        ( 0.0%) 
visdata               [variable]      226225/16777216 ( 1.3%) 
entdata               [variable]      327791/393216   (83.4%) VERY FULL!
LDR ambient table     2044/65536        8176/262144   ( 3.1%) 
HDR ambient table     2044/65536        8176/262144   ( 3.1%) 
LDR leaf ambient      6094/65536      170632/1835008  ( 9.3%) 
HDR leaf ambient      2044/65536       57232/1835008  ( 3.1%) 
occluders                0/0               0/0        ( 0.0%) 
occluder polygons        0/0               0/0        ( 0.0%) 
occluder vert ind        0/0               0/0        ( 0.0%) 
detail props          [variable]           1/12       ( 8.3%) 
static props          [variable]           1/143090   ( 0.0%) 
pakfile               [variable]     2934737/0        ( 0.0%) 
physics               [variable]      514110/4194304  (12.3%) 
physics terrain       [variable]       72865/1048576  ( 6.9%) 

Level flags = 0

Total triangle count: 13283
Writing d:\steamlibrary\steamapps\common\portal 2\portal2_dlc3\maps\mp_coop_sp_a1_lift.bsp
1 minute, 9 seconds elapsed



Using shader api: shaderapiempty.dll
materialPath: D:\SteamLibrary\steamapps\common\Portal 2\portal2\materials
Loading d:\steamlibrary\steamapps\common\portal 2\portal2_dlc3\maps\mp_coop_sp_a1_lift.vmf
ConVarRef gpu_level doesn't point to an existing ConVar
Patching WVT material: maps/mp_coop_sp_a1_lift/nature/blendrockdirt_tunnel03b_wvt_patch
Patching WVT material: maps/mp_coop_sp_a1_lift/nature/blendrockdirt_tunnel03a_wvt_patch
Patching WVT material: maps/mp_coop_sp_a1_lift/anim_wp/framework/blend_backpanels02_pipes_wvt_patch
fixing up env_cubemap materials on brush sides...
0...1...2...3...4...5...6...7...8...9...100...1...2...3...4...5...6...7...8...9...10Processing areas...done (0)
Building Faces...done (0)
Chop Details...done (0)
Find Visible Detail Sides...
Merged 1054 detail faces...done (0)
Merging details...done (0)
FixTjuncs...
PruneNodes...
WriteBSP...
done (0)
writing d:\steamlibrary\steamapps\common\portal 2\portal2_dlc3\maps\mp_coop_sp_a1_lift.prt...Building visibility clusters...
done (0)
Finding displacement neighbors...
Finding lightmap sample positions...
Displacement Alpha : 0...1...2...3...4...5...6...7...8...9...10
Building Physics collision data...
done (0) (514110 bytes)
Encountered obsolete static prop option to do its fade in screen space @ -72.49 1499.00 -7392.00
Encountered obsolete static prop option to do its fade in screen space @ -491.00 1535.51 -8637.96
Encountered obsolete static prop option to do its fade in screen space @ -491.40 1377.70 -8637.75
Encountered obsolete static prop option to do its fade in screen space @ 544.00 2000.00 -695.75
Encountered obsolete static prop option to do its fade in screen space @ 292.00 2452.00 -119.37
Encountered obsolete static prop option to do its fade in screen space @ 208.00 2460.00 -572.62
Encountered obsolete static prop option to do its fade in screen space @ 2177.31 3732.26 3170.44
Encountered obsolete static prop option to do its fade in screen space @ 2177.31 3732.26 3042.44
Encountered obsolete static prop option to do its fade in screen space @ 2193.31 3732.26 2946.44
Encountered obsolete static prop option to do its fade in screen space @ 2209.31 3732.26 2850.44
Encountered obsolete static prop option to do its fade in screen space @ 2209.31 3732.26 2722.44
Encountered obsolete static prop option to do its fade in screen space @ 2209.31 3924.26 2722.44
Encountered obsolete static prop option to do its fade in screen space @ 2209.31 4180.26 2722.44
Encountered obsolete static prop option to do its fade in screen space @ 2209.31 4500.27 2594.44
Encountered obsolete static prop option to do its fade in screen space @ 2209.31 4628.27 2402.44
Encountered obsolete static prop option to do its fade in screen space @ 2209.31 4564.27 2850.44
Encountered obsolete static prop option to do its fade in screen space @ 2225.06 4724.27 2850.44
Encountered obsolete static prop option to do its fade in screen space @ 2225.06 4628.00 2243.00
Encountered obsolete static prop option to do its fade in screen space @ 2212.00 4240.35 2833.69
Encountered obsolete static prop option to do its fade in screen space @ 80.00 1400.00 -5888.00
Encountered obsolete static prop option to do its fade in screen space @ 80.00 1400.00 -5760.00
Encountered obsolete static prop option to do its fade in screen space @ 80.00 1400.00 -5632.00
Encountered obsolete static prop option to do its fade in screen space @ 80.00 1400.00 -5504.00
Encountered obsolete static prop option to do its fade in screen space @ 80.00 1400.00 -5376.00
Encountered obsolete static prop option to do its fade in screen space @ 80.00 1400.00 -5248.00
Encountered obsolete static prop option to do its fade in screen space @ 80.00 1400.00 -5120.00
Encountered obsolete static prop option to do its fade in screen space @ 80.00 1400.00 -4992.00
Encountered obsolete static prop option to do its fade in screen space @ 80.00 1400.00 -4864.00
Encountered obsolete static prop option to do its fade in screen space @ 80.00 1400.00 -4736.00
Encountered obsolete static prop option to do its fade in screen space @ 80.00 1400.00 -4352.00
Encountered obsolete static prop option to do its fade in screen space @ 80.00 1400.00 -4480.00
Encountered obsolete static prop option to do its fade in screen space @ 80.00 1400.00 -4608.00
Encountered obsolete static prop option to do its fade in screen space @ 80.00 1432.00 -4256.00
Placing detail props : 0...1...2...3...4...5...6...7...8...9...10
Compacting texture/material tables...
Reduced 3122 texinfos to 1555
Reduced 247 texdatas to 226 (10128 bytes to 9350)
Writing d:\steamlibrary\steamapps\common\portal 2\portal2_dlc3\maps\mp_coop_sp_a1_lift.bsp

nummapplanes:     (  7946 / 65536 )
nummapbrushes:    (  1375 /  8192 )
nummapbrushsides: ( 12430 / 65536 )
num_map_overlays: (   112 /   512 )
nummodels:        (    46 /  1024 )
num_entities:     (   957 / 16384 )

32 seconds elapsed



12 threads
reading d:\steamlibrary\steamapps\common\portal 2\portal2_dlc3\maps\mp_coop_sp_a1_lift.bsp
reading d:\steamlibrary\steamapps\common\portal 2\portal2_dlc3\maps\mp_coop_sp_a1_lift.prt
 973 portalclusters
3597 numportals
0...1...2...3...4...5...6...7...8...9...10Optimized: 12330 visible clusters (0.00%)
Total clusters visible: 725827
Average clusters visible: 745
Building PAS...
Average clusters audible: 914
visdatasize:226225  compressed from 249088
writing d:\steamlibrary\steamapps\common\portal 2\portal2_dlc3\maps\mp_coop_sp_a1_lift.bsp
0 seconds elapsed



[Reading texlights from 'lights.rad']
[63 texlights parsed from 'lights.rad']

Loading d:\steamlibrary\steamapps\common\portal 2\portal2_dlc3\maps\mp_coop_sp_a1_lift.bsp
4885 faces
3469736 square feet [499642016.00 square inches]
232 Displacements
1425843 Square Feet [205321472.00 Square Inches]
4885 patches before subdivision
182497 patches after subdivision
339 direct lights
0...1...2...3...4...5...6...7...8...9...100...1...2...3...4...5...6...7...8...9...10transfers 12612807, max 517
transfer lists:  96.2 megs
0...1...2...3...4...5...6...7...8...9...10	Bounce #1 added RGB(62805, 56218, 29451)
0...1...2...3...4...5...6...7...8...9...10	Bounce #2 added RGB(7715, 6488, 3052)
Build Patch/Sample Hash Table(s).....Done<1.6903 sec>
0...1...2...3...4...5...6...7...8...9...10FinalLightFace Done
16 of 28 (57% of) surface lights went in leaf ambient cubes.
0...1...2...3...4...5...6...7...8...9...10Writing leaf ambient...done
Ready to Finish

Object names       Objects/Maxobjs  Memory / Maxmem  Fullness 
------------       ---------------  ---------------  -------- 
models                  46/1024         2208/49152    ( 4.5%) 
brushes               1375/8192        16500/98304    (16.8%) 
brushsides           11038/65536       88304/524288   (16.8%) 
planes                7946/65536      158920/1310720  (12.1%) 
vertexes              9223/65536      110676/786432   (14.1%) 
nodes                 1997/65536       63904/2097152  ( 3.0%) 
texinfos              1555/12288      111960/884736   (12.7%) 
texdata                226/2048         7232/65536    (11.0%) 
dispinfos              232/0           40832/0        ( 0.0%) 
disp_verts           15904/0          318080/0        ( 0.0%) 
disp_tris            24992/0           49984/0        ( 0.0%) 
disp_multiblend          0/0               0/0        ( 0.0%) 
disp_lmsamples     1547409/0         1547409/0        ( 0.0%) 
faces                 4885/65536      273560/3670016  ( 7.5%) 
hdr faces                0/65536           0/3670016  ( 0.0%) 
origfaces             3071/65536      171976/3670016  ( 4.7%) 
facebrushes            538/0            1076/0        ( 0.0%) 
facebrushlists        4885/0           19540/0        ( 0.0%) 
leaves                2044/65536       65408/2097152  ( 3.1%) 
leaffaces             6632/65536       13264/131072   (10.1%) 
leafbrushes           2976/65536        5952/131072   ( 4.5%) 
areas                   10/256            80/2048     ( 3.9%) 
surfedges            35603/512000     142412/2048000  ( 7.0%) 
edges                23075/256000      92300/1024000  ( 9.0%) 
LDR worldlights        339/8192        33900/819200   ( 4.1%) 
HDR worldlights          0/8192            0/819200   ( 0.0%) 
leafwaterdata            0/32768           0/393216   ( 0.0%) 
waterstrips            520/32768        5200/327680   ( 1.6%) 
waterverts               0/65536           0/786432   ( 0.0%) 
waterindices          9498/65536       18996/131072   (14.5%) 
cubemapsamples          38/1024          608/16384    ( 3.7%) 
overlays               112/512         39424/180224   (21.9%) 
LDR lightdata         [variable]    13379288/0        ( 0.0%) 
HDR lightdata         [variable]           0/0        ( 0.0%) 
visdata               [variable]      226225/16777216 ( 1.3%) 
entdata               [variable]      327791/393216   (83.4%) VERY FULL!
LDR ambient table     2044/65536        8176/262144   ( 3.1%) 
HDR ambient table     2044/65536        8176/262144   ( 3.1%) 
LDR leaf ambient      6094/65536      170632/1835008  ( 9.3%) 
HDR leaf ambient      2044/65536       57232/1835008  ( 3.1%) 
occluders                0/0               0/0        ( 0.0%) 
occluder polygons        0/0               0/0        ( 0.0%) 
occluder vert ind        0/0               0/0        ( 0.0%) 
detail props          [variable]           1/12       ( 8.3%) 
static props          [variable]           1/143090   ( 0.0%) 
pakfile               [variable]     2934737/0        ( 0.0%) 
physics               [variable]      514110/4194304  (12.3%) 
physics terrain       [variable]       72865/1048576  ( 6.9%) 

Level flags = 0

Total triangle count: 13283
Writing d:\steamlibrary\steamapps\common\portal 2\portal2_dlc3\maps\mp_coop_sp_a1_lift.bsp
1 minute, 12 seconds elapsed
