


Using shader api: shaderapiempty.dll
materialPath: D:\Program Files (x86)\Steam\steamapps\common\Portal 2\portal2\materials
Loading d:\program files (x86)\steam\steamapps\common\portal 2\portal2_dlc3\maps\mp_coop_sp_a2_ramp.vmf
ConVarRef gpu_level doesn't point to an existing ConVar
Material not found!: LP/DEATH_FIELD_UNDERGROUND_SIDE_EMITTERS
Material not found!: LP/WOODM
Error! Variable "$envmap" is multiply defined in material "metal/underground_wall_metal004a_bottom"!
fixing up env_cubemap materials on brush sides...
0...1...2...3...4...5...6...7...8...9...100...1...2...3...4...5...6...7...8...9...10Processing areas...done (0)
Building Faces...done (0)
Chop Details...done (0)
Find Visible Detail Sides...
Merged 380 detail faces...done (0)
Merging details...done (0)
FixTjuncs...
PruneNodes...
WriteBSP...
done (0)
writing d:\program files (x86)\steam\steamapps\common\portal 2\portal2_dlc3\maps\mp_coop_sp_a2_ramp.prt...Building visibility clusters...
done (0)
Finding displacement neighbors...
Finding lightmap sample positions...
Displacement Alpha : 0...1...2...3...4...5...6...7...8...9...10
Building Physics collision data...
done (1) (277970 bytes)
Encountered obsolete static prop option to do its fade in screen space @ 561.00 -1126.00 512.00
Encountered obsolete static prop option to do its fade in screen space @ 561.00 -1126.00 512.00
Encountered obsolete static prop option to do its fade in screen space @ 561.00 -1126.00 512.00
Encountered obsolete static prop option to do its fade in screen space @ 561.00 -1126.00 512.00
Encountered obsolete static prop option to do its fade in screen space @ 561.00 -1126.00 512.00
Error loading studio model "models/portal_stories/props_underground/frame_128x64.mdl"!
Error loading studio model "models/lp/model_x/goat.mdl"!
Encountered obsolete static prop option to do its fade in screen space @ 240.00 -384.00 -656.00
Encountered obsolete static prop option to do its fade in screen space @ 240.00 -384.00 -400.00
Encountered obsolete static prop option to do its fade in screen space @ 256.00 128.00 -656.00
Encountered obsolete static prop option to do its fade in screen space @ 256.00 128.00 -400.00
Encountered obsolete static prop option to do its fade in screen space @ -336.00 112.00 -656.00
Encountered obsolete static prop option to do its fade in screen space @ -336.00 112.00 -400.00
Encountered obsolete static prop option to do its fade in screen space @ 1408.00 -1856.00 -656.00
Encountered obsolete static prop option to do its fade in screen space @ 1280.00 -1304.00 -144.00
Encountered obsolete static prop option to do its fade in screen space @ 1280.00 -1048.00 -144.00
Encountered obsolete static prop option to do its fade in screen space @ 1408.00 -1856.00 -400.00
Encountered obsolete static prop option to do its fade in screen space @ 1280.00 -1304.00 -272.00
Encountered obsolete static prop option to do its fade in screen space @ 1280.00 -1232.00 -672.00
Encountered obsolete static prop option to do its fade in screen space @ 1352.00 -1120.00 -16.00
Encountered obsolete static prop option to do its fade in screen space @ 1208.00 -1112.00 -16.00
Encountered obsolete static prop option to do its fade in screen space @ 1736.00 -640.00 -384.00
Encountered obsolete static prop option to do its fade in screen space @ 2144.00 -384.00 -64.00
Encountered obsolete static prop option to do its fade in screen space @ 2208.00 -384.00 -256.00
Encountered obsolete static prop option to do its fade in screen space @ 2400.00 -384.00 -320.00
Encountered obsolete static prop option to do its fade in screen space @ 248.00 -1600.00 -136.00
Encountered obsolete static prop option to do its fade in screen space @ 248.00 -1728.00 -136.00
Encountered obsolete static prop option to do its fade in screen space @ 248.00 -1856.00 -136.00
Encountered obsolete static prop option to do its fade in screen space @ 248.00 -1984.00 -136.00
Encountered obsolete static prop option to do its fade in screen space @ 1216.00 -1664.00 -400.00
Encountered obsolete static prop option to do its fade in screen space @ 1216.00 160.00 -640.00
Encountered obsolete static prop option to do its fade in screen space @ 1184.00 -352.00 -400.00
Encountered obsolete static prop option to do its fade in screen space @ 1184.00 -352.00 -640.00
Encountered obsolete static prop option to do its fade in screen space @ 1728.00 -96.00 -640.00
Encountered obsolete static prop option to do its fade in screen space @ 1736.00 -640.00 -640.00
Encountered obsolete static prop option to do its fade in screen space @ 1216.00 -896.00 -672.00
Encountered obsolete static prop option to do its fade in screen space @ -352.00 -352.00 -400.00
Encountered obsolete static prop option to do its fade in screen space @ -352.00 -352.00 -656.00
Encountered obsolete static prop option to do its fade in screen space @ -192.00 -1664.00 -656.00
Encountered obsolete static prop option to do its fade in screen space @ -192.00 -1664.00 -400.00
Encountered obsolete static prop option to do its fade in screen space @ 352.00 -2192.00 -656.00
Encountered obsolete static prop option to do its fade in screen space @ 352.00 -2192.00 -400.00
Encountered obsolete static prop option to do its fade in screen space @ 608.00 -1408.00 -400.00
Encountered obsolete static prop option to do its fade in screen space @ 608.00 -1920.00 -656.00
Encountered obsolete static prop option to do its fade in screen space @ 608.00 -1920.00 -400.00
Encountered obsolete static prop option to do its fade in screen space @ 336.00 -1376.00 -656.00
Encountered obsolete static prop option to do its fade in screen space @ 336.00 -1376.00 -400.00
Placing detail props : 0...1...2...3...4...5...6...7...8...9...10
Compacting texture/material tables...
Reduced 1741 texinfos to 1189
Reduced 97 texdatas to 88 (4250 bytes to 3889)
Writing d:\program files (x86)\steam\steamapps\common\portal 2\portal2_dlc3\maps\mp_coop_sp_a2_ramp.bsp

nummapplanes:     (  4616 / 65536 )
nummapbrushes:    (   677 /  8192 )
nummapbrushsides: (  5487 / 65536 )
num_map_overlays: (    56 /   512 )
nummodels:        (    66 /  1024 )
num_entities:     (   611 / 16384 )

2 seconds elapsed



Using shader api: shaderapiempty.dll
materialPath: D:\Program Files (x86)\Steam\steamapps\common\Portal 2\portal2\materials
Loading d:\program files (x86)\steam\steamapps\common\portal 2\portal2_dlc3\maps\mp_coop_sp_a2_ramp.vmf
ConVarRef gpu_level doesn't point to an existing ConVar
Material not found!: LP/DEATH_FIELD_UNDERGROUND_SIDE_EMITTERS
Material not found!: LP/WOODM
Error! Variable "$envmap" is multiply defined in material "metal/underground_wall_metal004a_bottom"!
fixing up env_cubemap materials on brush sides...
0...1...2...3...4...5...6...7...8...9...100...1...2...3...4...5...6...7...8...9...10Processing areas...done (0)
Building Faces...done (0)
Chop Details...done (0)
Find Visible Detail Sides...
Merged 380 detail faces...done (0)
Merging details...done (0)
FixTjuncs...
PruneNodes...
WriteBSP...
done (0)
writing d:\program files (x86)\steam\steamapps\common\portal 2\portal2_dlc3\maps\mp_coop_sp_a2_ramp.prt...Building visibility clusters...
done (0)
Finding displacement neighbors...
Finding lightmap sample positions...
Displacement Alpha : 0...1...2...3...4...5...6...7...8...9...10
Building Physics collision data...
done (0) (277970 bytes)
Encountered obsolete static prop option to do its fade in screen space @ 561.00 -1126.00 512.00
Encountered obsolete static prop option to do its fade in screen space @ 561.00 -1126.00 512.00
Encountered obsolete static prop option to do its fade in screen space @ 561.00 -1126.00 512.00
Encountered obsolete static prop option to do its fade in screen space @ 561.00 -1126.00 512.00
Encountered obsolete static prop option to do its fade in screen space @ 561.00 -1126.00 512.00
Error loading studio model "models/portal_stories/props_underground/frame_128x64.mdl"!
Error loading studio model "models/lp/model_x/goat.mdl"!
Encountered obsolete static prop option to do its fade in screen space @ 240.00 -384.00 -656.00
Encountered obsolete static prop option to do its fade in screen space @ 240.00 -384.00 -400.00
Encountered obsolete static prop option to do its fade in screen space @ 256.00 128.00 -656.00
Encountered obsolete static prop option to do its fade in screen space @ 256.00 128.00 -400.00
Encountered obsolete static prop option to do its fade in screen space @ -336.00 112.00 -656.00
Encountered obsolete static prop option to do its fade in screen space @ -336.00 112.00 -400.00
Encountered obsolete static prop option to do its fade in screen space @ 1408.00 -1856.00 -656.00
Encountered obsolete static prop option to do its fade in screen space @ 1280.00 -1304.00 -144.00
Encountered obsolete static prop option to do its fade in screen space @ 1280.00 -1048.00 -144.00
Encountered obsolete static prop option to do its fade in screen space @ 1408.00 -1856.00 -400.00
Encountered obsolete static prop option to do its fade in screen space @ 1280.00 -1304.00 -272.00
Encountered obsolete static prop option to do its fade in screen space @ 1280.00 -1232.00 -672.00
Encountered obsolete static prop option to do its fade in screen space @ 1352.00 -1120.00 -16.00
Encountered obsolete static prop option to do its fade in screen space @ 1208.00 -1112.00 -16.00
Encountered obsolete static prop option to do its fade in screen space @ 1736.00 -640.00 -384.00
Encountered obsolete static prop option to do its fade in screen space @ 2144.00 -384.00 -64.00
Encountered obsolete static prop option to do its fade in screen space @ 2208.00 -384.00 -256.00
Encountered obsolete static prop option to do its fade in screen space @ 2400.00 -384.00 -320.00
Encountered obsolete static prop option to do its fade in screen space @ 248.00 -1600.00 -136.00
Encountered obsolete static prop option to do its fade in screen space @ 248.00 -1728.00 -136.00
Encountered obsolete static prop option to do its fade in screen space @ 248.00 -1856.00 -136.00
Encountered obsolete static prop option to do its fade in screen space @ 248.00 -1984.00 -136.00
Encountered obsolete static prop option to do its fade in screen space @ 1216.00 -1664.00 -400.00
Encountered obsolete static prop option to do its fade in screen space @ 1216.00 160.00 -640.00
Encountered obsolete static prop option to do its fade in screen space @ 1184.00 -352.00 -400.00
Encountered obsolete static prop option to do its fade in screen space @ 1184.00 -352.00 -640.00
Encountered obsolete static prop option to do its fade in screen space @ 1728.00 -96.00 -640.00
Encountered obsolete static prop option to do its fade in screen space @ 1736.00 -640.00 -640.00
Encountered obsolete static prop option to do its fade in screen space @ 1216.00 -896.00 -672.00
Encountered obsolete static prop option to do its fade in screen space @ -352.00 -352.00 -400.00
Encountered obsolete static prop option to do its fade in screen space @ -352.00 -352.00 -656.00
Encountered obsolete static prop option to do its fade in screen space @ -192.00 -1664.00 -656.00
Encountered obsolete static prop option to do its fade in screen space @ -192.00 -1664.00 -400.00
Encountered obsolete static prop option to do its fade in screen space @ 352.00 -2192.00 -656.00
Encountered obsolete static prop option to do its fade in screen space @ 352.00 -2192.00 -400.00
Encountered obsolete static prop option to do its fade in screen space @ 608.00 -1408.00 -400.00
Encountered obsolete static prop option to do its fade in screen space @ 608.00 -1920.00 -656.00
Encountered obsolete static prop option to do its fade in screen space @ 608.00 -1920.00 -400.00
Encountered obsolete static prop option to do its fade in screen space @ 336.00 -1376.00 -656.00
Encountered obsolete static prop option to do its fade in screen space @ 336.00 -1376.00 -400.00
Placing detail props : 0...1...2...3...4...5...6...7...8...9...10
Compacting texture/material tables...
Reduced 1741 texinfos to 1189
Reduced 97 texdatas to 88 (4250 bytes to 3889)
Writing d:\program files (x86)\steam\steamapps\common\portal 2\portal2_dlc3\maps\mp_coop_sp_a2_ramp.bsp

nummapplanes:     (  4616 / 65536 )
nummapbrushes:    (   677 /  8192 )
nummapbrushsides: (  5487 / 65536 )
num_map_overlays: (    56 /   512 )
nummodels:        (    66 /  1024 )
num_entities:     (   611 / 16384 )

2 seconds elapsed



Using shader api: shaderapiempty.dll
materialPath: D:\SteamLibrary\steamapps\common\Portal 2\portal2\materials
Loading d:\steamlibrary\steamapps\common\portal 2\portal2_dlc3\maps\mp_coop_sp_a2_ramp.vmf
ConVarRef gpu_level doesn't point to an existing ConVar
Error! Variable "$envmap" is multiply defined in material "metal/underground_wall_metal004a_bottom"!
fixing up env_cubemap materials on brush sides...
0...1...2...3...4...5...6...7...8...9...100...1...2...3...4...5...6...7...8...9...10Processing areas...done (0)
Building Faces...done (0)
Chop Details...done (0)
Find Visible Detail Sides...
Merged 380 detail faces...done (0)
Merging details...done (0)
FixTjuncs...
PruneNodes...
WriteBSP...
done (0)
writing d:\steamlibrary\steamapps\common\portal 2\portal2_dlc3\maps\mp_coop_sp_a2_ramp.prt...Building visibility clusters...
done (0)
Finding displacement neighbors...
Finding lightmap sample positions...
Displacement Alpha : 0...1...2...3...4...5...6...7...8...9...10
Building Physics collision data...
done (1) (277968 bytes)
Encountered obsolete static prop option to do its fade in screen space @ 561.00 -1126.00 512.00
Encountered obsolete static prop option to do its fade in screen space @ 561.00 -1126.00 512.00
Encountered obsolete static prop option to do its fade in screen space @ 561.00 -1126.00 512.00
Encountered obsolete static prop option to do its fade in screen space @ 561.00 -1126.00 512.00
Encountered obsolete static prop option to do its fade in screen space @ 561.00 -1126.00 512.00
Encountered obsolete static prop option to do its fade in screen space @ 240.00 -384.00 -656.00
Encountered obsolete static prop option to do its fade in screen space @ 240.00 -384.00 -400.00
Encountered obsolete static prop option to do its fade in screen space @ 256.00 128.00 -656.00
Encountered obsolete static prop option to do its fade in screen space @ 256.00 128.00 -400.00
Encountered obsolete static prop option to do its fade in screen space @ -336.00 112.00 -656.00
Encountered obsolete static prop option to do its fade in screen space @ -336.00 112.00 -400.00
Encountered obsolete static prop option to do its fade in screen space @ 1408.00 -1856.00 -656.00
Encountered obsolete static prop option to do its fade in screen space @ 1280.00 -1304.00 -144.00
Encountered obsolete static prop option to do its fade in screen space @ 1280.00 -1048.00 -144.00
Encountered obsolete static prop option to do its fade in screen space @ 1408.00 -1856.00 -400.00
Encountered obsolete static prop option to do its fade in screen space @ 1280.00 -1304.00 -272.00
Encountered obsolete static prop option to do its fade in screen space @ 1280.00 -1232.00 -672.00
Encountered obsolete static prop option to do its fade in screen space @ 1352.00 -1120.00 -16.00
Encountered obsolete static prop option to do its fade in screen space @ 1208.00 -1112.00 -16.00
Encountered obsolete static prop option to do its fade in screen space @ 1736.00 -640.00 -384.00
Encountered obsolete static prop option to do its fade in screen space @ 2144.00 -384.00 -64.00
Encountered obsolete static prop option to do its fade in screen space @ 2208.00 -384.00 -256.00
Encountered obsolete static prop option to do its fade in screen space @ 2400.00 -384.00 -320.00
Encountered obsolete static prop option to do its fade in screen space @ 248.00 -1600.00 -136.00
Encountered obsolete static prop option to do its fade in screen space @ 248.00 -1728.00 -136.00
Encountered obsolete static prop option to do its fade in screen space @ 248.00 -1856.00 -136.00
Encountered obsolete static prop option to do its fade in screen space @ 248.00 -1984.00 -136.00
Encountered obsolete static prop option to do its fade in screen space @ 1216.00 -1664.00 -400.00
Encountered obsolete static prop option to do its fade in screen space @ 1216.00 160.00 -640.00
Encountered obsolete static prop option to do its fade in screen space @ 1184.00 -352.00 -400.00
Encountered obsolete static prop option to do its fade in screen space @ 1184.00 -352.00 -640.00
Encountered obsolete static prop option to do its fade in screen space @ 1728.00 -96.00 -640.00
Encountered obsolete static prop option to do its fade in screen space @ 1736.00 -640.00 -640.00
Encountered obsolete static prop option to do its fade in screen space @ 1216.00 -896.00 -672.00
Encountered obsolete static prop option to do its fade in screen space @ -352.00 -352.00 -400.00
Encountered obsolete static prop option to do its fade in screen space @ -352.00 -352.00 -656.00
Encountered obsolete static prop option to do its fade in screen space @ -192.00 -1664.00 -656.00
Encountered obsolete static prop option to do its fade in screen space @ -192.00 -1664.00 -400.00
Encountered obsolete static prop option to do its fade in screen space @ 352.00 -2192.00 -656.00
Encountered obsolete static prop option to do its fade in screen space @ 352.00 -2192.00 -400.00
Encountered obsolete static prop option to do its fade in screen space @ 608.00 -1408.00 -400.00
Encountered obsolete static prop option to do its fade in screen space @ 608.00 -1920.00 -656.00
Encountered obsolete static prop option to do its fade in screen space @ 608.00 -1920.00 -400.00
Encountered obsolete static prop option to do its fade in screen space @ 336.00 -1376.00 -656.00
Encountered obsolete static prop option to do its fade in screen space @ 336.00 -1376.00 -400.00
Placing detail props : 0...1...2...3...4...5...6...7...8...9...10
Compacting texture/material tables...
Reduced 1741 texinfos to 1189
Reduced 97 texdatas to 88 (4250 bytes to 3889)
Writing d:\steamlibrary\steamapps\common\portal 2\portal2_dlc3\maps\mp_coop_sp_a2_ramp.bsp

nummapplanes:     (  4616 / 65536 )
nummapbrushes:    (   677 /  8192 )
nummapbrushsides: (  5487 / 65536 )
num_map_overlays: (    56 /   512 )
nummodels:        (    66 /  1024 )
num_entities:     (   610 / 16384 )

3 seconds elapsed



12 threads
reading d:\steamlibrary\steamapps\common\portal 2\portal2_dlc3\maps\mp_coop_sp_a2_ramp.bsp
reading d:\steamlibrary\steamapps\common\portal 2\portal2_dlc3\maps\mp_coop_sp_a2_ramp.prt
 639 portalclusters
2704 numportals
0...1...2...3...4...5...6...7...8...9...10Optimized: 4009 visible clusters (0.00%)
Total clusters visible: 374639
Average clusters visible: 586
Building PAS...
Average clusters audible: 605
visdatasize:104518  compressed from 102240
writing d:\steamlibrary\steamapps\common\portal 2\portal2_dlc3\maps\mp_coop_sp_a2_ramp.bsp
0 seconds elapsed



[Reading texlights from 'lights.rad']
[59 texlights parsed from 'lights.rad']

Loading d:\steamlibrary\steamapps\common\portal 2\portal2_dlc3\maps\mp_coop_sp_a2_ramp.bsp
2647 faces
1 degenerate faces
1103967 square feet [158971296.00 square inches]
0 Displacements
0 Square Feet [0.00 Square Inches]
2646 patches before subdivision
74034 patches after subdivision
98 direct lights
0...1...2...3...4...5...6...7...8...9...100...1...2...3...4...5...6...7...8...9...10transfers 8436783, max 579
transfer lists:  64.4 megs
0...1...2...3...4...5...6...7...8...9...10	Bounce #1 added RGB(33212, 26463, 12469)
0...1...2...3...4...5...6...7...8...9...10	Bounce #2 added RGB(4214, 3318, 1376)
Build Patch/Sample Hash Table(s).....Done<0.0273 sec>
0...1...2...3...4...5...6...7...8...9...10FinalLightFace Done
0 of 0 (0% of) surface lights went in leaf ambient cubes.
0...1...2...3...4...5...6...7...8...9...10Writing leaf ambient...done
Ready to Finish

Object names       Objects/Maxobjs  Memory / Maxmem  Fullness 
------------       ---------------  ---------------  -------- 
models                  66/1024         3168/49152    ( 6.4%) 
brushes                677/8192         8124/98304    ( 8.3%) 
brushsides            5495/65536       43960/524288   ( 8.4%) 
planes                4616/65536       92320/1310720  ( 7.0%) 
vertexes              4589/65536       55068/786432   ( 7.0%) 
nodes                 1415/65536       45280/2097152  ( 2.2%) 
texinfos              1189/12288       85608/884736   ( 9.7%) 
texdata                 88/2048         2816/65536    ( 4.3%) 
dispinfos                0/0               0/0        ( 0.0%) 
disp_verts               0/0               0/0        ( 0.0%) 
disp_tris                0/0               0/0        ( 0.0%) 
disp_multiblend          0/0               0/0        ( 0.0%) 
disp_lmsamples           0/0               0/0        ( 0.0%) 
faces                 2647/65536      148232/3670016  ( 4.0%) 
hdr faces                0/65536           0/3670016  ( 0.0%) 
origfaces             1918/65536      107408/3670016  ( 2.9%) 
facebrushes            311/0             622/0        ( 0.0%) 
facebrushlists        2647/0           10588/0        ( 0.0%) 
leaves                1482/65536       47424/2097152  ( 2.3%) 
leaffaces             4025/65536        8050/131072   ( 6.1%) 
leafbrushes           1379/65536        2758/131072   ( 2.1%) 
areas                    8/256            64/2048     ( 3.1%) 
surfedges            20274/512000      81096/2048000  ( 4.0%) 
edges                12174/256000      48696/1024000  ( 4.8%) 
LDR worldlights         98/8192         9800/819200   ( 1.2%) 
HDR worldlights          0/8192            0/819200   ( 0.0%) 
leafwaterdata            1/32768          12/393216   ( 0.0%) 
waterstrips            295/32768        2950/327680   ( 0.9%) 
waterverts               0/65536           0/786432   ( 0.0%) 
waterindices          4782/65536        9564/131072   ( 7.3%) 
cubemapsamples          21/1024          336/16384    ( 2.1%) 
overlays                56/512         19712/180224   (10.9%) 
LDR lightdata         [variable]     6019856/0        ( 0.0%) 
HDR lightdata         [variable]           0/0        ( 0.0%) 
visdata               [variable]      104518/16777216 ( 0.6%) 
entdata               [variable]      195677/393216   (49.8%) 
LDR ambient table     1482/65536        5928/262144   ( 2.3%) 
HDR ambient table     1482/65536        5928/262144   ( 2.3%) 
LDR leaf ambient      7038/65536      197064/1835008  (10.7%) 
HDR leaf ambient      1482/65536       41496/1835008  ( 2.3%) 
occluders                0/0               0/0        ( 0.0%) 
occluder polygons        0/0               0/0        ( 0.0%) 
occluder vert ind        0/0               0/0        ( 0.0%) 
detail props          [variable]           1/12       ( 8.3%) 
static props          [variable]           1/39326    ( 0.0%) 
pakfile               [variable]     1650065/0        ( 0.0%) 
physics               [variable]      277968/4194304  ( 6.6%) 
physics terrain       [variable]           2/1048576  ( 0.0%) 

Level flags = 0

Total triangle count: 7066
Writing d:\steamlibrary\steamapps\common\portal 2\portal2_dlc3\maps\mp_coop_sp_a2_ramp.bsp
13 seconds elapsed
