PRT1
294
563
4 0 150 (4688 1024 -384 ) (4688 1024 896 ) (4112 1024 896 ) (4112 1024 -384 ) 
4 0 1 (4112 1280 -384 ) (4112 1024 -384 ) (4112 1024 896 ) (4112 1280 896 ) 
4 1 151 (4112 1024 896 ) (4096 1024 896 ) (4096 1024 -384 ) (4112 1024 -384 ) 
4 1 3 (4096 1024 -384 ) (4096 1024 896 ) (4096 1280 896 ) (4096 1280 -384 ) 
4 2 6 (2816 2048 542.797974 ) (2688 2048 542.797974 ) (2688 2048 414.798035 ) (2816 2048 414.798035 ) 
4 3 152 (4096 1024 -384 ) (4096 1024 896 ) (3792 1024 896 ) (3792 1024 -384 ) 
4 3 5 (3792 1024 -384 ) (3792 1024 896 ) (3792 1280 896 ) (3792 1280 -384 ) 
4 4 7 (3072 1984 128 ) (3072 1472 128 ) (3072 1472 384 ) (3072 1984 384 ) 
4 4 5 (3072 1472 384 ) (3072 1472 128 ) (3792 1472 128 ) (3792 1472 384 ) 
4 5 153 (3792 1024 -896 ) (3792 1024 1664 ) (3072 1024 1664 ) (3072 1024 -896 ) 
4 5 8 (3072 1024 -896 ) (3072 1024 1664 ) (3072 1472 1664 ) (3072 1472 -896 ) 
4 7 8 (2640 1472 384 ) (2640 1472 128 ) (3072 1472 128 ) (3072 1472 384 ) 
4 8 165 (2640 1024 0 ) (2640 1024 -16 ) (2704 1024 -16 ) (2704 1024 0 ) 
4 8 164 (2704 1024 128 ) (2640 1024 128 ) (2640 1024 0 ) (2704 1024 0 ) 
4 8 166 (2640 1024 -16 ) (2640 1024 -896 ) (2704 1024 -896 ) (2704 1024 -16 ) 
4 8 163 (3072 1024 -896 ) (3072 1024 128 ) (2704 1024 128 ) (2704 1024 -896 ) 
4 8 161 (3072 1024 128 ) (3072 1024 256 ) (2640 1024 256 ) (2640 1024 128 ) 
4 8 160 (3072 1024 256 ) (3072 1024 640 ) (2640 1024 640 ) (2640 1024 256 ) 
4 8 154 (3072 1024 640 ) (3072 1024 1664 ) (2640 1024 1664 ) (2640 1024 640 ) 
4 9 13 (1152 3072 256 ) (1024 3072 256 ) (1024 3072 0 ) (1152 3072 0 ) 
4 9 10 (1024 3072 0 ) (1024 3072 256 ) (1024 3088 256 ) (1024 3088 0 ) 
4 10 29 (896 3072 256 ) (768 3072 256 ) (768 3072 0 ) (896 3072 0 ) 
4 10 28 (1024 3072 0 ) (1024 3072 256 ) (896 3072 256 ) (896 3072 0 ) 
4 11 14 (1152 2816 128 ) (1152 2688 128 ) (1152 2688 192 ) (1152 2816 192 ) 
4 12 26 (1024 3008 256 ) (1024 2496 256 ) (1024 2496 384 ) (1024 3008 384 ) 
4 12 14 (1152 2496 256 ) (1024 2496 256 ) (1024 3008 256 ) (1152 3008 256 ) 
4 13 28 (1024 3072 256 ) (1024 3072 0 ) (1024 3024 0 ) (1024 3024 256 ) 
4 14 28 (1024 3008 0 ) (1024 2496 0 ) (1024 2496 256 ) (1024 3008 256 ) 
4 14 16 (1152 3008 0 ) (1152 2752 0 ) (1024 2752 0 ) (1024 3008 0 ) 
4 15 27 (1024 2144 256 ) (1024 2144 384 ) (1024 2272 384 ) (1024 2272 256 ) 
4 15 28 (1024 2272 0 ) (1024 2144 0 ) (1024 2144 256 ) (1024 2272 256 ) 
4 15 23 (1152 2144 0 ) (1152 2144 384 ) (1024 2144 384 ) (1024 2144 0 ) 
4 15 17 (1152 2272 0 ) (1152 2144 0 ) (1024 2144 0 ) (1024 2272 0 ) 
4 16 48 (1024 3008 -16 ) (1024 2752 -16 ) (1024 2752 0 ) (1024 3008 0 ) 
4 16 18 (1152 3008 -16 ) (1152 2752 -16 ) (1024 2752 -16 ) (1024 3008 -16 ) 
4 17 49 (1024 2272 -16 ) (1024 2144 -16 ) (1024 2144 0 ) (1024 2272 0 ) 
4 17 24 (1152 2144 -16 ) (1152 2144 0 ) (1024 2144 0 ) (1024 2144 -16 ) 
4 18 52 (1024 3008 -208 ) (1024 2752 -208 ) (1024 2752 -16 ) (1024 3008 -16 ) 
4 19 72 (1424 2048 256 ) (1424 2048 320 ) (1422 2048 320 ) (1422 2048 256 ) 
4 20 73 (1416 2048 320 ) (1408 2048 320 ) (1408 2048 256 ) (1416 2048 256 ) 
4 20 22 (1408 2144 320 ) (1408 2144 256 ) (1408 2048 256 ) (1408 2048 320 ) 
4 21 77 (1408 2048 528 ) (1408 2048 1040 ) (1024 2048 1040 ) (1024 2048 528 ) 
4 21 42 (1024 2048 528 ) (1024 2048 1040 ) (1024 2080 1040 ) (1024 2080 528 ) 
4 21 41 (1024 2080 1040 ) (1024 2144 1040 ) (1024 2144 528 ) (1024 2080 528 ) 
4 22 78 (1408 2048 0 ) (1408 2048 512 ) (1152 2048 512 ) (1152 2048 0 ) 
4 22 23 (1152 2048 512 ) (1152 2144 512 ) (1152 2144 0 ) (1152 2048 0 ) 
4 23 78 (1152 2048 0 ) (1152 2048 512 ) (1024 2048 512 ) (1024 2048 0 ) 
4 23 47 (1024 2048 0 ) (1024 2048 512 ) (1024 2144 512 ) (1024 2144 0 ) 
4 23 24 (1024 2048 0 ) (1024 2144 0 ) (1152 2144 0 ) (1152 2048 0 ) 
4 24 84 (1152 2048 -16 ) (1152 2048 0 ) (1024 2048 0 ) (1024 2048 -16 ) 
4 25 26 (912 2768 384 ) (912 2864 384 ) (1008 2864 384 ) (1008 2768 384 ) 
4 26 30 (896 2496 384 ) (896 3008 384 ) (896 3008 256 ) (896 2496 256 ) 
4 26 28 (896 2496 256 ) (896 3008 256 ) (1024 3008 256 ) (1024 2496 256 ) 
4 27 47 (1024 2144 256 ) (1024 2144 384 ) (896 2144 384 ) (896 2144 256 ) 
4 27 31 (896 2144 256 ) (896 2144 384 ) (896 2272 384 ) (896 2272 256 ) 
4 27 28 (1024 2144 256 ) (896 2144 256 ) (896 2272 256 ) (1024 2272 256 ) 
4 28 49 (1024 2272 0 ) (1024 2144 0 ) (896 2144 0 ) (896 2272 0 ) 
4 28 48 (1024 3008 0 ) (1024 2752 0 ) (896 2752 0 ) (896 3008 0 ) 
4 28 47 (896 2144 0 ) (1024 2144 0 ) (1024 2144 256 ) (896 2144 256 ) 
4 28 31 (896 2272 0 ) (896 2144 0 ) (896 2144 256 ) (896 2272 256 ) 
4 28 30 (896 3008 0 ) (896 2496 0 ) (896 2496 256 ) (896 3008 256 ) 
4 28 29 (896 3072 0 ) (896 3024 0 ) (896 3024 256 ) (896 3072 256 ) 
4 30 48 (896 3008 0 ) (896 2752 0 ) (768 2752 0 ) (768 3008 0 ) 
4 30 36 (768 3008 0 ) (768 2496 0 ) (768 2496 256 ) (768 3008 256 ) 
4 31 47 (768 2144 0 ) (896 2144 0 ) (896 2144 384 ) (768 2144 384 ) 
4 31 38 (768 2144 128 ) (768 2144 256 ) (768 2272 256 ) (768 2272 128 ) 
4 35 47 (448 2144 320 ) (576 2144 320 ) (576 2144 447.539063 ) (448 2144 447.539063 ) 
4 36 37 (752 3008 0 ) (752 2496 0 ) (752 2496 256 ) (752 3008 256 ) 
4 37 50 (752 3008 0 ) (752 2880 0 ) (624 2880 0 ) (624 3008 0 ) 
4 37 40 (624 3008 0 ) (624 2560 0 ) (624 2560 256 ) (624 3008 256 ) 
4 37 39 (624 2272 256 ) (624 2272 128 ) (640 2272 128 ) (640 2272 256 ) 
4 37 38 (752 2272 128 ) (752 2272 256 ) (640 2272 256 ) (640 2272 128 ) 
4 38 47 (768 2144 128 ) (768 2144 256 ) (640 2144 256 ) (640 2144 128 ) 
4 38 39 (640 2272 256 ) (640 2272 128 ) (640 2176 128 ) (640 2176 256 ) 
4 41 46 (192 2080 1040 ) (128 2080 1040 ) (128 2080 528 ) (192 2080 528 ) 
4 41 44 (192 2080 896 ) (192 2080 544 ) (320 2080 544 ) (320 2080 896 ) 
4 41 42 (1024 2080 528 ) (1024 2080 1040 ) (320 2080 1040 ) (320 2080 528 ) 
4 42 96 (1024 2048 528 ) (1024 2048 1040 ) (320 2048 1040 ) (320 2048 528 ) 
4 42 44 (320 2080 896 ) (320 2080 544 ) (320 2048 544 ) (320 2048 896 ) 
4 43 97 (208 2048 1024 ) (208 2048 896 ) (304 2048 896 ) (304 2048 1024 ) 
4 43 44 (208 2064 896 ) (304 2064 896 ) (304 2048 896 ) (208 2048 896 ) 
4 44 98 (192 2048 896 ) (192 2048 544 ) (320 2048 544 ) (320 2048 896 ) 
4 44 46 (192 2080 896 ) (192 2080 544 ) (192 2048 544 ) (192 2048 896 ) 
4 44 45 (208 2064 544 ) (304 2064 544 ) (304 2048 544 ) (208 2048 544 ) 
4 45 99 (208 2048 512 ) (304 2048 512 ) (304 2048 544 ) (208 2048 544 ) 
4 45 47 (304 2064 512 ) (304 2048 512 ) (208 2048 512 ) (208 2064 512 ) 
4 46 100 (192 2048 1040 ) (128 2048 1040 ) (128 2048 528 ) (192 2048 528 ) 
4 47 117 (130 2048 512 ) (128 2048 512 ) (128 2048 0 ) (130 2048 0 ) 
4 47 116 (384 2048 512 ) (130 2048 512 ) (130 2048 0 ) (384 2048 0 ) 
4 47 111 (640 2048 512 ) (384 2048 512 ) (384 2048 0 ) (640 2048 0 ) 
4 47 108 (1024 2048 0 ) (1024 2048 512 ) (640 2048 512 ) (640 2048 0 ) 
4 47 51 (384 2048 0 ) (192 2048 0 ) (192 2112 0 ) (384 2112 0 ) 
4 48 52 (768 3008 -16 ) (1024 3008 -16 ) (1024 2752 -16 ) (768 2752 -16 ) 
4 50 53 (624 3008 -16 ) (752 3008 -16 ) (752 2880 -16 ) (624 2880 -16 ) 
4 51 126 (384 2048 0 ) (192 2048 0 ) (192 2048 -16 ) (384 2048 -16 ) 
4 52 53 (768 2880 -16 ) (768 3008 -16 ) (768 3008 -144 ) (768 2880 -144 ) 
4 57 58 (1696 1152 128 ) (1696 1280 128 ) (1696 1280 0 ) (1696 1152 0 ) 
4 58 68 (1568 1280 0 ) (1568 1152 0 ) (1568 1152 128 ) (1568 1280 128 ) 
4 58 65 (1568 1152 160 ) (1568 1152 192 ) (1568 1280 192 ) (1568 1280 160 ) 
4 58 60 (1568 1056 190 ) (1568 1056 0 ) (1696 1056 0 ) (1696 1056 190 ) 
4 58 59 (1568 1056 192 ) (1568 1056 190 ) (1696 1056 190 ) (1696 1056 192 ) 
4 59 203 (1568 1024 200 ) (1568 1024 190 ) (1696 1024 190 ) (1696 1024 200 ) 
4 59 60 (1568 1024 190 ) (1568 1056 190 ) (1696 1056 190 ) (1696 1024 190 ) 
4 60 204 (1568 1024 128 ) (1568 1024 0 ) (1696 1024 0 ) (1696 1024 128 ) 
4 60 203 (1568 1024 190 ) (1568 1024 128 ) (1696 1024 128 ) (1696 1024 190 ) 
4 61 75 (1424 1440 256 ) (1424 1440 512 ) (1424 1760 512 ) (1424 1760 256 ) 
4 62 74 (1424 1888 256 ) (1424 2016 256 ) (1424 2016 128 ) (1424 1888 128 ) 
4 63 66 (1554 1152 192 ) (1550 1152 192 ) (1550 1280 192 ) (1554 1280 192 ) 
4 63 65 (1568 1152 192 ) (1560 1152 192 ) (1560 1280 192 ) (1568 1280 192 ) 
4 64 71 (1536 1152 192 ) (1536 1152 224 ) (1536 1280 224 ) (1536 1280 192 ) 
4 64 67 (1544 1152 192 ) (1536 1152 192 ) (1536 1280 192 ) (1544 1280 192 ) 
4 67 71 (1536 1152 160 ) (1536 1152 192 ) (1536 1280 192 ) (1536 1280 160 ) 
4 68 69 (1553 1280 0 ) (1553 1152 0 ) (1553 1152 128 ) (1553 1280 128 ) 
4 69 70 (1550 1280 0 ) (1550 1152 0 ) (1550 1152 128 ) (1550 1280 128 ) 
4 70 71 (1536 1152 0 ) (1536 1152 128 ) (1536 1280 128 ) (1536 1280 0 ) 
4 71 202 (1424 1024 512 ) (1424 1024 256 ) (1536 1024 256 ) (1536 1024 512 ) 
4 71 76 (1424 1024 0 ) (1424 1024 512 ) (1424 1408 512 ) (1424 1408 0 ) 
4 72 74 (1424 1888 256 ) (1422 1888 256 ) (1422 2016 256 ) (1424 2016 256 ) 
4 73 80 (1408 1952 256 ) (1408 1888 256 ) (1408 1888 320 ) (1408 1952 320 ) 
4 73 78 (1408 2048 320 ) (1408 2048 256 ) (1408 1952 256 ) (1408 1952 320 ) 
4 73 74 (1416 1888 256 ) (1408 1888 256 ) (1408 2016 256 ) (1416 2016 256 ) 
4 74 80 (1408 1952 128 ) (1408 1888 128 ) (1408 1888 256 ) (1408 1952 256 ) 
4 74 78 (1408 2016 128 ) (1408 1952 128 ) (1408 1952 256 ) (1408 2016 256 ) 
4 75 80 (1408 1440 256 ) (1408 1440 512 ) (1408 1760 512 ) (1408 1760 256 ) 
4 76 202 (1408 1024 512 ) (1408 1024 256 ) (1424 1024 256 ) (1424 1024 512 ) 
4 76 92 (1408 1024 0 ) (1408 1024 512 ) (1408 1408 512 ) (1408 1408 0 ) 
4 77 96 (1024 2048 1040 ) (1024 2048 528 ) (1024 1952 528 ) (1024 1952 1040 ) 
4 77 79 (1408 1952 528 ) (1408 1952 1040 ) (1024 1952 1040 ) (1024 1952 528 ) 
4 78 108 (1024 2048 512 ) (1024 2048 0 ) (1024 1952 0 ) (1024 1952 512 ) 
4 78 84 (1024 2016 0 ) (1024 2048 0 ) (1152 2048 0 ) (1152 2016 0 ) 
4 78 82 (1024 1952 0 ) (1376 1952 0 ) (1376 1952 512 ) (1024 1952 512 ) 
4 78 80 (1376 1952 0 ) (1408 1952 0 ) (1408 1952 512 ) (1376 1952 512 ) 
4 79 101 (1024 1440 528 ) (1024 1440 1040 ) (1024 1952 1040 ) (1024 1952 528 ) 
4 79 81 (1376 1440 528 ) (1024 1440 528 ) (1024 1952 528 ) (1376 1952 528 ) 
4 80 89 (1408 1440 0 ) (1408 1440 256 ) (1376 1440 256 ) (1376 1440 0 ) 
4 80 88 (1408 1440 384 ) (1408 1440 512 ) (1376 1440 512 ) (1376 1440 384 ) 
4 80 86 (1408 1440 0 ) (1376 1440 0 ) (1376 1472 0 ) (1408 1472 0 ) 
4 80 83 (1376 1632 0 ) (1376 1888 0 ) (1408 1888 0 ) (1408 1632 0 ) 
4 80 82 (1376 1952 512 ) (1376 1952 0 ) (1376 1440 0 ) (1376 1440 512 ) 
4 81 102 (1024 1440 512 ) (1024 1440 528 ) (1024 1952 528 ) (1024 1952 512 ) 
4 81 82 (1024 1952 512 ) (1376 1952 512 ) (1376 1440 512 ) (1024 1440 512 ) 
4 82 108 (1024 1952 0 ) (1024 1440 0 ) (1024 1440 512 ) (1024 1952 512 ) 
4 82 89 (1024 1440 256 ) (1024 1440 0 ) (1376 1440 0 ) (1376 1440 256 ) 
4 82 88 (1024 1440 512 ) (1024 1440 384 ) (1376 1440 384 ) (1376 1440 512 ) 
4 82 86 (1376 1440 0 ) (1024 1440 0 ) (1024 1472 0 ) (1376 1472 0 ) 
4 82 85 (1024 1632 0 ) (1024 1888 0 ) (1152 1888 0 ) (1152 1632 0 ) 
4 82 83 (1376 1888 0 ) (1376 1632 0 ) (1152 1632 0 ) (1152 1888 0 ) 
4 83 94 (1408 1888 -32 ) (1408 1632 -32 ) (1152 1632 -32 ) (1152 1888 -32 ) 
4 83 85 (1152 1888 -32 ) (1152 1632 -32 ) (1152 1632 0 ) (1152 1888 0 ) 
4 85 127 (1024 1888 -32 ) (1024 1632 -32 ) (1024 1632 0 ) (1024 1888 0 ) 
4 85 94 (1152 1888 -32 ) (1152 1632 -32 ) (1024 1632 -32 ) (1024 1888 -32 ) 
4 87 105 (1024 1120 528 ) (1024 1376 528 ) (1024 1376 512 ) (1024 1120 512 ) 
4 87 92 (1024 1120 512 ) (1024 1376 512 ) (1088 1376 512 ) (1088 1120 512 ) 
4 88 109 (1024 1408 512 ) (1024 1440 512 ) (1024 1440 384 ) (1024 1408 384 ) 
4 88 92 (1408 1408 384 ) (1408 1408 512 ) (1024 1408 512 ) (1024 1408 384 ) 
4 89 90 (1024 1413 0 ) (1408 1413 0 ) (1408 1413 256 ) (1024 1413 256 ) 
4 90 91 (1024 1411 0 ) (1408 1411 0 ) (1408 1411 256 ) (1024 1411 256 ) 
4 91 92 (1024 1408 0 ) (1408 1408 0 ) (1408 1408 256 ) (1024 1408 256 ) 
4 92 205 (1152 1024 0 ) (1216 1024 0 ) (1216 1024 256 ) (1152 1024 256 ) 
4 92 202 (1408 1024 256 ) (1408 1024 512 ) (1280 1024 512 ) (1280 1024 256 ) 
4 92 129 (1024 1024 0 ) (1024 1024 512 ) (1024 1088 512 ) (1024 1088 0 ) 
4 92 115 (1024 1088 512 ) (1024 1408 512 ) (1024 1408 0 ) (1024 1088 0 ) 
4 92 93 (1280 1024 0 ) (1024 1024 0 ) (1024 1408 0 ) (1280 1408 0 ) 
4 93 133 (1024 1088 -32 ) (1024 1024 -32 ) (1024 1024 -16 ) (1024 1088 -16 ) 
4 93 130 (1024 1024 -16 ) (1024 1024 0 ) (1024 1088 0 ) (1024 1088 -16 ) 
4 93 128 (1024 1408 -32 ) (1024 1088 -32 ) (1024 1088 0 ) (1024 1408 0 ) 
4 93 95 (1280 1024 -32 ) (1024 1024 -32 ) (1024 1408 -32 ) (1280 1408 -32 ) 
4 94 140 (1024 1888 -128 ) (1024 1632 -128 ) (1024 1632 -32 ) (1024 1888 -32 ) 
4 95 142 (1024 1088 -128 ) (1024 1024 -128 ) (1024 1024 -32 ) (1024 1088 -32 ) 
4 95 141 (1024 1408 -128 ) (1024 1088 -128 ) (1024 1088 -32 ) (1024 1408 -32 ) 
4 96 103 (352 1952 1040 ) (320 1952 1040 ) (320 1952 528 ) (352 1952 528 ) 
4 96 101 (1024 1952 528 ) (1024 1952 1040 ) (352 1952 1040 ) (352 1952 528 ) 
4 96 98 (320 1952 544 ) (320 1952 896 ) (320 2048 896 ) (320 2048 544 ) 
4 97 98 (208 2048 896 ) (304 2048 896 ) (304 1968 896 ) (208 1968 896 ) 
4 98 103 (320 1952 544 ) (320 1952 896 ) (192 1952 896 ) (192 1952 544 ) 
4 98 100 (192 1952 544 ) (192 1952 896 ) (192 2048 896 ) (192 2048 544 ) 
4 98 99 (208 2048 544 ) (304 2048 544 ) (304 1968 544 ) (208 1968 544 ) 
4 99 116 (208 2048 512 ) (304 2048 512 ) (304 1968 512 ) (208 1968 512 ) 
4 100 103 (192 1952 528 ) (192 1952 1040 ) (128 1952 1040 ) (128 1952 528 ) 
4 101 103 (352 1952 1040 ) (352 1952 528 ) (352 1440 528 ) (352 1440 1040 ) 
4 101 102 (1024 1440 528 ) (352 1440 528 ) (352 1952 528 ) (1024 1952 528 ) 
4 102 116 (352 1952 512 ) (384 1952 512 ) (384 1440 512 ) (352 1440 512 ) 
4 102 111 (384 1952 512 ) (640 1952 512 ) (640 1440 512 ) (384 1440 512 ) 
4 102 108 (640 1952 512 ) (1024 1952 512 ) (1024 1440 512 ) (640 1440 512 ) 
4 105 115 (1024 1376 512 ) (1024 1120 512 ) (960 1120 512 ) (960 1376 512 ) 
4 105 106 (960 1120 512 ) (960 1120 528 ) (960 1312 528 ) (960 1312 512 ) 
4 106 115 (960 1312 512 ) (960 1120 512 ) (832 1120 512 ) (832 1312 512 ) 
4 107 129 (128 1056 512 ) (128 1088 512 ) (256 1088 512 ) (256 1056 512 ) 
4 107 124 (136 1184 512 ) (232 1184 512 ) (232 1088 512 ) (136 1088 512 ) 
4 107 120 (232 1184 512 ) (256 1184 512 ) (256 1088 512 ) (232 1088 512 ) 
4 107 125 (128 1088 512 ) (128 1184 512 ) (136 1184 512 ) (136 1088 512 ) 
4 108 127 (1024 1888 0 ) (1024 1632 0 ) (640 1632 0 ) (640 1888 0 ) 
4 108 111 (640 2048 0 ) (640 1440 0 ) (640 1440 512 ) (640 2048 512 ) 
4 108 110 (640 1440 256 ) (640 1440 0 ) (896 1440 0 ) (896 1440 256 ) 
4 108 109 (640 1440 512 ) (640 1440 384 ) (1024 1440 384 ) (1024 1440 512 ) 
4 109 112 (640 1408 384 ) (640 1408 512 ) (640 1440 512 ) (640 1440 384 ) 
4 109 115 (1024 1408 384 ) (1024 1408 512 ) (640 1408 512 ) (640 1408 384 ) 
4 110 114 (640 1440 0 ) (640 1408 0 ) (640 1408 256 ) (640 1440 256 ) 
4 110 115 (640 1408 0 ) (896 1408 0 ) (896 1408 256 ) (640 1408 256 ) 
4 111 127 (384 1632 0 ) (384 1888 0 ) (640 1888 0 ) (640 1632 0 ) 
4 111 116 (384 2048 0 ) (384 1440 0 ) (384 1440 512 ) (384 2048 512 ) 
4 111 113 (384 1440 384 ) (384 1440 256 ) (640 1440 256 ) (640 1440 384 ) 
4 111 112 (384 1440 512 ) (384 1440 384 ) (640 1440 384 ) (640 1440 512 ) 
4 111 114 (384 1440 256 ) (384 1440 0 ) (640 1440 0 ) (640 1440 256 ) 
4 112 118 (384 1408 384 ) (384 1408 512 ) (384 1440 512 ) (384 1440 384 ) 
4 112 115 (384 1408 512 ) (384 1408 384 ) (640 1408 384 ) (640 1408 512 ) 
4 112 113 (384 1440 384 ) (640 1440 384 ) (640 1408 384 ) (384 1408 384 ) 
4 113 114 (384 1440 256 ) (640 1440 256 ) (640 1408 256 ) (384 1408 256 ) 
4 113 115 (384 1408 384 ) (384 1408 256 ) (640 1408 256 ) (640 1408 384 ) 
4 114 119 (384 1440 0 ) (384 1408 0 ) (384 1408 256 ) (384 1440 256 ) 
4 114 115 (384 1408 256 ) (384 1408 0 ) (640 1408 0 ) (640 1408 256 ) 
4 115 129 (1024 1088 512 ) (384 1088 512 ) (384 1088 0 ) (1024 1088 0 ) 
4 115 128 (1024 1088 0 ) (896 1088 0 ) (896 1408 0 ) (1024 1408 0 ) 
4 115 120 (384 1408 0 ) (384 1088 0 ) (384 1088 512 ) (384 1408 512 ) 
4 116 127 (384 1888 0 ) (384 1632 0 ) (130 1632 0 ) (130 1888 0 ) 
4 116 126 (192 2048 0 ) (384 2048 0 ) (384 1984 0 ) (192 1984 0 ) 
4 116 119 (256 1440 0 ) (384 1440 0 ) (384 1440 256 ) (256 1440 256 ) 
4 116 118 (384 1440 384 ) (384 1440 512 ) (130 1440 512 ) (130 1440 384 ) 
4 116 117 (130 2048 0 ) (130 1440 0 ) (130 1440 512 ) (130 2048 512 ) 
4 117 136 (128 1888 0 ) (128 1824 0 ) (128 1824 256 ) (128 1888 256 ) 
4 117 135 (128 1888 256 ) (128 1888 320 ) (128 2016 320 ) (128 2016 256 ) 
4 117 127 (128 1632 0 ) (128 1888 0 ) (130 1888 0 ) (130 1632 0 ) 
4 117 118 (130 1440 384 ) (130 1440 512 ) (128 1440 512 ) (128 1440 384 ) 
4 118 121 (232 1408 512 ) (136 1408 512 ) (136 1408 384 ) (232 1408 384 ) 
4 118 120 (384 1408 384 ) (384 1408 512 ) (232 1408 512 ) (232 1408 384 ) 
4 118 125 (136 1408 512 ) (128 1408 512 ) (128 1408 384 ) (136 1408 384 ) 
4 119 120 (256 1408 0 ) (384 1408 0 ) (384 1408 256 ) (256 1408 256 ) 
4 120 129 (384 1088 512 ) (232 1088 512 ) (232 1088 0 ) (384 1088 0 ) 
4 120 122 (232 1408 224 ) (232 1408 32 ) (232 1400 32 ) (232 1400 224 ) 
4 120 121 (232 1408 512 ) (232 1408 224 ) (232 1400 224 ) (232 1400 512 ) 
4 120 123 (232 1408 32 ) (232 1408 0 ) (232 1400 0 ) (232 1400 32 ) 
4 120 124 (232 1400 0 ) (232 1088 0 ) (232 1088 512 ) (232 1400 512 ) 
4 121 125 (136 1408 512 ) (136 1408 224 ) (136 1400 224 ) (136 1400 512 ) 
4 121 124 (136 1400 512 ) (136 1400 224 ) (232 1400 224 ) (232 1400 512 ) 
4 121 122 (232 1400 224 ) (136 1400 224 ) (136 1408 224 ) (232 1408 224 ) 
4 122 123 (232 1400 32 ) (136 1400 32 ) (136 1408 32 ) (232 1408 32 ) 
4 122 125 (136 1408 224 ) (136 1408 32 ) (136 1400 32 ) (136 1400 224 ) 
4 122 124 (136 1400 224 ) (136 1400 32 ) (232 1400 32 ) (232 1400 224 ) 
4 123 124 (136 1400 32 ) (136 1400 0 ) (232 1400 0 ) (232 1400 32 ) 
4 123 125 (136 1408 32 ) (136 1408 0 ) (136 1400 0 ) (136 1400 32 ) 
4 124 129 (232 1088 512 ) (136 1088 512 ) (136 1088 0 ) (232 1088 0 ) 
4 124 125 (136 1400 0 ) (136 1088 0 ) (136 1088 512 ) (136 1400 512 ) 
4 125 137 (128 1408 0 ) (128 1088 0 ) (128 1088 512 ) (128 1408 512 ) 
4 125 129 (136 1088 512 ) (128 1088 512 ) (128 1088 0 ) (136 1088 0 ) 
4 127 140 (1024 1888 -32 ) (1024 1632 -32 ) (128 1632 -32 ) (128 1888 -32 ) 
4 128 141 (1024 1408 -32 ) (1024 1088 -32 ) (896 1088 -32 ) (896 1408 -32 ) 
4 128 133 (896 1088 -32 ) (1024 1088 -32 ) (1024 1088 -16 ) (896 1088 -16 ) 
4 128 130 (1024 1088 -16 ) (1024 1088 0 ) (896 1088 0 ) (896 1088 -16 ) 
4 129 273 (640 1024 128 ) (512 1024 128 ) (512 1024 0 ) (640 1024 0 ) 
4 129 270 (896 1024 128 ) (832 1024 128 ) (832 1024 0 ) (896 1024 0 ) 
4 129 258 (320 1024 192 ) (128 1024 192 ) (128 1024 128 ) (320 1024 128 ) 
4 129 256 (192 1024 256 ) (128 1024 256 ) (128 1024 192 ) (192 1024 192 ) 
4 129 255 (192 1024 320 ) (128 1024 320 ) (128 1024 256 ) (192 1024 256 ) 
4 129 137 (128 1024 0 ) (128 1024 512 ) (128 1088 512 ) (128 1088 0 ) 
4 129 132 (320 1088 0 ) (448 1088 0 ) (448 1024 0 ) (320 1024 0 ) 
4 129 131 (640 1088 0 ) (832 1088 0 ) (832 1024 0 ) (640 1024 0 ) 
4 129 130 (896 1088 0 ) (1024 1088 0 ) (1024 1024 0 ) (896 1024 0 ) 
4 130 133 (1024 1024 -16 ) (896 1024 -16 ) (896 1088 -16 ) (1024 1088 -16 ) 
4 131 134 (832 1024 -16 ) (640 1024 -16 ) (640 1088 -16 ) (832 1088 -16 ) 
4 133 142 (1024 1088 -32 ) (1024 1024 -32 ) (896 1024 -32 ) (896 1088 -32 ) 
4 134 143 (832 1024 -32 ) (624 1024 -32 ) (624 1088 -32 ) (832 1088 -32 ) 
4 137 258 (128 1024 128 ) (128 1024 192 ) (64 1024 192 ) (64 1024 128 ) 
4 137 256 (128 1024 192 ) (128 1024 256 ) (64 1024 256 ) (64 1024 192 ) 
4 137 255 (128 1024 256 ) (128 1024 320 ) (64 1024 320 ) (64 1024 256 ) 
4 137 139 (32 1408 0 ) (32 1024 0 ) (32 1024 512 ) (32 1408 512 ) 
4 138 139 (0 1408 512 ) (32 1408 512 ) (32 1024 512 ) (0 1024 512 ) 
4 139 145 (0 1024 128 ) (0 1024 256 ) (0 1408 256 ) (0 1408 128 ) 
4 141 142 (896 1088 -128 ) (1024 1088 -128 ) (1024 1088 -32 ) (896 1088 -32 ) 
4 143 144 (832 1024 -128 ) (624 1024 -128 ) (624 1088 -128 ) (832 1088 -128 ) 
4 145 148 (-2 1408 256 ) (-2 1408 128 ) (-2 1024 128 ) (-2 1024 256 ) 
4 146 147 (-80 1024 384 ) (-80 1408 384 ) (-2 1408 384 ) (-2 1024 384 ) 
4 147 148 (-80 1024 256 ) (-80 1408 256 ) (-2 1408 256 ) (-2 1024 256 ) 
4 148 149 (-80 1024 128 ) (-80 1408 128 ) (-2 1408 128 ) (-2 1024 128 ) 
4 150 151 (4112 1024 -384 ) (4112 0 -384 ) (4112 0 896 ) (4112 1024 896 ) 
4 151 152 (4096 1024 896 ) (4096 1024 -384 ) (4096 0 -384 ) (4096 0 896 ) 
4 152 153 (3792 0 -384 ) (3792 0 896 ) (3792 1024 896 ) (3792 1024 -384 ) 
4 153 200 (3792 0 -896 ) (3792 0 1664 ) (3072 0 1664 ) (3072 0 -896 ) 
4 153 199 (3072 320 -896 ) (3072 0 -896 ) (3072 0 128 ) (3072 320 128 ) 
4 153 196 (3072 0 128 ) (3072 0 256 ) (3072 96 256 ) (3072 96 128 ) 
4 153 195 (3072 96 256 ) (3072 320 256 ) (3072 320 128 ) (3072 96 128 ) 
4 153 194 (3072 0 256 ) (3072 0 384 ) (3072 320 384 ) (3072 320 256 ) 
4 153 192 (3072 0 384 ) (3072 0 512 ) (3072 320 512 ) (3072 320 384 ) 
4 153 191 (3072 0 512 ) (3072 0 1664 ) (3072 320 1664 ) (3072 320 512 ) 
4 153 187 (3072 320 -16 ) (3072 320 0 ) (3072 512 0 ) (3072 512 -16 ) 
4 153 183 (3072 512 0 ) (3072 704 0 ) (3072 704 -16 ) (3072 512 -16 ) 
4 153 181 (3072 704 0 ) (3072 960 0 ) (3072 960 -16 ) (3072 704 -16 ) 
4 153 190 (3072 960 -896 ) (3072 320 -896 ) (3072 320 -16 ) (3072 960 -16 ) 
4 153 167 (3072 320 0 ) (3072 320 640 ) (3072 960 640 ) (3072 960 0 ) 
4 153 163 (3072 1024 128 ) (3072 1024 -896 ) (3072 960 -896 ) (3072 960 128 ) 
4 153 161 (3072 1024 256 ) (3072 1024 128 ) (3072 960 128 ) (3072 960 256 ) 
4 153 160 (3072 1024 640 ) (3072 1024 256 ) (3072 960 256 ) (3072 960 640 ) 
4 153 159 (3072 960 640 ) (3072 688 640 ) (3072 664 880 ) (3072 960 880 ) 
4 153 158 (3072 592 640 ) (3072 320 640 ) (3072 320 880 ) (3072 616 880 ) 
4 153 156 (3072 688 640 ) (3072 592 640 ) (3072 616 880 ) (3072 664 880 ) 
4 153 155 (3072 320 880 ) (3072 320 1664 ) (3072 960 1664 ) (3072 960 880 ) 
4 153 154 (3072 1024 1664 ) (3072 1024 640 ) (3072 960 640 ) (3072 960 1664 ) 
4 154 160 (2640 1024 640 ) (3072 1024 640 ) (3072 960 640 ) (2640 960 640 ) 
4 154 159 (2640 960 640 ) (3072 960 640 ) (3072 960 880 ) (2640 960 880 ) 
4 154 155 (3072 960 880 ) (3072 960 1664 ) (2640 960 1664 ) (2640 960 880 ) 
4 155 191 (3072 320 880 ) (3072 320 1664 ) (2640 320 1664 ) (2640 320 880 ) 
4 155 159 (2640 664 880 ) (2640 960 880 ) (3072 960 880 ) (3072 664 880 ) 
4 155 158 (3072 320 880 ) (2640 320 880 ) (2640 616 880 ) (3072 616 880 ) 
4 155 156 (2640 616 880 ) (2640 664 880 ) (3072 664 880 ) (3072 616 880 ) 
4 156 167 (2640 688 640 ) (3072 688 640 ) (3072 592 640 ) (2640 592 640 ) 
4 156 159 (3072 688 640 ) (2640 688 640 ) (2640 664 880 ) (3072 664 880 ) 
4 156 158 (2640 592 640 ) (3072 592 640 ) (3072 616 880 ) (2640 616 880 ) 
4 157 180 (2512 688 640 ) (2608 688 640 ) (2608 592 640 ) (2512 592 640 ) 
4 158 191 (3072 320 640 ) (3072 320 880 ) (2640 320 880 ) (2640 320 640 ) 
4 158 167 (3072 320 640 ) (2640 320 640 ) (2640 592 640 ) (3072 592 640 ) 
4 159 167 (2640 960 640 ) (3072 960 640 ) (3072 688 640 ) (2640 688 640 ) 
4 160 167 (3072 960 256 ) (3072 960 640 ) (2640 960 640 ) (2640 960 256 ) 
4 160 161 (3072 960 256 ) (2640 960 256 ) (2640 1024 256 ) (3072 1024 256 ) 
4 161 167 (3072 960 128 ) (3072 960 256 ) (2640 960 256 ) (2640 960 128 ) 
4 161 164 (2704 960 128 ) (2640 960 128 ) (2640 1024 128 ) (2704 1024 128 ) 
4 161 163 (3072 960 128 ) (2704 960 128 ) (2704 1024 128 ) (3072 1024 128 ) 
4 162 180 (2240 960 256 ) (2176 960 256 ) (2176 960 128 ) (2240 960 128 ) 
4 163 182 (2768 960 0 ) (2704 960 0 ) (2704 960 -16 ) (2768 960 -16 ) 
4 163 181 (3072 960 -16 ) (3072 960 0 ) (2768 960 0 ) (2768 960 -16 ) 
4 163 190 (3072 960 -896 ) (3072 960 -16 ) (2704 960 -16 ) (2704 960 -896 ) 
4 163 167 (3072 960 0 ) (3072 960 128 ) (2704 960 128 ) (2704 960 0 ) 
4 163 165 (2704 960 -16 ) (2704 960 0 ) (2704 1024 0 ) (2704 1024 -16 ) 
4 163 164 (2704 960 0 ) (2704 960 128 ) (2704 1024 128 ) (2704 1024 0 ) 
4 163 166 (2704 1024 -896 ) (2704 960 -896 ) (2704 960 -16 ) (2704 1024 -16 ) 
4 164 167 (2704 960 128 ) (2640 960 128 ) (2640 960 0 ) (2704 960 0 ) 
4 164 165 (2640 960 0 ) (2640 1024 0 ) (2704 1024 0 ) (2704 960 0 ) 
4 165 182 (2640 960 0 ) (2640 960 -16 ) (2704 960 -16 ) (2704 960 0 ) 
4 165 166 (2640 960 -16 ) (2640 1024 -16 ) (2704 1024 -16 ) (2704 960 -16 ) 
4 166 190 (2640 960 -16 ) (2640 960 -896 ) (2704 960 -896 ) (2704 960 -16 ) 
4 167 199 (3072 320 0 ) (3072 320 128 ) (2640 320 128 ) (2640 320 0 ) 
4 167 195 (3072 320 128 ) (3072 320 256 ) (2640 320 256 ) (2640 320 128 ) 
4 167 194 (3072 320 256 ) (3072 320 384 ) (2640 320 384 ) (2640 320 256 ) 
4 167 192 (3072 320 384 ) (3072 320 512 ) (2640 320 512 ) (2640 320 384 ) 
4 167 191 (3072 320 512 ) (3072 320 640 ) (2640 320 640 ) (2640 320 512 ) 
4 167 189 (2768 320 0 ) (2640 320 0 ) (2640 448 0 ) (2768 448 0 ) 
4 167 188 (2640 448 0 ) (2640 512 0 ) (2768 512 0 ) (2768 448 0 ) 
4 167 187 (3072 320 0 ) (2768 320 0 ) (2768 512 0 ) (3072 512 0 ) 
4 167 186 (2640 512 0 ) (2640 576 0 ) (2704 576 0 ) (2704 512 0 ) 
4 167 185 (2640 576 0 ) (2640 640 0 ) (2704 640 0 ) (2704 576 0 ) 
4 167 184 (2640 640 0 ) (2640 704 0 ) (2704 704 0 ) (2704 640 0 ) 
4 167 183 (2704 704 0 ) (3072 704 0 ) (3072 512 0 ) (2704 512 0 ) 
4 167 182 (2640 704 0 ) (2640 960 0 ) (2768 960 0 ) (2768 704 0 ) 
4 167 181 (2768 960 0 ) (3072 960 0 ) (3072 704 0 ) (2768 704 0 ) 
4 167 178 (2640 512 0 ) (2640 448 0 ) (2640 448 64 ) (2640 512 64 ) 
4 167 177 (2640 448 64 ) (2640 448 128 ) (2640 512 128 ) (2640 512 64 ) 
4 167 179 (2640 448 0 ) (2640 320 0 ) (2640 320 128 ) (2640 448 128 ) 
4 167 176 (2640 320 128 ) (2640 320 256 ) (2640 512 256 ) (2640 512 128 ) 
4 167 175 (2640 320 256 ) (2640 320 480 ) (2640 512 480 ) (2640 512 256 ) 
4 167 174 (2640 832 0 ) (2640 512 0 ) (2640 512 480 ) (2640 832 480 ) 
4 167 173 (2640 320 480 ) (2640 320 640 ) (2640 416 640 ) (2640 416 480 ) 
4 167 172 (2640 416 640 ) (2640 832 640 ) (2640 832 480 ) (2640 416 480 ) 
4 167 170 (2640 960 256 ) (2640 960 128 ) (2640 832 128 ) (2640 832 256 ) 
4 167 169 (2640 960 384 ) (2640 960 256 ) (2640 832 256 ) (2640 832 384 ) 
4 167 171 (2640 960 128 ) (2640 960 0 ) (2640 832 0 ) (2640 832 128 ) 
4 167 168 (2640 960 640 ) (2640 960 384 ) (2640 832 384 ) (2640 832 640 ) 
4 168 174 (2624 832 480 ) (2624 832 384 ) (2640 832 384 ) (2640 832 480 ) 
4 168 172 (2624 832 640 ) (2624 832 480 ) (2640 832 480 ) (2640 832 640 ) 
4 168 169 (2640 832 384 ) (2624 832 384 ) (2624 960 384 ) (2640 960 384 ) 
4 168 180 (2624 960 640 ) (2624 960 384 ) (2624 832 384 ) (2624 832 640 ) 
4 169 174 (2624 832 384 ) (2624 832 256 ) (2640 832 256 ) (2640 832 384 ) 
4 169 180 (2624 960 384 ) (2624 960 256 ) (2624 832 256 ) (2624 832 384 ) 
4 169 170 (2640 832 256 ) (2624 832 256 ) (2624 960 256 ) (2640 960 256 ) 
4 170 174 (2624 832 256 ) (2624 832 128 ) (2640 832 128 ) (2640 832 256 ) 
4 170 171 (2640 832 128 ) (2624 832 128 ) (2624 960 128 ) (2640 960 128 ) 
4 170 180 (2624 960 256 ) (2624 960 128 ) (2624 832 128 ) (2624 832 256 ) 
4 171 174 (2624 832 128 ) (2624 832 0 ) (2640 832 0 ) (2640 832 128 ) 
4 171 180 (2624 960 128 ) (2624 960 0 ) (2624 832 0 ) (2624 832 128 ) 
4 172 175 (2624 416 480 ) (2624 512 480 ) (2640 512 480 ) (2640 416 480 ) 
4 172 174 (2624 512 480 ) (2624 832 480 ) (2640 832 480 ) (2640 512 480 ) 
4 172 180 (2624 416 640 ) (2624 832 640 ) (2624 832 480 ) (2624 416 480 ) 
4 172 173 (2624 416 640 ) (2624 416 480 ) (2640 416 480 ) (2640 416 640 ) 
4 173 175 (2624 320 480 ) (2624 416 480 ) (2640 416 480 ) (2640 320 480 ) 
4 173 180 (2624 320 480 ) (2624 320 640 ) (2624 416 640 ) (2624 416 480 ) 
4 174 178 (2640 512 0 ) (2640 512 64 ) (2624 512 64 ) (2624 512 0 ) 
4 174 177 (2640 512 64 ) (2640 512 128 ) (2624 512 128 ) (2624 512 64 ) 
4 174 176 (2640 512 128 ) (2640 512 256 ) (2624 512 256 ) (2624 512 128 ) 
4 174 175 (2640 512 256 ) (2640 512 480 ) (2624 512 480 ) (2624 512 256 ) 
4 174 180 (2624 832 0 ) (2624 512 0 ) (2624 512 480 ) (2624 832 480 ) 
4 175 180 (2624 320 256 ) (2624 320 480 ) (2624 512 480 ) (2624 512 256 ) 
4 175 176 (2624 320 256 ) (2624 512 256 ) (2640 512 256 ) (2640 320 256 ) 
4 176 177 (2624 448 128 ) (2624 512 128 ) (2640 512 128 ) (2640 448 128 ) 
4 176 179 (2624 320 128 ) (2624 448 128 ) (2640 448 128 ) (2640 320 128 ) 
4 176 180 (2624 320 128 ) (2624 320 256 ) (2624 512 256 ) (2624 512 128 ) 
4 177 179 (2640 448 64 ) (2640 448 128 ) (2624 448 128 ) (2624 448 64 ) 
4 177 180 (2624 448 64 ) (2624 448 128 ) (2624 512 128 ) (2624 512 64 ) 
4 177 178 (2640 448 64 ) (2624 448 64 ) (2624 512 64 ) (2640 512 64 ) 
4 178 179 (2640 448 0 ) (2640 448 64 ) (2624 448 64 ) (2624 448 0 ) 
4 178 180 (2624 512 0 ) (2624 448 0 ) (2624 448 64 ) (2624 512 64 ) 
4 179 180 (2624 448 0 ) (2624 320 0 ) (2624 320 128 ) (2624 448 128 ) 
4 180 210 (2048 320 0 ) (2048 320 640 ) (2048 960 640 ) (2048 960 0 ) 
4 180 197 (2176 320 128 ) (2240 320 128 ) (2240 320 256 ) (2176 320 256 ) 
4 180 193 (2368 320 384 ) (2496 320 384 ) (2496 320 512 ) (2368 320 512 ) 
4 181 183 (2768 704 -16 ) (3072 704 -16 ) (3072 704 0 ) (2768 704 0 ) 
4 181 190 (2768 960 -16 ) (3072 960 -16 ) (3072 704 -16 ) (2768 704 -16 ) 
4 181 182 (2768 960 -16 ) (2768 704 -16 ) (2768 704 0 ) (2768 960 0 ) 
4 182 184 (2640 704 0 ) (2640 704 -16 ) (2704 704 -16 ) (2704 704 0 ) 
4 182 183 (2704 704 -16 ) (2768 704 -16 ) (2768 704 0 ) (2704 704 0 ) 
4 182 190 (2640 704 -16 ) (2640 960 -16 ) (2768 960 -16 ) (2768 704 -16 ) 
4 183 188 (2704 512 -16 ) (2768 512 -16 ) (2768 512 0 ) (2704 512 0 ) 
4 183 187 (2768 512 -16 ) (3072 512 -16 ) (3072 512 0 ) (2768 512 0 ) 
4 183 186 (2704 576 -16 ) (2704 512 -16 ) (2704 512 0 ) (2704 576 0 ) 
4 183 185 (2704 640 -16 ) (2704 576 -16 ) (2704 576 0 ) (2704 640 0 ) 
4 183 184 (2704 704 0 ) (2704 704 -16 ) (2704 640 -16 ) (2704 640 0 ) 
4 183 190 (2704 704 -16 ) (3072 704 -16 ) (3072 512 -16 ) (2704 512 -16 ) 
4 184 185 (2640 640 0 ) (2640 640 -16 ) (2704 640 -16 ) (2704 640 0 ) 
4 184 190 (2640 640 -16 ) (2640 704 -16 ) (2704 704 -16 ) (2704 640 -16 ) 
4 185 190 (2640 576 -16 ) (2640 640 -16 ) (2704 640 -16 ) (2704 576 -16 ) 
4 185 186 (2640 576 0 ) (2640 576 -16 ) (2704 576 -16 ) (2704 576 0 ) 
4 186 188 (2640 512 0 ) (2640 512 -16 ) (2704 512 -16 ) (2704 512 0 ) 
4 186 190 (2640 512 -16 ) (2640 576 -16 ) (2704 576 -16 ) (2704 512 -16 ) 
4 187 199 (3072 320 -16 ) (3072 320 0 ) (2768 320 0 ) (2768 320 -16 ) 
4 187 189 (2768 448 -16 ) (2768 320 -16 ) (2768 320 0 ) (2768 448 0 ) 
4 187 188 (2768 512 0 ) (2768 512 -16 ) (2768 448 -16 ) (2768 448 0 ) 
4 187 190 (3072 320 -16 ) (2768 320 -16 ) (2768 512 -16 ) (3072 512 -16 ) 
4 188 190 (2640 448 -16 ) (2640 512 -16 ) (2768 512 -16 ) (2768 448 -16 ) 
4 188 189 (2640 448 0 ) (2640 448 -16 ) (2768 448 -16 ) (2768 448 0 ) 
4 189 199 (2768 320 0 ) (2640 320 0 ) (2640 320 -16 ) (2768 320 -16 ) 
4 189 190 (2768 320 -16 ) (2640 320 -16 ) (2640 448 -16 ) (2768 448 -16 ) 
4 190 199 (3072 320 -896 ) (3072 320 -16 ) (2640 320 -16 ) (2640 320 -896 ) 
4 191 201 (3072 0 512 ) (3072 0 1664 ) (2640 0 1664 ) (2640 0 512 ) 
4 191 192 (3072 0 512 ) (2640 0 512 ) (2640 320 512 ) (3072 320 512 ) 
4 192 201 (3072 0 384 ) (3072 0 512 ) (2640 0 512 ) (2640 0 384 ) 
4 192 194 (2640 320 384 ) (3072 320 384 ) (3072 0 384 ) (2640 0 384 ) 
4 194 201 (3072 0 256 ) (3072 0 384 ) (2640 0 384 ) (2640 0 256 ) 
4 194 196 (3072 0 256 ) (2640 0 256 ) (2640 96 256 ) (3072 96 256 ) 
4 194 195 (2640 96 256 ) (2640 320 256 ) (3072 320 256 ) (3072 96 256 ) 
4 195 199 (2640 320 128 ) (3072 320 128 ) (3072 96 128 ) (2640 96 128 ) 
4 195 196 (2640 96 128 ) (3072 96 128 ) (3072 96 256 ) (2640 96 256 ) 
4 196 201 (3072 0 128 ) (3072 0 256 ) (2640 0 256 ) (2640 0 128 ) 
4 196 199 (3072 96 128 ) (3072 0 128 ) (2640 0 128 ) (2640 96 128 ) 
4 197 198 (2176 240 128 ) (2176 96 128 ) (2176 96 256 ) (2176 240 256 ) 
4 198 229 (2048 96 256 ) (2048 240 256 ) (2048 240 128 ) (2048 96 128 ) 
4 199 201 (3072 0 -896 ) (3072 0 128 ) (2640 0 128 ) (2640 0 -896 ) 
4 200 201 (3072 0 1664 ) (3072 0 -896 ) (3072 -192 -896 ) (3072 -192 1664 ) 
4 203 204 (1696 992 128 ) (1568 992 128 ) (1568 1024 128 ) (1696 1024 128 ) 
4 204 207 (1696 992 128 ) (1568 992 128 ) (1568 992 0 ) (1696 992 0 ) 
4 206 211 (1824 960 384 ) (1824 960 512 ) (1696 960 512 ) (1696 960 384 ) 
4 207 208 (1568 977 128 ) (1568 977 0 ) (1696 977 0 ) (1696 977 128 ) 
4 208 209 (1568 975 128 ) (1568 975 0 ) (1696 975 0 ) (1696 975 128 ) 
4 209 215 (1696 960 128 ) (1568 960 128 ) (1568 960 0 ) (1696 960 0 ) 
4 210 218 (1952 320 0 ) (1824 320 0 ) (1824 448 0 ) (1952 448 0 ) 
4 210 217 (1984 320 0 ) (1952 320 0 ) (1952 448 0 ) (1984 448 0 ) 
4 210 216 (1952 960 0 ) (1984 960 0 ) (1984 448 0 ) (1952 448 0 ) 
4 210 214 (1824 640 0 ) (1824 320 0 ) (1824 320 640 ) (1824 640 640 ) 
4 210 213 (1824 896 0 ) (1824 640 0 ) (1824 640 640 ) (1824 896 640 ) 
4 210 211 (1824 960 640 ) (1824 960 0 ) (1824 896 0 ) (1824 896 640 ) 
4 211 215 (1696 960 640 ) (1696 960 0 ) (1696 896 0 ) (1696 896 640 ) 
4 211 213 (1696 896 640 ) (1696 896 0 ) (1824 896 0 ) (1824 896 640 ) 
4 212 213 (1824 640 640 ) (1696 640 640 ) (1696 896 640 ) (1824 896 640 ) 
4 213 215 (1696 896 0 ) (1696 640 0 ) (1696 640 640 ) (1696 896 640 ) 
4 213 214 (1696 640 640 ) (1696 640 0 ) (1824 640 0 ) (1824 640 640 ) 
4 214 218 (1824 320 0 ) (1760 320 0 ) (1760 448 0 ) (1824 448 0 ) 
4 214 215 (1696 640 0 ) (1696 320 0 ) (1696 320 640 ) (1696 640 640 ) 
4 215 236 (1568 320 0 ) (1696 320 0 ) (1696 320 128 ) (1568 320 128 ) 
4 215 233 (1376 320 128 ) (1504 320 128 ) (1504 320 256 ) (1376 320 256 ) 
4 215 219 (1312 448 384 ) (1312 384 384 ) (1312 384 512 ) (1312 448 512 ) 
4 216 217 (1984 448 0 ) (1952 448 0 ) (1952 448 -16 ) (1984 448 -16 ) 
4 217 218 (1952 448 0 ) (1952 448 -16 ) (1952 320 -16 ) (1952 320 0 ) 
4 220 266 (1024 896 64 ) (1024 896 128 ) (1024 960 128 ) (1024 960 64 ) 
4 220 259 (1024 896 128 ) (1024 896 320 ) (1024 960 320 ) (1024 960 128 ) 
4 220 221 (1280 896 64 ) (1024 896 64 ) (1024 960 64 ) (1280 960 64 ) 
4 221 267 (1024 896 0 ) (1024 896 64 ) (1024 960 64 ) (1024 960 0 ) 
4 221 223 (1152 896 0 ) (1216 896 0 ) (1216 896 64 ) (1152 896 64 ) 
4 222 226 (1280 800 0 ) (1280 800 320 ) (1216 800 320 ) (1216 800 0 ) 
4 222 224 (1216 832 0 ) (1216 800 0 ) (1216 800 320 ) (1216 832 320 ) 
4 223 224 (1152 832 64 ) (1152 832 0 ) (1216 832 0 ) (1216 832 64 ) 
4 224 226 (1216 800 320 ) (1152 800 320 ) (1152 800 0 ) (1216 800 0 ) 
4 224 225 (1152 800 0 ) (1152 800 320 ) (1152 832 320 ) (1152 832 0 ) 
4 225 226 (1152 800 320 ) (1024 800 320 ) (1024 800 0 ) (1152 800 0 ) 
4 227 269 (1024 640 -1216 ) (1024 640 -1024 ) (1024 800 -1024 ) (1024 800 -1216 ) 
4 227 228 (1152 640 -1024 ) (1024 640 -1024 ) (1024 640 -1216 ) (1152 640 -1216 ) 
4 228 269 (1024 320 -1216 ) (1024 320 -1024 ) (1024 640 -1024 ) (1024 640 -1216 ) 
4 228 242 (1024 320 -1024 ) (1024 320 -1216 ) (1152 320 -1216 ) (1152 320 -1024 ) 
4 230 231 (1696 224 192 ) (1696 160 192 ) (1568 160 192 ) (1568 224 192 ) 
4 231 232 (1728 160 190 ) (1536 160 190 ) (1536 224 190 ) (1728 224 190 ) 
4 232 240 (1536 160 128 ) (1536 224 128 ) (1568 224 128 ) (1568 160 128 ) 
4 232 238 (1568 224 128 ) (1696 224 128 ) (1696 160 128 ) (1568 160 128 ) 
4 232 235 (1696 224 128 ) (1728 224 128 ) (1728 160 128 ) (1696 160 128 ) 
4 234 238 (1696 248 0 ) (1696 232 0 ) (1696 232 128 ) (1696 248 128 ) 
4 235 238 (1696 224 0 ) (1696 160 0 ) (1696 160 128 ) (1696 224 128 ) 
4 236 237 (1568 305 128 ) (1568 305 0 ) (1696 305 0 ) (1696 305 128 ) 
4 237 238 (1568 303 128 ) (1568 303 0 ) (1696 303 0 ) (1696 303 128 ) 
4 238 243 (1696 32 128 ) (1568 32 128 ) (1568 32 0 ) (1696 32 0 ) 
4 238 241 (1696 32 0 ) (1568 32 0 ) (1568 160 0 ) (1696 160 0 ) 
4 238 240 (1568 224 0 ) (1568 160 0 ) (1568 160 128 ) (1568 224 128 ) 
4 238 239 (1568 248 0 ) (1568 232 0 ) (1568 232 128 ) (1568 248 128 ) 
4 241 243 (1696 32 0 ) (1568 32 0 ) (1568 32 -128 ) (1696 32 -128 ) 
4 242 269 (1024 32 -1216 ) (1024 32 -1024 ) (1024 320 -1024 ) (1024 320 -1216 ) 
4 243 280 (1696 0 128 ) (1568 0 128 ) (1568 0 -128 ) (1696 0 -128 ) 
4 244 248 (579.193970 395.505005 832 ) (579.193970 331.505005 832 ) (579.193970 331.505005 1047.479980 ) (579.193970 395.505005 1047.479980 ) 
4 244 247 (579.193970 459.505005 832 ) (579.193970 395.505005 832 ) (579.193970 395.505005 1047.479980 ) (579.193970 459.505005 1047.479980 ) 
4 244 246 (579.193970 523.505005 832 ) (579.193970 459.505005 832 ) (579.193970 459.505005 1047.479980 ) (579.193970 523.505005 1047.479980 ) 
4 244 245 (579.193970 331.505005 1047.479980 ) (579.193970 331.505005 832 ) (643.193970 331.505005 832 ) (643.193970 331.505005 1047.479980 ) 
4 245 251 (579.193970 203.505005 832 ) (579.193970 139.505005 832 ) (579.193970 139.505005 1047.750000 ) (579.193970 203.505005 1047.750000 ) 
4 245 250 (579.193970 267.505005 832 ) (579.193970 203.505005 832 ) (579.193970 203.505005 1047.750000 ) (579.193970 267.505005 1047.750000 ) 
4 245 249 (579.193970 331.505005 832 ) (579.193970 267.505005 832 ) (579.193970 267.505005 1047.750000 ) (579.193970 331.505005 1047.750000 ) 
4 246 252 (515.193970 523.505005 832 ) (515.193970 459.505005 832 ) (515.193970 459.505005 1047.479980 ) (515.193970 523.505005 1047.479980 ) 
4 246 247 (515.193970 459.505005 1047.479980 ) (515.193970 459.505005 832 ) (579.193970 459.505005 832 ) (579.193970 459.505005 1047.479980 ) 
4 247 252 (515.193970 459.505005 832 ) (515.193970 395.505005 832 ) (515.193970 395.505005 1047.479980 ) (515.193970 459.505005 1047.479980 ) 
4 247 248 (515.193970 395.505005 1047.479980 ) (515.193970 395.505005 832 ) (579.193970 395.505005 832 ) (579.193970 395.505005 1047.479980 ) 
4 248 252 (515.193970 395.505005 832 ) (515.193970 331.505005 832 ) (515.193970 331.505005 1047.479980 ) (515.193970 395.505005 1047.479980 ) 
4 248 249 (515.193970 331.505005 1047.479980 ) (515.193970 331.505005 832 ) (579.193970 331.505005 832 ) (579.193970 331.505005 1047.479980 ) 
4 249 253 (515.193970 331.505005 832 ) (515.193970 267.505005 832 ) (515.193970 267.505005 1047.750000 ) (515.193970 331.505005 1047.750000 ) 
4 249 250 (515.193970 267.505005 1047.750000 ) (515.193970 267.505005 832 ) (579.193970 267.505005 832 ) (579.193970 267.505005 1047.750000 ) 
4 250 253 (515.193970 267.505005 832 ) (515.193970 203.505005 832 ) (515.193970 203.505005 1047.750000 ) (515.193970 267.505005 1047.750000 ) 
4 250 251 (515.193970 203.505005 1047.750000 ) (515.193970 203.505005 832 ) (579.193970 203.505005 832 ) (579.193970 203.505005 1047.750000 ) 
4 251 253 (515.193970 203.505005 832 ) (515.193970 139.505005 832 ) (515.193970 139.505005 1047.750000 ) (515.193970 203.505005 1047.750000 ) 
4 252 253 (452.707001 331.505005 1047.479980 ) (452.707001 331.505005 832 ) (515.193970 331.505005 832 ) (515.193970 331.505005 1047.479980 ) 
4 254 265 (320 96 320 ) (320 672 320 ) (832 672 320 ) (832 96 320 ) 
4 255 256 (192 1008 256 ) (64 1008 256 ) (64 1024 256 ) (192 1024 256 ) 
4 256 258 (64 1024 192 ) (192 1024 192 ) (192 1008 192 ) (64 1008 192 ) 
4 257 270 (896 1008 128 ) (896 960 128 ) (832 960 128 ) (832 1008 128 ) 
4 257 262 (832 960 128 ) (896 960 128 ) (896 960 192 ) (832 960 192 ) 
4 259 266 (1024 960 128 ) (1024 896 128 ) (960 896 128 ) (960 960 128 ) 
4 259 261 (960 960 133.817993 ) (960 960 128 ) (960 896 128 ) (960 896 133.817993 ) 
4 259 260 (960 960 320 ) (960 960 133.817993 ) (960 896 133.817993 ) (960 896 320 ) 
4 260 262 (896 960 320 ) (896 960 133.817993 ) (896 896 133.817993 ) (896 896 320 ) 
4 260 261 (896 896 133.817993 ) (896 960 133.817993 ) (960 960 133.817993 ) (960 896 133.817993 ) 
4 261 268 (960 896 128 ) (896 896 128 ) (896 960 128 ) (960 960 128 ) 
4 261 262 (896 960 133.817993 ) (896 960 128 ) (896 896 128 ) (896 896 133.817993 ) 
4 262 271 (896 896 128 ) (832 896 128 ) (832 960 128 ) (896 960 128 ) 
4 263 264 (640 928 192 ) (640 864 192 ) (512 864 192 ) (512 928 192 ) 
4 264 276 (480 864 128 ) (480 928 128 ) (512 928 128 ) (512 864 128 ) 
4 264 275 (512 928 128 ) (640 928 128 ) (640 864 128 ) (512 864 128 ) 
4 264 272 (640 928 128 ) (672 928 128 ) (672 864 128 ) (640 864 128 ) 
4 265 278 (320 96 128 ) (320 672 128 ) (832 672 128 ) (832 96 128 ) 
4 266 268 (960 960 128 ) (960 960 64 ) (960 896 64 ) (960 896 128 ) 
4 266 267 (1024 896 64 ) (960 896 64 ) (960 960 64 ) (1024 960 64 ) 
4 267 268 (960 960 64 ) (960 960 0 ) (960 896 0 ) (960 896 64 ) 
4 268 271 (896 896 128 ) (896 960 128 ) (896 960 0 ) (896 896 0 ) 
4 269 279 (896 800 -1216 ) (896 32 -1216 ) (896 32 -1024 ) (896 800 -1024 ) 
4 270 271 (832 960 128 ) (832 960 0 ) (896 960 0 ) (896 960 128 ) 
4 272 275 (640 928 0 ) (640 864 0 ) (640 864 128 ) (640 928 128 ) 
4 273 274 (512 1010 128 ) (512 1010 0 ) (640 1010 0 ) (640 1010 128 ) 
4 274 275 (512 1006 128 ) (512 1006 0 ) (640 1006 0 ) (640 1006 128 ) 
4 275 277 (640 864 128 ) (512 864 128 ) (512 864 0 ) (640 864 0 ) 
4 275 276 (512 928 0 ) (512 864 0 ) (512 864 128 ) (512 928 128 ) 
4 277 278 (640 672 128 ) (512 672 128 ) (512 672 -128 ) (640 672 -128 ) 
4 278 279 (320 672 -896 ) (832 672 -896 ) (832 96 -896 ) (320 96 -896 ) 
4 279 291 (0 32 -896 ) (0 800 -896 ) (0 800 -1408 ) (0 32 -1408 ) 
4 280 281 (1696 -32 128 ) (1568 -32 128 ) (1568 -32 -128 ) (1696 -32 -128 ) 
4 281 289 (1376 -208 768 ) (1376 -208 -896 ) (1488 -208 -896 ) (1488 -208 768 ) 
4 281 288 (1488 -208 -896 ) (1504 -208 -896 ) (1504 -208 288 ) (1488 -208 288 ) 
4 281 284 (1504 -208 -896 ) (1760 -208 -896 ) (1760 -208 288 ) (1504 -208 288 ) 
4 281 283 (1760 -208 -896 ) (1776 -208 -896 ) (1776 -208 288 ) (1760 -208 288 ) 
4 281 282 (1776 -208 -896 ) (1888 -208 -896 ) (1888 -208 768 ) (1776 -208 768 ) 
4 282 290 (1888 -496 768 ) (1776 -496 768 ) (1776 -496 -896 ) (1888 -496 -896 ) 
4 282 287 (1776 -480 -896 ) (1776 -496 -896 ) (1776 -496 288 ) (1776 -480 288 ) 
4 282 283 (1776 -208 288 ) (1776 -208 -896 ) (1776 -480 -896 ) (1776 -480 288 ) 
4 283 287 (1760 -480 -896 ) (1776 -480 -896 ) (1776 -480 288 ) (1760 -480 288 ) 
4 283 285 (1760 -224 -896 ) (1760 -480 -896 ) (1760 -480 288 ) (1760 -224 288 ) 
4 283 284 (1760 -208 288 ) (1760 -208 -896 ) (1760 -224 -896 ) (1760 -224 288 ) 
4 284 288 (1504 -208 288 ) (1504 -208 -896 ) (1504 -224 -896 ) (1504 -224 288 ) 
4 284 285 (1504 -224 288 ) (1504 -224 -896 ) (1760 -224 -896 ) (1760 -224 288 ) 
4 285 288 (1504 -224 -896 ) (1504 -480 -896 ) (1504 -480 288 ) (1504 -224 288 ) 
4 285 287 (1504 -480 288 ) (1504 -480 -896 ) (1760 -480 -896 ) (1760 -480 288 ) 
4 285 286 (1760 -480 -896 ) (1504 -480 -896 ) (1504 -224 -896 ) (1760 -224 -896 ) 
4 287 290 (1776 -496 -896 ) (1776 -496 288 ) (1504 -496 288 ) (1504 -496 -896 ) 
4 287 288 (1504 -496 -896 ) (1504 -496 288 ) (1504 -480 288 ) (1504 -480 -896 ) 
4 288 290 (1504 -496 -896 ) (1504 -496 288 ) (1488 -496 288 ) (1488 -496 -896 ) 
4 288 289 (1488 -208 288 ) (1488 -208 -896 ) (1488 -496 -896 ) (1488 -496 288 ) 
4 289 290 (1376 -496 -896 ) (1488 -496 -896 ) (1488 -496 768 ) (1376 -496 768 ) 
4 291 293 (-320 480 -1408 ) (-64 480 -1408 ) (-64 224 -1408 ) (-320 224 -1408 ) 
4 291 292 (-384 672 -1408 ) (-384 288 -1408 ) (-384 288 -896 ) (-384 672 -896 ) 
